[2020/07/03-22:59:43.971] [FT-TrainWorkThread-QO2Ns6Qa-2525] [INFO] [dku.analysis.prediction]  - ******************************************
[2020/07/03-22:59:43.973] [FT-TrainWorkThread-QO2Ns6Qa-2525] [INFO] [dku.analysis.prediction]  - ** Start train session s2
[2020/07/03-22:59:43.975] [FT-TrainWorkThread-QO2Ns6Qa-2525] [INFO] [dku.analysis.prediction]  - ******************************************
[2020/07/03-22:59:43.979] [FT-TrainWorkThread-QO2Ns6Qa-2525] [INFO] [dku.analysis.splits] T-EQJDPcrx - [ct: 8] Search for split: p=type=SPLIT_SINGLE_DATASET,split=RANDOM,splitBeforePrepare=true,ds=train,sel=(method=full),r=0.8,s=1337 i=c6bff6805f4e0bfc8fcf77346b64c4f7-0
[2020/07/03-22:59:43.986] [FT-TrainWorkThread-QO2Ns6Qa-2525] [INFO] [dku.shaker.data] T-EQJDPcrx - [ct: 15] Need to compute sampleId before checking memory cache
[2020/07/03-22:59:43.987] [FT-TrainWorkThread-QO2Ns6Qa-2525] [DEBUG] [dip.shaker.runner] T-EQJDPcrx - [ct: 16] Script settings sampleMax=104857600 processedMax=-1
[2020/07/03-22:59:43.989] [FT-TrainWorkThread-QO2Ns6Qa-2525] [DEBUG] [dip.shaker.runner] T-EQJDPcrx - [ct: 18] Processing with sampleMax=104857600 processedMax=524288000
[2020/07/03-22:59:44.002] [FT-TrainWorkThread-QO2Ns6Qa-2525] [DEBUG] [dip.shaker.runner] T-EQJDPcrx - [ct: 31] Computed required sample id : a261afd7df3674586ea706e556c7b6e3-NA-31c57f559ab672625afa057353f0de860--d751713988987e9331980363e24189ce
[2020/07/03-22:59:44.004] [FT-TrainWorkThread-QO2Ns6Qa-2525] [DEBUG] [dku.shaker.cache] T-EQJDPcrx - Shaker MemoryCache get on LOADPREDICTION.train key=ds=e05739dacb62ed6e186a715d689868cc--scr=e5123bfc4532d5c06c30fd1798a50b03--samp=a261afd7df3674586ea706e556c7b6e3-NA-31c57f559ab672625afa057353f0de860--d751713988987e9331980363e24189ce: hit
[2020/07/03-22:59:44.006] [FT-TrainWorkThread-QO2Ns6Qa-2525] [INFO] [dku.shaker.schema] T-EQJDPcrx - [ct: 35] Column Gender meaning=Gender fail=0
[2020/07/03-22:59:44.009] [FT-TrainWorkThread-QO2Ns6Qa-2525] [INFO] [dku.shaker.schema] T-EQJDPcrx - [ct: 38] Column Married meaning=Boolean fail=0
[2020/07/03-22:59:44.010] [FT-TrainWorkThread-QO2Ns6Qa-2525] [INFO] [dku.shaker.schema] T-EQJDPcrx - [ct: 39] Column Dependents meaning=LongMeaning fail=48
[2020/07/03-22:59:44.012] [FT-TrainWorkThread-QO2Ns6Qa-2525] [INFO] [dku.shaker.schema] T-EQJDPcrx - [ct: 41] Column Education meaning=Text fail=0
[2020/07/03-22:59:44.015] [FT-TrainWorkThread-QO2Ns6Qa-2525] [INFO] [dku.shaker.schema] T-EQJDPcrx - [ct: 44] Column Self_Employed meaning=Boolean fail=0
[2020/07/03-22:59:44.017] [FT-TrainWorkThread-QO2Ns6Qa-2525] [INFO] [dku.shaker.schema] T-EQJDPcrx - [ct: 46] Column ApplicantIncome meaning=LongMeaning fail=0
[2020/07/03-22:59:44.019] [FT-TrainWorkThread-QO2Ns6Qa-2525] [INFO] [dku.shaker.schema] T-EQJDPcrx - [ct: 48] Column CoapplicantIncome meaning=DoubleMeaning fail=0
[2020/07/03-22:59:44.022] [FT-TrainWorkThread-QO2Ns6Qa-2525] [INFO] [dku.shaker.schema] T-EQJDPcrx - [ct: 51] Column TotalIncome meaning=DoubleMeaning fail=0
[2020/07/03-22:59:44.026] [FT-TrainWorkThread-QO2Ns6Qa-2525] [INFO] [dku.shaker.schema] T-EQJDPcrx - [ct: 55] Column LoanAmount meaning=LongMeaning fail=0
[2020/07/03-22:59:44.032] [FT-TrainWorkThread-QO2Ns6Qa-2525] [INFO] [dku.shaker.schema] T-EQJDPcrx - [ct: 61] Column MonthlyLoan meaning=LongMeaning fail=0
[2020/07/03-22:59:44.034] [FT-TrainWorkThread-QO2Ns6Qa-2525] [INFO] [dku.shaker.schema] T-EQJDPcrx - [ct: 62] Column MonthlyLoan_Percentage meaning=DoubleMeaning fail=0
[2020/07/03-22:59:44.047] [FT-TrainWorkThread-QO2Ns6Qa-2525] [INFO] [dku.shaker.schema] T-EQJDPcrx - [ct: 76] Column Loan_Amount_Term meaning=LongMeaning fail=0
[2020/07/03-22:59:44.059] [FT-TrainWorkThread-QO2Ns6Qa-2525] [INFO] [dku.shaker.schema] T-EQJDPcrx - [ct: 88] Column Credit_History meaning=LongMeaning fail=0
[2020/07/03-22:59:44.061] [FT-TrainWorkThread-QO2Ns6Qa-2525] [INFO] [dku.shaker.schema] T-EQJDPcrx - [ct: 90] Column Property_Area meaning=Text fail=0
[2020/07/03-22:59:44.064] [FT-TrainWorkThread-QO2Ns6Qa-2525] [INFO] [dku.shaker.schema] T-EQJDPcrx - [ct: 93] Column Loan_Status meaning=Boolean fail=0
[2020/07/03-22:59:44.080] [FT-TrainWorkThread-QO2Ns6Qa-2525] [INFO] [dku.datasets.file] T-EQJDPcrx - [ct: 109] Building Filesystem handler config: {"path":"/Volumes/DATA/dss_home/uploads/LOADPREDICTION/datasets/train","notReadyIfEmpty":false,"filesSelectionRules":{"mode":"ALL","excludeRules":[],"includeRules":[],"explicitFiles":[]}}
[2020/07/03-22:59:44.084] [FT-TrainWorkThread-QO2Ns6Qa-2525] [INFO] [dku.datasets.ftplike] T-EQJDPcrx - Enumerating Filesystem dataset prefix=
[2020/07/03-22:59:44.096] [FT-TrainWorkThread-QO2Ns6Qa-2525] [DEBUG] [dku.fs.local] T-EQJDPcrx - [ct: 125] Enumerating local filesystem prefix=/
[2020/07/03-22:59:44.098] [FT-TrainWorkThread-QO2Ns6Qa-2525] [DEBUG] [dku.fs.local] T-EQJDPcrx - [ct: 127] Enumeration done nb_paths=1 size=38011
[2020/07/03-22:59:44.102] [FT-TrainWorkThread-QO2Ns6Qa-2525] [INFO] [dku.input.push] T-EQJDPcrx - USTP: push selection.method=FULL records=100000 ratio=0.02 col=null
[2020/07/03-22:59:44.104] [FT-TrainWorkThread-QO2Ns6Qa-2525] [INFO] [dku.format] T-EQJDPcrx - [ct: 133] Extractor run: limit={"maxBytes":-1,"maxRecords":-1,"ordering":{"enabled":false,"rules":[]}} totalRecords=0
[2020/07/03-22:59:44.107] [FT-TrainWorkThread-QO2Ns6Qa-2525] [INFO] [dku] T-EQJDPcrx - getCompression filename=**train_ctrUa4K.csv**
[2020/07/03-22:59:44.108] [FT-TrainWorkThread-QO2Ns6Qa-2525] [INFO] [dku] T-EQJDPcrx - getCompression filename=**train_ctrUa4K.csv**
[2020/07/03-22:59:44.109] [FT-TrainWorkThread-QO2Ns6Qa-2525] [INFO] [dku.format] T-EQJDPcrx - [ct: 138] Start uncompressed stream: /Volumes/DATA/dss_home/uploads/LOADPREDICTION/datasets/train/train_ctrUa4K.csv / totalRecsBefore=0
[2020/07/03-22:59:44.111] [FT-TrainWorkThread-QO2Ns6Qa-2525] [INFO] [dku] T-EQJDPcrx - getCompression filename=**train_ctrUa4K.csv**
[2020/07/03-22:59:44.163] [FT-TrainWorkThread-QO2Ns6Qa-2525] [INFO] [dku.format] T-EQJDPcrx - [ct: 192] after stream totalComp=38011 totalUncomp=38011 totalRec=614
[2020/07/03-22:59:44.316] [FT-TrainWorkThread-QO2Ns6Qa-2525] [INFO] [dku.format] T-EQJDPcrx - [ct: 345] Extractor run done, totalCompressed=38011 totalRecords=614
[2020/07/03-22:59:44.341] [FT-TrainWorkThread-QO2Ns6Qa-2525] [INFO] [dku.analysis.splits] T-EQJDPcrx - [ct: 370] Checking if splits are up to date. Policy: type=SPLIT_SINGLE_DATASET,split=RANDOM,splitBeforePrepare=true,ds=train,sel=(method=full),r=0.8,s=1337, instance id: c6bff6805f4e0bfc8fcf77346b64c4f7-0
[2020/07/03-22:59:44.345] [FT-TrainWorkThread-QO2Ns6Qa-2525] [INFO] [dku.analysis.splits] T-EQJDPcrx - [ct: 374] Search for split: p=type=SPLIT_SINGLE_DATASET,split=RANDOM,splitBeforePrepare=true,ds=train,sel=(method=full),r=0.8,s=1337 i=c6bff6805f4e0bfc8fcf77346b64c4f7-0
[2020/07/03-22:59:44.349] [FT-TrainWorkThread-QO2Ns6Qa-2525] [INFO] [dku.analysis.splits] T-EQJDPcrx - [ct: 378] Search for split: p=type=SPLIT_SINGLE_DATASET,split=RANDOM,splitBeforePrepare=true,ds=train,sel=(method=full),r=0.8,s=1337 i=c6bff6805f4e0bfc8fcf77346b64c4f7-0
[2020/07/03-22:59:44.353] [MRT-2527] [INFO] [dku.analysis.ml.python]  - Running a preprocessing set: pp2 in /Volumes/DATA/dss_home/analysis-data/LOADPREDICTION/oVY8HL6o/EQJDPcrx/sessions/s2/pp2
[2020/07/03-22:59:44.355] [MRT-2527] [INFO] [dku.block.link]  - Started a socket on port 60996
[2020/07/03-22:59:44.353] [FT-TrainWorkThread-QO2Ns6Qa-2525] [INFO] [dku.analysis.ml.python] T-EQJDPcrx - Joining processing thread ...
[2020/07/03-22:59:44.357] [MRT-2527] [INFO] [dku.ml.kernel]  - Writing output of python-single-command-kernel to /Volumes/DATA/dss_home/analysis-data/LOADPREDICTION/oVY8HL6o/EQJDPcrx/sessions/s2/pp2/train.log
[2020/07/03-22:59:44.360] [MRT-2527] [INFO] [dku.code.envs.resolution]  - Executing Python activity in builtin env
[2020/07/03-22:59:44.362] [MRT-2527] [WARN] [dku.code.projectLibs]  - External libraries file not found: /Volumes/DATA/dss_home/config/projects/LOADPREDICTION/lib/external-libraries.json
[2020/07/03-22:59:44.365] [MRT-2527] [INFO] [dku.code.projectLibs]  - EXTERNAL LIBS FROM LOADPREDICTION is {"gitReferences":{},"pythonPath":["python"],"rsrcPath":["R"],"importLibrariesFromProjects":[]}
[2020/07/03-22:59:44.366] [MRT-2527] [INFO] [dku.code.projectLibs]  - chunkFolder is /Volumes/DATA/dss_home/config/projects/LOADPREDICTION/lib/R
[2020/07/03-22:59:44.367] [MRT-2527] [INFO] [dku.python.single_command.kernel]  - Starting Python process for kernel  python-single-command-kernel
[2020/07/03-22:59:44.369] [MRT-2527] [INFO] [dip.tickets]  - Creating API ticket for analysis-ml-LOADPREDICTION-yuB0GZ3 on behalf of admin id=analysis-ml-LOADPREDICTION-yuB0GZ3_R3pncJXZMRus
[2020/07/03-22:59:44.370] [MRT-2527] [INFO] [dku.security.process]  - Starting process (regular)
[2020/07/03-22:59:44.398] [MRT-2527] [INFO] [dku.security.process]  - Process started with pid=10455
[2020/07/03-22:59:44.400] [MRT-2527] [INFO] [dku.processes.cgroups]  - Will use cgroups []
[2020/07/03-22:59:44.401] [MRT-2527] [INFO] [dku.processes.cgroups]  - Applying rules to used cgroups: []
Installing debugging signal handler
[2020-07-03 22:59:49,735] [10455/MainThread] [INFO] [root] Connecting to parent at port 60996
[2020-07-03 22:59:49,737] [10455/MainThread] [INFO] [root] Connected to parent at port 60996
[2020/07/03-22:59:49.737] [MRT-2527] [INFO] [dku.link.secret_protected]  - Connected to kernel
[2020/07/03-22:59:49.752] [MRT-2527] [INFO] [dku.block.link.interaction]  - Execute link command respClazz=true respTypeToken=false respIsString=false is=false asyncInputStream=false os=false
[2020-07-03 22:59:52,896] [10455/MainThread] [INFO] [root] Running analysis command: train_prediction_models_nosave
[2020-07-03 22:59:52,898] [10455/MainThread] [INFO] [dataiku.doctor.commands] PPS is {u'preprocessingFitSampleSeed': 1337, u'feature_selection_params': {u'custom_params': {u'code': u'# type your code here'}, u'pca_params': {u'variance_proportion': 0.9, u'n_features': 25}, u'random_forest_params': {u'depth': 10, u'n_features': 25, u'n_trees': 30}, u'lasso_params': {u'alpha': [0.01, 0.1, 1.0, 10.0, 100.0], u'cross_validate': True}, u'method': u'NONE', u'correlation_params': {u'n_features': 25, u'min_abs_correlation': 0.0}}, u'preprocessingFitSampleRatio': 1.0, u'reduce': {u'enabled': False, u'kept_variance': 0.0}, u'skipPreprocessing': False, u'target_remapping': [{u'mappedValue': 0, u'sourceValue': u'Y', u'sampleFreq': 403}, {u'mappedValue': 1, u'sourceValue': u'N', u'sampleFreq': 175}], u'per_feature': {u'TotalIncome': {u'generate_derivative': True, u'sendToInput': u'main', u'rescaling': u'NONE', u'role': u'INPUT', u'customHandlingCode': u'', u'customProcessorWantsMatrix': False, u'numerical_handling': u'REGULAR', u'binarize_threshold_mode': u'MEDIAN', u'state': {u'userModified': True, u'recordedMeaning': u'DoubleMeaning', u'autoModifiedByDSS': False}, u'missing_handling': u'IMPUTE', u'binarize_constant_threshold': 0.0, u'quantile_bin_nb_bins': 4, u'missing_impute_with': u'MEAN', u'type': u'NUMERIC', u'impute_constant_value': 0.0}, u'Property_Area': {u'missing_impute_with': u'MODE', u'customProcessorWantsMatrix': False, u'customHandlingCode': u'', u'category_handling': u'DUMMIFY', u'cumulative_proportion': 0.95, u'sendToInput': u'main', u'state': {u'userModified': False, u'recordedMeaning': u'Text', u'autoModifiedByDSS': False}, u'missing_handling': u'NONE', u'max_nb_categories': 100, u'dummy_clip': u'MAX_NB_CATEGORIES', u'role': u'INPUT', u'max_cat_safety': 200, u'min_samples': 10, u'type': u'CATEGORY', u'dummy_drop': u'DROP'}, u'CoapplicantIncome': {u'generate_derivative': True, u'sendToInput': u'main', u'rescaling': u'NONE', u'role': u'INPUT', u'customHandlingCode': u'', u'customProcessorWantsMatrix': False, u'numerical_handling': u'REGULAR', u'binarize_threshold_mode': u'MEDIAN', u'state': {u'userModified': True, u'recordedMeaning': u'DoubleMeaning', u'autoModifiedByDSS': False}, u'missing_handling': u'IMPUTE', u'binarize_constant_threshold': 0.0, u'quantile_bin_nb_bins': 4, u'missing_impute_with': u'MEAN', u'type': u'NUMERIC', u'impute_constant_value': 0.0}, u'LoanAmount': {u'generate_derivative': True, u'sendToInput': u'main', u'rescaling': u'NONE', u'role': u'INPUT', u'customHandlingCode': u'', u'customProcessorWantsMatrix': False, u'numerical_handling': u'REGULAR', u'binarize_threshold_mode': u'MEDIAN', u'state': {u'userModified': True, u'recordedMeaning': u'LongMeaning', u'autoModifiedByDSS': False}, u'missing_handling': u'IMPUTE', u'binarize_constant_threshold': 0.0, u'quantile_bin_nb_bins': 4, u'missing_impute_with': u'MEAN', u'type': u'NUMERIC', u'impute_constant_value': 0.0}, u'Gender': {u'missing_impute_with': u'MODE', u'customProcessorWantsMatrix': False, u'customHandlingCode': u'', u'category_handling': u'DUMMIFY', u'cumulative_proportion': 0.95, u'sendToInput': u'main', u'state': {u'userModified': False, u'recordedMeaning': u'Gender', u'autoModifiedByDSS': False}, u'missing_handling': u'NONE', u'max_nb_categories': 100, u'dummy_clip': u'MAX_NB_CATEGORIES', u'role': u'INPUT', u'max_cat_safety': 200, u'min_samples': 10, u'type': u'CATEGORY', u'dummy_drop': u'DROP'}, u'MonthlyLoan': {u'generate_derivative': True, u'sendToInput': u'main', u'rescaling': u'NONE', u'role': u'INPUT', u'customHandlingCode': u'', u'customProcessorWantsMatrix': False, u'numerical_handling': u'REGULAR', u'binarize_threshold_mode': u'MEDIAN', u'state': {u'userModified': True, u'recordedMeaning': u'LongMeaning', u'autoModifiedByDSS': False}, u'missing_handling': u'IMPUTE', u'binarize_constant_threshold': 0.0, u'quantile_bin_nb_bins': 4, u'missing_impute_with': u'MEAN', u'type': u'NUMERIC', u'impute_constant_value': 0.0}, u'Married': {u'missing_impute_with': u'MODE', u'customProcessorWantsMatrix': False, u'customHandlingCode': u'', u'category_handling': u'DUMMIFY', u'cumulative_proportion': 0.95, u'sendToInput': u'main', u'state': {u'userModified': False, u'recordedMeaning': u'Boolean', u'autoModifiedByDSS': False}, u'missing_handling': u'NONE', u'max_nb_categories': 100, u'dummy_clip': u'MAX_NB_CATEGORIES', u'role': u'INPUT', u'max_cat_safety': 200, u'min_samples': 10, u'type': u'CATEGORY', u'dummy_drop': u'DROP'}, u'ApplicantIncome': {u'generate_derivative': True, u'sendToInput': u'main', u'rescaling': u'NONE', u'role': u'INPUT', u'customHandlingCode': u'', u'customProcessorWantsMatrix': False, u'numerical_handling': u'REGULAR', u'binarize_threshold_mode': u'MEDIAN', u'state': {u'userModified': True, u'recordedMeaning': u'LongMeaning', u'autoModifiedByDSS': False}, u'missing_handling': u'IMPUTE', u'binarize_constant_threshold': 0.0, u'quantile_bin_nb_bins': 4, u'missing_impute_with': u'MEAN', u'type': u'NUMERIC', u'impute_constant_value': 0.0}, u'Loan_Amount_Term': {u'generate_derivative': True, u'sendToInput': u'main', u'rescaling': u'NONE', u'role': u'INPUT', u'customHandlingCode': u'', u'customProcessorWantsMatrix': False, u'numerical_handling': u'REGULAR', u'binarize_threshold_mode': u'MEDIAN', u'state': {u'userModified': True, u'recordedMeaning': u'LongMeaning', u'autoModifiedByDSS': False}, u'missing_handling': u'IMPUTE', u'binarize_constant_threshold': 0.0, u'quantile_bin_nb_bins': 4, u'missing_impute_with': u'MEAN', u'type': u'NUMERIC', u'impute_constant_value': 0.0}, u'Self_Employed': {u'missing_impute_with': u'MODE', u'customProcessorWantsMatrix': False, u'customHandlingCode': u'', u'category_handling': u'DUMMIFY', u'cumulative_proportion': 0.95, u'sendToInput': u'main', u'state': {u'userModified': False, u'recordedMeaning': u'Boolean', u'autoModifiedByDSS': False}, u'missing_handling': u'NONE', u'max_nb_categories': 100, u'dummy_clip': u'MAX_NB_CATEGORIES', u'role': u'INPUT', u'max_cat_safety': 200, u'min_samples': 10, u'type': u'CATEGORY', u'dummy_drop': u'DROP'}, u'Loan_Status': {u'customHandlingCode': u'', u'customProcessorWantsMatrix': False, u'cumulative_proportion': 0.95, u'sendToInput': u'main', u'state': {u'userModified': False, u'recordedMeaning': u'Boolean', u'autoModifiedByDSS': False}, u'role': u'TARGET', u'max_nb_categories': 100, u'dummy_clip': u'MAX_NB_CATEGORIES', u'dummy_drop': u'NONE', u'min_samples': 10, u'type': u'CATEGORY', u'max_cat_safety': 200}, u'MonthlyLoan_Percentage': {u'generate_derivative': True, u'sendToInput': u'main', u'rescaling': u'NONE', u'role': u'INPUT', u'customHandlingCode': u'', u'customProcessorWantsMatrix': False, u'numerical_handling': u'REGULAR', u'binarize_threshold_mode': u'MEDIAN', u'state': {u'userModified': True, u'recordedMeaning': u'DoubleMeaning', u'autoModifiedByDSS': False}, u'missing_handling': u'IMPUTE', u'binarize_constant_threshold': 0.0, u'quantile_bin_nb_bins': 4, u'missing_impute_with': u'MEAN', u'type': u'NUMERIC', u'impute_constant_value': 0.0}, u'Education': {u'missing_impute_with': u'MODE', u'customProcessorWantsMatrix': False, u'customHandlingCode': u'', u'category_handling': u'DUMMIFY', u'cumulative_proportion': 0.95, u'sendToInput': u'main', u'state': {u'userModified': False, u'recordedMeaning': u'Text', u'autoModifiedByDSS': False}, u'missing_handling': u'NONE', u'max_nb_categories': 100, u'dummy_clip': u'MAX_NB_CATEGORIES', u'role': u'INPUT', u'max_cat_safety': 200, u'min_samples': 10, u'type': u'CATEGORY', u'dummy_drop': u'DROP'}, u'Credit_History': {u'generate_derivative': True, u'sendToInput': u'main', u'rescaling': u'NONE', u'role': u'INPUT', u'customHandlingCode': u'', u'customProcessorWantsMatrix': False, u'numerical_handling': u'REGULAR', u'binarize_threshold_mode': u'MEDIAN', u'state': {u'userModified': True, u'recordedMeaning': u'LongMeaning', u'autoModifiedByDSS': False}, u'missing_handling': u'IMPUTE', u'binarize_constant_threshold': 0.0, u'quantile_bin_nb_bins': 4, u'missing_impute_with': u'MEAN', u'type': u'NUMERIC', u'impute_constant_value': 0.0}, u'Dependents': {u'missing_impute_with': u'MODE', u'customProcessorWantsMatrix': False, u'customHandlingCode': u'', u'category_handling': u'DUMMIFY', u'cumulative_proportion': 0.95, u'sendToInput': u'main', u'state': {u'userModified': False, u'recordedMeaning': u'LongMeaning', u'autoModifiedByDSS': False}, u'missing_handling': u'NONE', u'max_nb_categories': 100, u'dummy_clip': u'MAX_NB_CATEGORIES', u'role': u'INPUT', u'max_cat_safety': 200, u'min_samples': 10, u'type': u'CATEGORY', u'dummy_drop': u'DROP'}}, u'feature_generation': {u'manual_interactions': {u'interactions': []}, u'pairwise_linear': {u'behavior': u'DISABLED'}, u'categoricals_count_transformer': {u'input_features': [], u'all_features': False, u'behavior': u'DISABLED'}, u'polynomial_combinations': {u'behavior': u'DISABLED'}, u'numericals_clustering': {u'k': 0, u'input_features': [], u'all_features': False, u'behavior': u'DISABLED'}}}
[2020-07-03 22:59:52,899] [10455/MainThread] [INFO] [dataiku.doctor.utils.listener] START -  Loading train set
[2020-07-03 22:59:52,901] [10455/MainThread] [INFO] [root] Reading with dtypes: None
[2020-07-03 22:59:52,901] [10455/MainThread] [INFO] [dataiku.doctor.utils] Computed dtype for Gender: str (schema_type=string feature_type=CATEGORY feature_role=INPUT)
[2020-07-03 22:59:52,901] [10455/MainThread] [INFO] [dataiku.doctor.utils] Computed dtype for Married: str (schema_type=boolean feature_type=CATEGORY feature_role=INPUT)
[2020-07-03 22:59:52,901] [10455/MainThread] [INFO] [dataiku.doctor.utils] Computed dtype for Dependents: str (schema_type=string feature_type=CATEGORY feature_role=INPUT)
[2020-07-03 22:59:52,901] [10455/MainThread] [INFO] [dataiku.doctor.utils] Computed dtype for Education: str (schema_type=string feature_type=CATEGORY feature_role=INPUT)
[2020-07-03 22:59:52,901] [10455/MainThread] [INFO] [dataiku.doctor.utils] Computed dtype for Self_Employed: str (schema_type=boolean feature_type=CATEGORY feature_role=INPUT)
[2020-07-03 22:59:52,901] [10455/MainThread] [INFO] [dataiku.doctor.utils] Computed dtype for ApplicantIncome: <type 'numpy.float64'> (schema_type=bigint feature_type=NUMERIC feature_role=INPUT)
[2020-07-03 22:59:52,901] [10455/MainThread] [INFO] [dataiku.doctor.utils] Computed dtype for CoapplicantIncome: <type 'numpy.float64'> (schema_type=double feature_type=NUMERIC feature_role=INPUT)
[2020-07-03 22:59:52,902] [10455/MainThread] [INFO] [dataiku.doctor.utils] Computed dtype for TotalIncome: <type 'numpy.float64'> (schema_type=double feature_type=NUMERIC feature_role=INPUT)
[2020-07-03 22:59:52,902] [10455/MainThread] [INFO] [dataiku.doctor.utils] Computed dtype for LoanAmount: <type 'numpy.float64'> (schema_type=bigint feature_type=NUMERIC feature_role=INPUT)
[2020-07-03 22:59:52,902] [10455/MainThread] [INFO] [dataiku.doctor.utils] Computed dtype for MonthlyLoan: <type 'numpy.float64'> (schema_type=bigint feature_type=NUMERIC feature_role=INPUT)
[2020-07-03 22:59:52,902] [10455/MainThread] [INFO] [dataiku.doctor.utils] Computed dtype for MonthlyLoan_Percentage: <type 'numpy.float64'> (schema_type=double feature_type=NUMERIC feature_role=INPUT)
[2020-07-03 22:59:52,902] [10455/MainThread] [INFO] [dataiku.doctor.utils] Computed dtype for Loan_Amount_Term: <type 'numpy.float64'> (schema_type=bigint feature_type=NUMERIC feature_role=INPUT)
[2020-07-03 22:59:52,902] [10455/MainThread] [INFO] [dataiku.doctor.utils] Computed dtype for Credit_History: <type 'numpy.float64'> (schema_type=bigint feature_type=NUMERIC feature_role=INPUT)
[2020-07-03 22:59:52,902] [10455/MainThread] [INFO] [dataiku.doctor.utils] Computed dtype for Property_Area: str (schema_type=string feature_type=CATEGORY feature_role=INPUT)
[2020-07-03 22:59:52,902] [10455/MainThread] [INFO] [dataiku.doctor.utils] Computed dtype for Loan_Status: <type 'numpy.object_'> (schema_type=boolean feature_type=CATEGORY feature_role=TARGET)
[2020-07-03 22:59:52,902] [10455/MainThread] [INFO] [root] Reading with FIXED dtypes: {u'TotalIncome': <type 'numpy.float64'>, u'Property_Area': 'str', u'CoapplicantIncome': <type 'numpy.float64'>, u'LoanAmount': <type 'numpy.float64'>, u'Gender': 'str', u'MonthlyLoan': <type 'numpy.float64'>, u'Married': 'str', u'ApplicantIncome': <type 'numpy.float64'>, u'Loan_Amount_Term': <type 'numpy.float64'>, u'Self_Employed': 'str', u'Loan_Status': <type 'numpy.object_'>, u'Dependents': 'str', u'Education': 'str', u'Credit_History': <type 'numpy.float64'>, u'MonthlyLoan_Percentage': <type 'numpy.float64'>}
[2020-07-03 22:59:52,920] [10455/MainThread] [INFO] [root] Loaded table
[2020-07-03 22:59:52,921] [10455/MainThread] [INFO] [dataiku.doctor.utils]  Coercion done
[2020-07-03 22:59:52,921] [10455/MainThread] [INFO] [dataiku.doctor.commands] Loaded train df: shape=(456,15)
[2020-07-03 22:59:52,922] [10455/MainThread] [INFO] [dataiku.doctor.commands] Train col : Gender (object)
[2020-07-03 22:59:52,922] [10455/MainThread] [INFO] [dataiku.doctor.commands] Train col : Married (object)
[2020-07-03 22:59:52,922] [10455/MainThread] [INFO] [dataiku.doctor.commands] Train col : Dependents (object)
[2020-07-03 22:59:52,922] [10455/MainThread] [INFO] [dataiku.doctor.commands] Train col : Education (object)
[2020-07-03 22:59:52,922] [10455/MainThread] [INFO] [dataiku.doctor.commands] Train col : Self_Employed (object)
[2020-07-03 22:59:52,922] [10455/MainThread] [INFO] [dataiku.doctor.commands] Train col : ApplicantIncome (float64)
[2020-07-03 22:59:52,922] [10455/MainThread] [INFO] [dataiku.doctor.commands] Train col : CoapplicantIncome (float64)
[2020-07-03 22:59:52,922] [10455/MainThread] [INFO] [dataiku.doctor.commands] Train col : TotalIncome (float64)
[2020-07-03 22:59:52,922] [10455/MainThread] [INFO] [dataiku.doctor.commands] Train col : LoanAmount (float64)
[2020-07-03 22:59:52,923] [10455/MainThread] [INFO] [dataiku.doctor.commands] Train col : MonthlyLoan (float64)
[2020-07-03 22:59:52,923] [10455/MainThread] [INFO] [dataiku.doctor.commands] Train col : MonthlyLoan_Percentage (float64)
[2020-07-03 22:59:52,923] [10455/MainThread] [INFO] [dataiku.doctor.commands] Train col : Loan_Amount_Term (float64)
[2020-07-03 22:59:52,923] [10455/MainThread] [INFO] [dataiku.doctor.commands] Train col : Credit_History (float64)
[2020-07-03 22:59:52,923] [10455/MainThread] [INFO] [dataiku.doctor.commands] Train col : Property_Area (object)
[2020-07-03 22:59:52,923] [10455/MainThread] [INFO] [dataiku.doctor.commands] Train col : Loan_Status (object)
[2020-07-03 22:59:52,923] [10455/MainThread] [INFO] [dataiku.doctor.utils.listener] END -  Loading train set
[2020-07-03 22:59:52,923] [10455/MainThread] [INFO] [dataiku.doctor.utils.listener] START -  Loading test set
[2020-07-03 22:59:52,924] [10455/MainThread] [INFO] [root] Reading with dtypes: None
[2020-07-03 22:59:52,924] [10455/MainThread] [INFO] [dataiku.doctor.utils] Computed dtype for Gender: str (schema_type=string feature_type=CATEGORY feature_role=INPUT)
[2020-07-03 22:59:52,925] [10455/MainThread] [INFO] [dataiku.doctor.utils] Computed dtype for Married: str (schema_type=boolean feature_type=CATEGORY feature_role=INPUT)
[2020-07-03 22:59:52,925] [10455/MainThread] [INFO] [dataiku.doctor.utils] Computed dtype for Dependents: str (schema_type=string feature_type=CATEGORY feature_role=INPUT)
[2020-07-03 22:59:52,925] [10455/MainThread] [INFO] [dataiku.doctor.utils] Computed dtype for Education: str (schema_type=string feature_type=CATEGORY feature_role=INPUT)
[2020-07-03 22:59:52,925] [10455/MainThread] [INFO] [dataiku.doctor.utils] Computed dtype for Self_Employed: str (schema_type=boolean feature_type=CATEGORY feature_role=INPUT)
[2020-07-03 22:59:52,925] [10455/MainThread] [INFO] [dataiku.doctor.utils] Computed dtype for ApplicantIncome: <type 'numpy.float64'> (schema_type=bigint feature_type=NUMERIC feature_role=INPUT)
[2020-07-03 22:59:52,925] [10455/MainThread] [INFO] [dataiku.doctor.utils] Computed dtype for CoapplicantIncome: <type 'numpy.float64'> (schema_type=double feature_type=NUMERIC feature_role=INPUT)
[2020-07-03 22:59:52,925] [10455/MainThread] [INFO] [dataiku.doctor.utils] Computed dtype for TotalIncome: <type 'numpy.float64'> (schema_type=double feature_type=NUMERIC feature_role=INPUT)
[2020-07-03 22:59:52,925] [10455/MainThread] [INFO] [dataiku.doctor.utils] Computed dtype for LoanAmount: <type 'numpy.float64'> (schema_type=bigint feature_type=NUMERIC feature_role=INPUT)
[2020-07-03 22:59:52,925] [10455/MainThread] [INFO] [dataiku.doctor.utils] Computed dtype for MonthlyLoan: <type 'numpy.float64'> (schema_type=bigint feature_type=NUMERIC feature_role=INPUT)
[2020-07-03 22:59:52,925] [10455/MainThread] [INFO] [dataiku.doctor.utils] Computed dtype for MonthlyLoan_Percentage: <type 'numpy.float64'> (schema_type=double feature_type=NUMERIC feature_role=INPUT)
[2020-07-03 22:59:52,925] [10455/MainThread] [INFO] [dataiku.doctor.utils] Computed dtype for Loan_Amount_Term: <type 'numpy.float64'> (schema_type=bigint feature_type=NUMERIC feature_role=INPUT)
[2020-07-03 22:59:52,925] [10455/MainThread] [INFO] [dataiku.doctor.utils] Computed dtype for Credit_History: <type 'numpy.float64'> (schema_type=bigint feature_type=NUMERIC feature_role=INPUT)
[2020-07-03 22:59:52,926] [10455/MainThread] [INFO] [dataiku.doctor.utils] Computed dtype for Property_Area: str (schema_type=string feature_type=CATEGORY feature_role=INPUT)
[2020-07-03 22:59:52,926] [10455/MainThread] [INFO] [dataiku.doctor.utils] Computed dtype for Loan_Status: <type 'numpy.object_'> (schema_type=boolean feature_type=CATEGORY feature_role=TARGET)
[2020-07-03 22:59:52,926] [10455/MainThread] [INFO] [root] Reading with FIXED dtypes: {u'TotalIncome': <type 'numpy.float64'>, u'Property_Area': 'str', u'CoapplicantIncome': <type 'numpy.float64'>, u'LoanAmount': <type 'numpy.float64'>, u'Gender': 'str', u'MonthlyLoan': <type 'numpy.float64'>, u'Married': 'str', u'ApplicantIncome': <type 'numpy.float64'>, u'Loan_Amount_Term': <type 'numpy.float64'>, u'Self_Employed': 'str', u'Loan_Status': <type 'numpy.object_'>, u'Dependents': 'str', u'Education': 'str', u'Credit_History': <type 'numpy.float64'>, u'MonthlyLoan_Percentage': <type 'numpy.float64'>}
[2020-07-03 22:59:52,935] [10455/MainThread] [INFO] [root] Loaded table
[2020-07-03 22:59:52,937] [10455/MainThread] [INFO] [dataiku.doctor.utils]  Coercion done
[2020-07-03 22:59:52,937] [10455/MainThread] [INFO] [dataiku.doctor.commands] Loaded test df: shape=(122,15)
[2020-07-03 22:59:52,937] [10455/MainThread] [INFO] [dataiku.doctor.utils.listener] END -  Loading test set
[2020-07-03 22:59:52,937] [10455/MainThread] [INFO] [dataiku.doctor.utils.listener] START -  Collecting statistics
[2020-07-03 22:59:52,938] [10455/MainThread] [INFO] [dataiku.doctor.preprocessing_collector] Looking at TotalIncome... (type=NUMERIC)
[2020-07-03 22:59:52,938] [10455/MainThread] [INFO] [dataiku.doctor.preprocessing_collector] Checking series of type: float64 (isM8=False)
[2020-07-03 22:59:52,941] [10455/MainThread] [INFO] [dataiku.doctor.preprocessing_collector] Looking at Property_Area... (type=CATEGORY)
[2020-07-03 22:59:52,946] [10455/MainThread] [INFO] [dataiku.doctor.preprocessing_collector] Looking at CoapplicantIncome... (type=NUMERIC)
[2020-07-03 22:59:52,946] [10455/MainThread] [INFO] [dataiku.doctor.preprocessing_collector] Checking series of type: float64 (isM8=False)
[2020-07-03 22:59:52,948] [10455/MainThread] [INFO] [dataiku.doctor.preprocessing_collector] Looking at LoanAmount... (type=NUMERIC)
[2020-07-03 22:59:52,949] [10455/MainThread] [INFO] [dataiku.doctor.preprocessing_collector] Checking series of type: float64 (isM8=False)
[2020-07-03 22:59:52,953] [10455/MainThread] [INFO] [dataiku.doctor.preprocessing_collector] Looking at Gender... (type=CATEGORY)
[2020-07-03 22:59:52,957] [10455/MainThread] [INFO] [dataiku.doctor.preprocessing_collector] Looking at MonthlyLoan... (type=NUMERIC)
[2020-07-03 22:59:52,957] [10455/MainThread] [INFO] [dataiku.doctor.preprocessing_collector] Checking series of type: float64 (isM8=False)
[2020-07-03 22:59:52,959] [10455/MainThread] [INFO] [dataiku.doctor.preprocessing_collector] Looking at Married... (type=CATEGORY)
[2020-07-03 22:59:52,962] [10455/MainThread] [INFO] [dataiku.doctor.preprocessing_collector] Looking at ApplicantIncome... (type=NUMERIC)
[2020-07-03 22:59:52,963] [10455/MainThread] [INFO] [dataiku.doctor.preprocessing_collector] Checking series of type: float64 (isM8=False)
[2020-07-03 22:59:52,964] [10455/MainThread] [INFO] [dataiku.doctor.preprocessing_collector] Looking at Loan_Amount_Term... (type=NUMERIC)
[2020-07-03 22:59:52,964] [10455/MainThread] [INFO] [dataiku.doctor.preprocessing_collector] Checking series of type: float64 (isM8=False)
[2020-07-03 22:59:52,965] [10455/MainThread] [INFO] [dataiku.doctor.preprocessing_collector] Looking at Self_Employed... (type=CATEGORY)
[2020-07-03 22:59:52,970] [10455/MainThread] [INFO] [dataiku.doctor.preprocessing_collector] Looking at Loan_Status... (type=CATEGORY)
[2020-07-03 22:59:52,970] [10455/MainThread] [INFO] [dataiku.doctor.preprocessing_collector] Looking at MonthlyLoan_Percentage... (type=NUMERIC)
[2020-07-03 22:59:52,970] [10455/MainThread] [INFO] [dataiku.doctor.preprocessing_collector] Checking series of type: float64 (isM8=False)
[2020-07-03 22:59:52,972] [10455/MainThread] [INFO] [dataiku.doctor.preprocessing_collector] Looking at Education... (type=CATEGORY)
[2020-07-03 22:59:52,975] [10455/MainThread] [INFO] [dataiku.doctor.preprocessing_collector] Looking at Credit_History... (type=NUMERIC)
[2020-07-03 22:59:52,975] [10455/MainThread] [INFO] [dataiku.doctor.preprocessing_collector] Checking series of type: float64 (isM8=False)
[2020-07-03 22:59:52,977] [10455/MainThread] [INFO] [dataiku.doctor.preprocessing_collector] Looking at Dependents... (type=CATEGORY)
[2020-07-03 22:59:52,982] [10455/MainThread] [INFO] [dataiku.doctor.utils.listener] END -  Collecting statistics
[2020-07-03 22:59:52,983] [10455/MainThread] [INFO] [dataiku.doctor.multiframe] generating interactions
[2020-07-03 22:59:52,983] [10455/MainThread] [INFO] [dataiku.doctor.multiframe] {u'preprocessingFitSampleSeed': 1337, u'feature_selection_params': {u'custom_params': {u'code': u'# type your code here'}, u'pca_params': {u'variance_proportion': 0.9, u'n_features': 25}, u'random_forest_params': {u'depth': 10, u'n_features': 25, u'n_trees': 30}, u'lasso_params': {u'alpha': [0.01, 0.1, 1.0, 10.0, 100.0], u'cross_validate': True}, u'method': u'NONE', u'correlation_params': {u'n_features': 25, u'min_abs_correlation': 0.0}}, u'preprocessingFitSampleRatio': 1.0, u'reduce': {u'enabled': False, u'kept_variance': 0.0}, u'skipPreprocessing': False, u'target_remapping': [{u'mappedValue': 0, u'sourceValue': u'Y', u'sampleFreq': 403}, {u'mappedValue': 1, u'sourceValue': u'N', u'sampleFreq': 175}], u'per_feature': {u'TotalIncome': {u'generate_derivative': True, u'sendToInput': u'main', u'rescaling': u'NONE', u'role': u'INPUT', u'customHandlingCode': u'', u'customProcessorWantsMatrix': False, u'numerical_handling': u'REGULAR', u'binarize_threshold_mode': u'MEDIAN', u'state': {u'userModified': True, u'recordedMeaning': u'DoubleMeaning', u'autoModifiedByDSS': False}, u'missing_handling': u'IMPUTE', u'binarize_constant_threshold': 0.0, u'quantile_bin_nb_bins': 4, u'missing_impute_with': u'MEAN', u'type': u'NUMERIC', u'impute_constant_value': 0.0}, u'Property_Area': {u'missing_impute_with': u'MODE', u'customProcessorWantsMatrix': False, u'customHandlingCode': u'', u'category_handling': u'DUMMIFY', u'cumulative_proportion': 0.95, u'sendToInput': u'main', u'state': {u'userModified': False, u'recordedMeaning': u'Text', u'autoModifiedByDSS': False}, u'missing_handling': u'NONE', u'max_nb_categories': 100, u'dummy_clip': u'MAX_NB_CATEGORIES', u'role': u'INPUT', u'max_cat_safety': 200, u'min_samples': 10, u'type': u'CATEGORY', u'dummy_drop': u'DROP'}, u'CoapplicantIncome': {u'generate_derivative': True, u'sendToInput': u'main', u'rescaling': u'NONE', u'role': u'INPUT', u'customHandlingCode': u'', u'customProcessorWantsMatrix': False, u'numerical_handling': u'REGULAR', u'binarize_threshold_mode': u'MEDIAN', u'state': {u'userModified': True, u'recordedMeaning': u'DoubleMeaning', u'autoModifiedByDSS': False}, u'missing_handling': u'IMPUTE', u'binarize_constant_threshold': 0.0, u'quantile_bin_nb_bins': 4, u'missing_impute_with': u'MEAN', u'type': u'NUMERIC', u'impute_constant_value': 0.0}, u'LoanAmount': {u'generate_derivative': True, u'sendToInput': u'main', u'rescaling': u'NONE', u'role': u'INPUT', u'customHandlingCode': u'', u'customProcessorWantsMatrix': False, u'numerical_handling': u'REGULAR', u'binarize_threshold_mode': u'MEDIAN', u'state': {u'userModified': True, u'recordedMeaning': u'LongMeaning', u'autoModifiedByDSS': False}, u'missing_handling': u'IMPUTE', u'binarize_constant_threshold': 0.0, u'quantile_bin_nb_bins': 4, u'missing_impute_with': u'MEAN', u'type': u'NUMERIC', u'impute_constant_value': 0.0}, u'Gender': {u'missing_impute_with': u'MODE', u'customProcessorWantsMatrix': False, u'customHandlingCode': u'', u'category_handling': u'DUMMIFY', u'cumulative_proportion': 0.95, u'sendToInput': u'main', u'state': {u'userModified': False, u'recordedMeaning': u'Gender', u'autoModifiedByDSS': False}, u'missing_handling': u'NONE', u'max_nb_categories': 100, u'dummy_clip': u'MAX_NB_CATEGORIES', u'role': u'INPUT', u'max_cat_safety': 200, u'min_samples': 10, u'type': u'CATEGORY', u'dummy_drop': u'DROP'}, u'MonthlyLoan': {u'generate_derivative': True, u'sendToInput': u'main', u'rescaling': u'NONE', u'role': u'INPUT', u'customHandlingCode': u'', u'customProcessorWantsMatrix': False, u'numerical_handling': u'REGULAR', u'binarize_threshold_mode': u'MEDIAN', u'state': {u'userModified': True, u'recordedMeaning': u'LongMeaning', u'autoModifiedByDSS': False}, u'missing_handling': u'IMPUTE', u'binarize_constant_threshold': 0.0, u'quantile_bin_nb_bins': 4, u'missing_impute_with': u'MEAN', u'type': u'NUMERIC', u'impute_constant_value': 0.0}, u'Married': {u'missing_impute_with': u'MODE', u'customProcessorWantsMatrix': False, u'customHandlingCode': u'', u'category_handling': u'DUMMIFY', u'cumulative_proportion': 0.95, u'sendToInput': u'main', u'state': {u'userModified': False, u'recordedMeaning': u'Boolean', u'autoModifiedByDSS': False}, u'missing_handling': u'NONE', u'max_nb_categories': 100, u'dummy_clip': u'MAX_NB_CATEGORIES', u'role': u'INPUT', u'max_cat_safety': 200, u'min_samples': 10, u'type': u'CATEGORY', u'dummy_drop': u'DROP'}, u'ApplicantIncome': {u'generate_derivative': True, u'sendToInput': u'main', u'rescaling': u'NONE', u'role': u'INPUT', u'customHandlingCode': u'', u'customProcessorWantsMatrix': False, u'numerical_handling': u'REGULAR', u'binarize_threshold_mode': u'MEDIAN', u'state': {u'userModified': True, u'recordedMeaning': u'LongMeaning', u'autoModifiedByDSS': False}, u'missing_handling': u'IMPUTE', u'binarize_constant_threshold': 0.0, u'quantile_bin_nb_bins': 4, u'missing_impute_with': u'MEAN', u'type': u'NUMERIC', u'impute_constant_value': 0.0}, u'Loan_Amount_Term': {u'generate_derivative': True, u'sendToInput': u'main', u'rescaling': u'NONE', u'role': u'INPUT', u'customHandlingCode': u'', u'customProcessorWantsMatrix': False, u'numerical_handling': u'REGULAR', u'binarize_threshold_mode': u'MEDIAN', u'state': {u'userModified': True, u'recordedMeaning': u'LongMeaning', u'autoModifiedByDSS': False}, u'missing_handling': u'IMPUTE', u'binarize_constant_threshold': 0.0, u'quantile_bin_nb_bins': 4, u'missing_impute_with': u'MEAN', u'type': u'NUMERIC', u'impute_constant_value': 0.0}, u'Self_Employed': {u'missing_impute_with': u'MODE', u'customProcessorWantsMatrix': False, u'customHandlingCode': u'', u'category_handling': u'DUMMIFY', u'cumulative_proportion': 0.95, u'sendToInput': u'main', u'state': {u'userModified': False, u'recordedMeaning': u'Boolean', u'autoModifiedByDSS': False}, u'missing_handling': u'NONE', u'max_nb_categories': 100, u'dummy_clip': u'MAX_NB_CATEGORIES', u'role': u'INPUT', u'max_cat_safety': 200, u'min_samples': 10, u'type': u'CATEGORY', u'dummy_drop': u'DROP'}, u'Loan_Status': {u'customHandlingCode': u'', u'customProcessorWantsMatrix': False, u'cumulative_proportion': 0.95, u'sendToInput': u'main', u'state': {u'userModified': False, u'recordedMeaning': u'Boolean', u'autoModifiedByDSS': False}, u'role': u'TARGET', u'max_nb_categories': 100, u'dummy_clip': u'MAX_NB_CATEGORIES', u'dummy_drop': u'NONE', u'min_samples': 10, u'type': u'CATEGORY', u'max_cat_safety': 200}, u'MonthlyLoan_Percentage': {u'generate_derivative': True, u'sendToInput': u'main', u'rescaling': u'NONE', u'role': u'INPUT', u'customHandlingCode': u'', u'customProcessorWantsMatrix': False, u'numerical_handling': u'REGULAR', u'binarize_threshold_mode': u'MEDIAN', u'state': {u'userModified': True, u'recordedMeaning': u'DoubleMeaning', u'autoModifiedByDSS': False}, u'missing_handling': u'IMPUTE', u'binarize_constant_threshold': 0.0, u'quantile_bin_nb_bins': 4, u'missing_impute_with': u'MEAN', u'type': u'NUMERIC', u'impute_constant_value': 0.0}, u'Education': {u'missing_impute_with': u'MODE', u'customProcessorWantsMatrix': False, u'customHandlingCode': u'', u'category_handling': u'DUMMIFY', u'cumulative_proportion': 0.95, u'sendToInput': u'main', u'state': {u'userModified': False, u'recordedMeaning': u'Text', u'autoModifiedByDSS': False}, u'missing_handling': u'NONE', u'max_nb_categories': 100, u'dummy_clip': u'MAX_NB_CATEGORIES', u'role': u'INPUT', u'max_cat_safety': 200, u'min_samples': 10, u'type': u'CATEGORY', u'dummy_drop': u'DROP'}, u'Credit_History': {u'generate_derivative': True, u'sendToInput': u'main', u'rescaling': u'NONE', u'role': u'INPUT', u'customHandlingCode': u'', u'customProcessorWantsMatrix': False, u'numerical_handling': u'REGULAR', u'binarize_threshold_mode': u'MEDIAN', u'state': {u'userModified': True, u'recordedMeaning': u'LongMeaning', u'autoModifiedByDSS': False}, u'missing_handling': u'IMPUTE', u'binarize_constant_threshold': 0.0, u'quantile_bin_nb_bins': 4, u'missing_impute_with': u'MEAN', u'type': u'NUMERIC', u'impute_constant_value': 0.0}, u'Dependents': {u'missing_impute_with': u'MODE', u'customProcessorWantsMatrix': False, u'customHandlingCode': u'', u'category_handling': u'DUMMIFY', u'cumulative_proportion': 0.95, u'sendToInput': u'main', u'state': {u'userModified': False, u'recordedMeaning': u'LongMeaning', u'autoModifiedByDSS': False}, u'missing_handling': u'NONE', u'max_nb_categories': 100, u'dummy_clip': u'MAX_NB_CATEGORIES', u'role': u'INPUT', u'max_cat_safety': 200, u'min_samples': 10, u'type': u'CATEGORY', u'dummy_drop': u'DROP'}}, u'feature_generation': {u'manual_interactions': {u'interactions': []}, u'pairwise_linear': {u'behavior': u'DISABLED'}, u'categoricals_count_transformer': {u'input_features': [], u'all_features': False, u'behavior': u'DISABLED'}, u'polynomial_combinations': {u'behavior': u'DISABLED'}, u'numericals_clustering': {u'k': 0, u'input_features': [], u'all_features': False, u'behavior': u'DISABLED'}}}
[2020-07-03 22:59:52,984] [10455/MainThread] [INFO] [dataiku.doctor.multiframe] No feature selection to perform
[2020-07-03 22:59:52,984] [10455/MainThread] [INFO] [dataiku.doctor.utils.listener] START -  Preprocessing train set
[2020-07-03 22:59:52,985] [10455/MainThread] [INFO] [dataiku.doctor.multiframe] Set MF index len 456
[2020-07-03 22:59:52,985] [10455/MainThread] [DEBUG] [dku.ml.preprocessing] FIT/PROCESS WITH Step:RemapValueToOutput
[2020-07-03 22:59:52,988] [10455/MainThread] [DEBUG] [dku.ml.preprocessing] FIT/PROCESS WITH Step:MultipleImputeMissingFromInput
[2020-07-03 22:59:52,988] [10455/MainThread] [DEBUG] [dku.ml.preprocessing] MIMIFI: Imputing with map {u'TotalIncome': 7166.923070150527, u'CoapplicantIncome': 1511.4428069926316, u'LoanAmount': 149451.75438596492, u'MonthlyLoan': 490.2785087719298, u'ApplicantIncome': 5655.480263157895, u'Loan_Amount_Term': 341.92105263157896, u'MonthlyLoan_Percentage': 7.903135733841888, u'Credit_History': 0.8441247002398081}
[2020-07-03 22:59:52,991] [10455/MainThread] [DEBUG] [dku.ml.preprocessing] FIT/PROCESS WITH Step:NumericalDerivativesGenerator
[2020-07-03 22:59:53,026] [10455/MainThread] [DEBUG] [dku.ml.preprocessing] FIT/PROCESS WITH Step:BlockStdRescalingProcessor
[2020-07-03 22:59:53,048] [10455/MainThread] [DEBUG] [dku.ml.preprocessing] FIT/PROCESS WITH Step:FlushDFBuilder(num_flagonly)
[2020-07-03 22:59:53,048] [10455/MainThread] [DEBUG] [dku.ml.preprocessing] FIT/PROCESS WITH Step:FastSparseDummifyProcessor (Property_Area)
[2020-07-03 22:59:53,053] [10455/MainThread] [DEBUG] [dku.ml.preprocessing] Dummifier: Append a sparse block shape=(456, 3) nnz=328
[2020-07-03 22:59:53,054] [10455/MainThread] [DEBUG] [dku.ml.preprocessing] FIT/PROCESS WITH Step:FastSparseDummifyProcessor (Gender)
[2020-07-03 22:59:53,056] [10455/MainThread] [DEBUG] [dku.ml.preprocessing] Dummifier: Append a sparse block shape=(456, 3) nnz=456
[2020-07-03 22:59:53,056] [10455/MainThread] [DEBUG] [dku.ml.preprocessing] FIT/PROCESS WITH Step:FastSparseDummifyProcessor (Married)
[2020-07-03 22:59:53,059] [10455/MainThread] [DEBUG] [dku.ml.preprocessing] Dummifier: Append a sparse block shape=(456, 3) nnz=456
[2020-07-03 22:59:53,059] [10455/MainThread] [DEBUG] [dku.ml.preprocessing] FIT/PROCESS WITH Step:FastSparseDummifyProcessor (Self_Employed)
[2020-07-03 22:59:53,062] [10455/MainThread] [DEBUG] [dku.ml.preprocessing] Dummifier: Append a sparse block shape=(456, 3) nnz=456
[2020-07-03 22:59:53,062] [10455/MainThread] [DEBUG] [dku.ml.preprocessing] FIT/PROCESS WITH Step:FastSparseDummifyProcessor (Education)
[2020-07-03 22:59:53,073] [10455/MainThread] [DEBUG] [dku.ml.preprocessing] Dummifier: Append a sparse block shape=(456, 2) nnz=373
[2020-07-03 22:59:53,074] [10455/MainThread] [DEBUG] [dku.ml.preprocessing] FIT/PROCESS WITH Step:FastSparseDummifyProcessor (Dependents)
[2020-07-03 22:59:53,079] [10455/MainThread] [DEBUG] [dku.ml.preprocessing] Dummifier: Append a sparse block shape=(456, 5) nnz=456
[2020-07-03 22:59:53,079] [10455/MainThread] [DEBUG] [dku.ml.preprocessing] FIT/PROCESS WITH Step:MultipleImputeMissingFromInput
[2020-07-03 22:59:53,079] [10455/MainThread] [DEBUG] [dku.ml.preprocessing] MIMIFI: Imputing with map {}
[2020-07-03 22:59:53,079] [10455/MainThread] [DEBUG] [dku.ml.preprocessing] FIT/PROCESS WITH Step:FlushDFBuilder(cat_flagpresence)
[2020-07-03 22:59:53,080] [10455/MainThread] [DEBUG] [dku.ml.preprocessing] FIT/PROCESS WITH Step:MultipleImputeMissingFromInput
[2020-07-03 22:59:53,080] [10455/MainThread] [DEBUG] [dku.ml.preprocessing] MIMIFI: Imputing with map {}
[2020-07-03 22:59:53,080] [10455/MainThread] [DEBUG] [dku.ml.preprocessing] FIT/PROCESS WITH Step:FlushDFBuilder(interaction)
[2020-07-03 22:59:53,080] [10455/MainThread] [DEBUG] [dku.ml.preprocessing] FIT/PROCESS WITH Step:RealignTarget
[2020-07-03 22:59:53,080] [10455/MainThread] [DEBUG] [dku.ml.preprocessing] Realign target series = (456,)
[2020-07-03 22:59:53,081] [10455/MainThread] [DEBUG] [dku.ml.preprocessing] After realign target: (456,)
[2020-07-03 22:59:53,081] [10455/MainThread] [DEBUG] [dku.ml.preprocessing] FIT/PROCESS WITH Step:DropRowsWhereNoTarget
[2020-07-03 22:59:53,082] [10455/MainThread] [DEBUG] [dku.ml.preprocessing] Deleting 0 rows because no target
[2020-07-03 22:59:53,082] [10455/MainThread] [DEBUG] [dku.ml.preprocessing] MF before = (456, 51) target before = (456,)
[2020-07-03 22:59:53,085] [10455/MainThread] [INFO] [dataiku.doctor.multiframe] MultiFrame, dropping rows: []
[2020-07-03 22:59:53,096] [10455/MainThread] [DEBUG] [dku.ml.preprocessing] After DRWNT input_df=(456, 15)
[2020-07-03 22:59:53,097] [10455/MainThread] [DEBUG] [dku.ml.preprocessing] MF after = (456, 51) target after = (456,)
[2020-07-03 22:59:53,097] [10455/MainThread] [DEBUG] [dku.ml.preprocessing] FIT/PROCESS WITH Step:DumpPipelineState
[2020-07-03 22:59:53,097] [10455/MainThread] [DEBUG] [dku.ml.preprocessing] ********* Pipeline state (Before feature selection)
[2020-07-03 22:59:53,097] [10455/MainThread] [DEBUG] [dku.ml.preprocessing]    input_df= (456, 15) 
[2020-07-03 22:59:53,097] [10455/MainThread] [DEBUG] [dku.ml.preprocessing]    current_mf=(456, 51) 
[2020-07-03 22:59:53,097] [10455/MainThread] [DEBUG] [dku.ml.preprocessing]    PPR: 
[2020-07-03 22:59:53,097] [10455/MainThread] [DEBUG] [dku.ml.preprocessing]       target = <class 'pandas.core.series.Series'> ((456,))
[2020-07-03 22:59:53,097] [10455/MainThread] [DEBUG] [dku.ml.preprocessing] FIT/PROCESS WITH Step:EmitCurrentMFAsResult
[2020-07-03 22:59:53,098] [10455/MainThread] [INFO] [dataiku.doctor.multiframe] Set MF index len 456
[2020-07-03 22:59:53,098] [10455/MainThread] [DEBUG] [dku.ml.preprocessing] FIT/PROCESS WITH Step:DumpPipelineState
[2020-07-03 22:59:53,098] [10455/MainThread] [DEBUG] [dku.ml.preprocessing] ********* Pipeline state (At end)
[2020-07-03 22:59:53,098] [10455/MainThread] [DEBUG] [dku.ml.preprocessing]    input_df= (456, 15) 
[2020-07-03 22:59:53,098] [10455/MainThread] [DEBUG] [dku.ml.preprocessing]    current_mf=(0, 0) 
[2020-07-03 22:59:53,098] [10455/MainThread] [DEBUG] [dku.ml.preprocessing]    PPR: 
[2020-07-03 22:59:53,099] [10455/MainThread] [DEBUG] [dku.ml.preprocessing]       UNPROCESSED = <class 'pandas.core.frame.DataFrame'> ((456, 15))
[2020-07-03 22:59:53,099] [10455/MainThread] [DEBUG] [dku.ml.preprocessing]       TRAIN = <class 'dataiku.doctor.multiframe.MultiFrame'> ((456, 51))
[2020-07-03 22:59:53,099] [10455/MainThread] [DEBUG] [dku.ml.preprocessing]       target = <class 'pandas.core.series.Series'> ((456,))
[2020-07-03 22:59:53,104] [10455/MainThread] [INFO] [dataiku.doctor.utils.listener] END -  Preprocessing train set
[2020-07-03 22:59:53,104] [10455/MainThread] [INFO] [dataiku.doctor.utils.listener] START -  Preprocessing test set
[2020-07-03 22:59:53,105] [10455/MainThread] [INFO] [dataiku.doctor.multiframe] Set MF index len 122
[2020-07-03 22:59:53,105] [10455/MainThread] [DEBUG] [dku.ml.preprocessing] PROCESS WITH Step:RemapValueToOutput
[2020-07-03 22:59:53,108] [10455/MainThread] [DEBUG] [dku.ml.preprocessing] PROCESS WITH Step:MultipleImputeMissingFromInput
[2020-07-03 22:59:53,108] [10455/MainThread] [DEBUG] [dku.ml.preprocessing] MIMIFI: Imputing with map {u'TotalIncome': 7166.923070150527, u'CoapplicantIncome': 1511.4428069926316, u'LoanAmount': 149451.75438596492, u'MonthlyLoan': 490.2785087719298, u'ApplicantIncome': 5655.480263157895, u'Loan_Amount_Term': 341.92105263157896, u'MonthlyLoan_Percentage': 7.903135733841888, u'Credit_History': 0.8441247002398081}
[2020-07-03 22:59:53,112] [10455/MainThread] [DEBUG] [dku.ml.preprocessing] PROCESS WITH Step:NumericalDerivativesGenerator
[2020-07-03 22:59:53,129] [10455/MainThread] [DEBUG] [dku.ml.preprocessing] PROCESS WITH Step:BlockStdRescalingProcessor
[2020-07-03 22:59:53,145] [10455/MainThread] [DEBUG] [dku.ml.preprocessing] PROCESS WITH Step:FlushDFBuilder(num_flagonly)
[2020-07-03 22:59:53,145] [10455/MainThread] [DEBUG] [dku.ml.preprocessing] PROCESS WITH Step:FastSparseDummifyProcessor (Property_Area)
[2020-07-03 22:59:53,148] [10455/MainThread] [DEBUG] [dku.ml.preprocessing] Dummifier: Append a sparse block shape=(122, 3) nnz=81
[2020-07-03 22:59:53,148] [10455/MainThread] [DEBUG] [dku.ml.preprocessing] PROCESS WITH Step:FastSparseDummifyProcessor (Gender)
[2020-07-03 22:59:53,153] [10455/MainThread] [DEBUG] [dku.ml.preprocessing] Dummifier: Append a sparse block shape=(122, 3) nnz=122
[2020-07-03 22:59:53,153] [10455/MainThread] [DEBUG] [dku.ml.preprocessing] PROCESS WITH Step:FastSparseDummifyProcessor (Married)
[2020-07-03 22:59:53,155] [10455/MainThread] [DEBUG] [dku.ml.preprocessing] Dummifier: Append a sparse block shape=(122, 3) nnz=122
[2020-07-03 22:59:53,156] [10455/MainThread] [DEBUG] [dku.ml.preprocessing] PROCESS WITH Step:FastSparseDummifyProcessor (Self_Employed)
[2020-07-03 22:59:53,158] [10455/MainThread] [DEBUG] [dku.ml.preprocessing] Dummifier: Append a sparse block shape=(122, 3) nnz=122
[2020-07-03 22:59:53,158] [10455/MainThread] [DEBUG] [dku.ml.preprocessing] PROCESS WITH Step:FastSparseDummifyProcessor (Education)
[2020-07-03 22:59:53,163] [10455/MainThread] [DEBUG] [dku.ml.preprocessing] Dummifier: Append a sparse block shape=(122, 2) nnz=84
[2020-07-03 22:59:53,163] [10455/MainThread] [DEBUG] [dku.ml.preprocessing] PROCESS WITH Step:FastSparseDummifyProcessor (Dependents)
[2020-07-03 22:59:53,168] [10455/MainThread] [DEBUG] [dku.ml.preprocessing] Dummifier: Append a sparse block shape=(122, 5) nnz=122
[2020-07-03 22:59:53,169] [10455/MainThread] [DEBUG] [dku.ml.preprocessing] PROCESS WITH Step:MultipleImputeMissingFromInput
[2020-07-03 22:59:53,169] [10455/MainThread] [DEBUG] [dku.ml.preprocessing] MIMIFI: Imputing with map {}
[2020-07-03 22:59:53,169] [10455/MainThread] [DEBUG] [dku.ml.preprocessing] PROCESS WITH Step:FlushDFBuilder(cat_flagpresence)
[2020-07-03 22:59:53,169] [10455/MainThread] [DEBUG] [dku.ml.preprocessing] PROCESS WITH Step:MultipleImputeMissingFromInput
[2020-07-03 22:59:53,169] [10455/MainThread] [DEBUG] [dku.ml.preprocessing] MIMIFI: Imputing with map {}
[2020-07-03 22:59:53,169] [10455/MainThread] [DEBUG] [dku.ml.preprocessing] PROCESS WITH Step:FlushDFBuilder(interaction)
[2020-07-03 22:59:53,169] [10455/MainThread] [DEBUG] [dku.ml.preprocessing] PROCESS WITH Step:RealignTarget
[2020-07-03 22:59:53,169] [10455/MainThread] [DEBUG] [dku.ml.preprocessing] Realign target series = (122,)
[2020-07-03 22:59:53,170] [10455/MainThread] [DEBUG] [dku.ml.preprocessing] After realign target: (122,)
[2020-07-03 22:59:53,170] [10455/MainThread] [DEBUG] [dku.ml.preprocessing] PROCESS WITH Step:DropRowsWhereNoTarget
[2020-07-03 22:59:53,171] [10455/MainThread] [DEBUG] [dku.ml.preprocessing] Deleting 0 rows because no target
[2020-07-03 22:59:53,171] [10455/MainThread] [DEBUG] [dku.ml.preprocessing] MF before = (122, 51) target before = (122,)
[2020-07-03 22:59:53,173] [10455/MainThread] [INFO] [dataiku.doctor.multiframe] MultiFrame, dropping rows: []
[2020-07-03 22:59:53,182] [10455/MainThread] [DEBUG] [dku.ml.preprocessing] After DRWNT input_df=(122, 15)
[2020-07-03 22:59:53,182] [10455/MainThread] [DEBUG] [dku.ml.preprocessing] MF after = (122, 51) target after = (122,)
[2020-07-03 22:59:53,183] [10455/MainThread] [DEBUG] [dku.ml.preprocessing] PROCESS WITH Step:DumpPipelineState
[2020-07-03 22:59:53,183] [10455/MainThread] [DEBUG] [dku.ml.preprocessing] ********* Pipeline state (Before feature selection)
[2020-07-03 22:59:53,183] [10455/MainThread] [DEBUG] [dku.ml.preprocessing]    input_df= (122, 15) 
[2020-07-03 22:59:53,184] [10455/MainThread] [DEBUG] [dku.ml.preprocessing]    current_mf=(122, 51) 
[2020-07-03 22:59:53,184] [10455/MainThread] [DEBUG] [dku.ml.preprocessing]    PPR: 
[2020-07-03 22:59:53,184] [10455/MainThread] [DEBUG] [dku.ml.preprocessing]       target = <class 'pandas.core.series.Series'> ((122,))
[2020-07-03 22:59:53,184] [10455/MainThread] [DEBUG] [dku.ml.preprocessing] PROCESS WITH Step:EmitCurrentMFAsResult
[2020-07-03 22:59:53,185] [10455/MainThread] [INFO] [dataiku.doctor.multiframe] Set MF index len 122
[2020-07-03 22:59:53,185] [10455/MainThread] [DEBUG] [dku.ml.preprocessing] PROCESS WITH Step:DumpPipelineState
[2020-07-03 22:59:53,185] [10455/MainThread] [DEBUG] [dku.ml.preprocessing] ********* Pipeline state (At end)
[2020-07-03 22:59:53,185] [10455/MainThread] [DEBUG] [dku.ml.preprocessing]    input_df= (122, 15) 
[2020-07-03 22:59:53,185] [10455/MainThread] [DEBUG] [dku.ml.preprocessing]    current_mf=(0, 0) 
[2020-07-03 22:59:53,185] [10455/MainThread] [DEBUG] [dku.ml.preprocessing]    PPR: 
[2020-07-03 22:59:53,185] [10455/MainThread] [DEBUG] [dku.ml.preprocessing]       UNPROCESSED = <class 'pandas.core.frame.DataFrame'> ((122, 15))
[2020-07-03 22:59:53,185] [10455/MainThread] [DEBUG] [dku.ml.preprocessing]       TRAIN = <class 'dataiku.doctor.multiframe.MultiFrame'> ((122, 51))
[2020-07-03 22:59:53,185] [10455/MainThread] [DEBUG] [dku.ml.preprocessing]       target = <class 'pandas.core.series.Series'> ((122,))
[2020-07-03 22:59:53,185] [10455/MainThread] [INFO] [dataiku.doctor.utils.listener] END -  Preprocessing test set
[2020-07-03 22:59:53,186] [10455/MainThread] [INFO] [dataiku.doctor.utils.listener] START -  Grid searching
[2020-07-03 22:59:53,189] [10455/MainThread] [INFO] [dataiku.doctor.prediction.common] prepare multiframe shape=(456,51) tn=23256 nnz=17117 fill_ratio=0.74
[2020-07-03 22:59:53,189] [10455/MainThread] [INFO] [dataiku.doctor.prediction.common] too small, using array
[2020-07-03 22:59:53,190] [10455/MainThread] [INFO] [dataiku.doctor.prediction.common] Create CLF from params: {u'computeLearningCurves': False, u'algorithm': u'LOGISTIC_REGRESSION', u'logit_grid': {u'penalty': {u'values': {u'l2': {u'enabled': True}, u'l1': {u'enabled': False}}}, u'multi_class': u'ovr', u'C': {u'gridMode': u'EXPLICIT', u'values': [0.01, 0.1, 1.0, 10.0, 100.0], u'nValues': 0}, u'n_jobs': 2, u'enabled': True}, u'autoOptimizeThreshold': True, u'gridLength': 5, u'metrics': {u'customEvaluationMetricGIB': True, u'customEvaluationMetricNeedsProba': False, u'thresholdOptimizationMetric': u'F1', u'liftPoint': 0.4, u'costMatrixWeights': {u'fnGain': 0.0, u'tpGain': 1.0, u'tnGain': 0.0, u'fpGain': -0.3}, u'evaluationMetric': u'ROC_AUC'}, u'forcedClassifierThreshold': 0.0, u'skipExpensiveReports': False, u'max_ensemble_nodes_serialized': 0, u'pluginAlgoCustomGridSearch': False, u'grid_search_params': {u'nIter': 0, u'nJobs': 4, u'strategy': u'GRID', u'randomized': True, u'shuffleIterations': 1, u'mode': u'KFOLD', u'timeout': 0, u'splitRatio': 0.8, u'nFolds': 3, u'stratified': True}} for algorithm LOGISTIC_REGRESSION
[2020-07-03 22:59:53,190] [10455/MainThread] [INFO] [dataiku.doctor.prediction.common] Using stratified K-Fold CV with k=3
[2020-07-03 22:59:53,190] [10455/MainThread] [INFO] [dataiku.doctor.crossval.grid_search_cv] Building Gridsearcher for hyperparameters space: <dataiku.doctor.prediction.common.HyperparametersSpace object at 0x1150e1990>
[2020-07-03 22:59:53,194] [10455/MainThread] [INFO] [dataiku.doctor.crossval.grid_search_cv] Fitting 3 folds for each of 5 candidates, totalling 15 fits
[Parallel(n_jobs=4)]: Using backend ThreadingBackend with 4 concurrent workers.
[2020-07-03 22:59:53,208] [10455/GS-123145463988224] [INFO] [dataiku.doctor.crossval.grid_search_cv] Fit  p=1 s=0: penalty=l2, C=0.1 ...............................................
[2020-07-03 22:59:53,208] [10455/GS-123145468194816] [INFO] [dataiku.doctor.crossval.grid_search_cv] Fit  p=1 s=1: penalty=l2, C=0.1 ...............................................
[2020-07-03 22:59:53,214] [10455/GS-123145472401408] [INFO] [dataiku.doctor.crossval.grid_search_cv] Fit  p=1 s=2: penalty=l2, C=0.1 ...............................................
[2020-07-03 22:59:53,245] [10455/GS-123145476608000] [INFO] [dataiku.doctor.crossval.grid_search_cv] Fit  p=0 s=0: penalty=l2, C=0.01 ..............................................
[2020-07-03 22:59:53,257] [10455/GS-123145463988224] [INFO] [dataiku.doctor.crossval.grid_search_cv] Done p=1 s=0: penalty=l2, C=0.1 (ft=0.0s st=0.0s sc=0.742990654206)
[2020-07-03 22:59:53,265] [10455/GS-123145468194816] [INFO] [dataiku.doctor.crossval.grid_search_cv] Done p=1 s=1: penalty=l2, C=0.1 (ft=0.0s st=0.0s sc=0.742001640689)
[2020-07-03 22:59:53,265] [10455/GS-123145463988224] [INFO] [dataiku.doctor.crossval.grid_search_cv] Fit  p=0 s=1: penalty=l2, C=0.01 ..............................................
[2020-07-03 22:59:53,266] [10455/GS-123145472401408] [INFO] [dataiku.doctor.crossval.grid_search_cv] Done p=1 s=2: penalty=l2, C=0.1 (ft=0.0s st=0.0s sc=0.848637316562)
[2020-07-03 22:59:53,275] [10455/GS-123145468194816] [INFO] [dataiku.doctor.crossval.grid_search_cv] Fit  p=0 s=2: penalty=l2, C=0.01 ..............................................
[2020-07-03 22:59:53,284] [10455/GS-123145472401408] [INFO] [dataiku.doctor.crossval.grid_search_cv] Fit  p=4 s=0: penalty=l2, C=100.0 .............................................
[2020-07-03 22:59:53,309] [10455/GS-123145476608000] [INFO] [dataiku.doctor.crossval.grid_search_cv] Done p=0 s=0: penalty=l2, C=0.01 (ft=0.0s st=0.0s sc=0.665176757416)
[2020-07-03 22:59:53,313] [10455/GS-123145476608000] [INFO] [dataiku.doctor.crossval.grid_search_cv] Fit  p=4 s=1: penalty=l2, C=100.0 .............................................
[2020-07-03 22:59:53,321] [10455/GS-123145463988224] [INFO] [dataiku.doctor.crossval.grid_search_cv] Done p=0 s=1: penalty=l2, C=0.01 (ft=0.0s st=0.0s sc=0.715545529122)
[2020-07-03 22:59:53,329] [10455/GS-123145463988224] [INFO] [dataiku.doctor.crossval.grid_search_cv] Fit  p=4 s=2: penalty=l2, C=100.0 .............................................
[2020-07-03 22:59:53,335] [10455/GS-123145468194816] [INFO] [dataiku.doctor.crossval.grid_search_cv] Done p=0 s=2: penalty=l2, C=0.01 (ft=0.0s st=0.0s sc=0.818658280922)
[2020-07-03 22:59:53,340] [10455/GS-123145468194816] [INFO] [dataiku.doctor.crossval.grid_search_cv] Fit  p=2 s=0: penalty=l2, C=1.0 ...............................................
[2020-07-03 22:59:53,363] [10455/GS-123145476608000] [INFO] [dataiku.doctor.crossval.grid_search_cv] Done p=4 s=1: penalty=l2, C=100.0 (ft=0.0s st=0.0s sc=0.749589827728)
[2020-07-03 22:59:53,375] [10455/GS-123145472401408] [INFO] [dataiku.doctor.crossval.grid_search_cv] Done p=4 s=0: penalty=l2, C=100.0 (ft=0.0s st=0.1s sc=0.702153596099)
[2020-07-03 22:59:53,376] [10455/GS-123145476608000] [INFO] [dataiku.doctor.crossval.grid_search_cv] Fit  p=2 s=1: penalty=l2, C=1.0 ...............................................
[2020-07-03 22:59:53,386] [10455/GS-123145472401408] [INFO] [dataiku.doctor.crossval.grid_search_cv] Fit  p=2 s=2: penalty=l2, C=1.0 ...............................................
[2020-07-03 22:59:53,397] [10455/GS-123145463988224] [INFO] [dataiku.doctor.crossval.grid_search_cv] Done p=4 s=2: penalty=l2, C=100.0 (ft=0.0s st=0.0s sc=0.859119496855)
[2020-07-03 22:59:53,403] [10455/GS-123145463988224] [INFO] [dataiku.doctor.crossval.grid_search_cv] Fit  p=3 s=0: penalty=l2, C=10.0 ..............................................
[2020-07-03 22:59:53,412] [10455/GS-123145468194816] [INFO] [dataiku.doctor.crossval.grid_search_cv] Done p=2 s=0: penalty=l2, C=1.0 (ft=0.0s st=0.0s sc=0.73161316538)
[2020-07-03 22:59:53,420] [10455/GS-123145468194816] [INFO] [dataiku.doctor.crossval.grid_search_cv] Fit  p=3 s=1: penalty=l2, C=10.0 ..............................................
[2020-07-03 22:59:53,443] [10455/GS-123145463988224] [INFO] [dataiku.doctor.crossval.grid_search_cv] Done p=3 s=0: penalty=l2, C=10.0 (ft=0.0s st=0.0s sc=0.701544087769)
[2020-07-03 22:59:53,452] [10455/GS-123145476608000] [INFO] [dataiku.doctor.crossval.grid_search_cv] Done p=2 s=1: penalty=l2, C=1.0 (ft=0.0s st=0.0s sc=0.751845775226)
[2020-07-03 22:59:53,455] [10455/GS-123145463988224] [INFO] [dataiku.doctor.crossval.grid_search_cv] Fit  p=3 s=2: penalty=l2, C=10.0 ..............................................
[2020-07-03 22:59:53,459] [10455/GS-123145472401408] [INFO] [dataiku.doctor.crossval.grid_search_cv] Done p=2 s=2: penalty=l2, C=1.0 (ft=0.0s st=0.1s sc=0.852830188679)
[2020-07-03 22:59:53,465] [10455/GS-123145468194816] [INFO] [dataiku.doctor.crossval.grid_search_cv] Done p=3 s=1: penalty=l2, C=10.0 (ft=0.0s st=0.0s sc=0.750820344545)
[2020-07-03 22:59:53,481] [10455/GS-123145463988224] [INFO] [dataiku.doctor.crossval.grid_search_cv] Done p=3 s=2: penalty=l2, C=10.0 (ft=0.0s st=0.0s sc=0.861006289308)
[Parallel(n_jobs=4)]: Done  15 out of  15 | elapsed:    0.3s finished
[2020-07-03 22:59:54,243] [10455/MainThread] [INFO] [dataiku.doctor.crossval.grid_search_cv] Grid search ended, got 15 scores out of 15
[2020-07-03 22:59:54,244] [10455/MainThread] [INFO] [dataiku.doctor.crossval.grid_search_cv] Grid search done, best_parameters being : {'penalty': u'l2', 'C': 1.0}
[2020-07-03 22:59:54,247] [10455/MainThread] [INFO] [dataiku.doctor.utils.listener] END -  Grid searching
[2020-07-03 22:59:54,247] [10455/MainThread] [INFO] [dataiku.doctor.utils.listener] START -  Fitting model
[2020-07-03 22:59:54,248] [10455/MainThread] [INFO] [dataiku.doctor.prediction.common] Fitting model:
[2020-07-03 22:59:54,249] [10455/MainThread] [INFO] [dataiku.doctor.prediction.common]   Model is: LogisticRegression(C=1.0,
          class_weight={0: 0.7147335423197492, 1: 1.6642335766423357},
          dual=False, fit_intercept=True, intercept_scaling=1,
          max_iter=100, multi_class=u'ovr', n_jobs=None, penalty=u'l2',
          random_state=1337, solver='liblinear', tol=0.0001, verbose=0,
          warm_start=False)
[2020-07-03 22:59:54,250] [10455/MainThread] [INFO] [dataiku.doctor.prediction.common]   train_X class: <type 'numpy.ndarray'>
[2020-07-03 22:59:54,250] [10455/MainThread] [INFO] [dataiku.doctor.prediction.common]   train_X shape: (456, 51)
[2020-07-03 22:59:54,250] [10455/MainThread] [INFO] [dataiku.doctor.prediction.common]   train_y shape: (456,)
[2020-07-03 22:59:54,280] [10455/MainThread] [INFO] [dataiku.doctor.prediction.classification_fit] LR Params are {'warm_start': False, 'C': 1.0, 'n_jobs': None, 'verbose': 0, 'intercept_scaling': 1, 'fit_intercept': True, 'max_iter': 100, 'penalty': u'l2', 'multi_class': u'ovr', 'random_state': 1337, 'dual': False, 'tol': 0.0001, 'solver': 'liblinear', 'class_weight': {0: 0.7147335423197492, 1: 1.6642335766423357}} 
[2020-07-03 22:59:54,280] [10455/MainThread] [INFO] [dataiku.doctor.prediction.classification_fit] Output params are {'resolved': {'logit': {'penalty': u'l2', 'multi_class': u'ovr', 'C': 1.0}, 'skipExpensiveReports': False, 'algorithm': u'LOGISTIC_REGRESSION'}, 'other': {}}
[2020-07-03 22:59:54,281] [10455/MainThread] [INFO] [dataiku.doctor.utils.listener] END -  Fitting model
[2020-07-03 22:59:54,281] [10455/MainThread] [INFO] [dataiku.doctor.utils.listener] START -  Saving model
[2020-07-03 22:59:54,283] [10455/MainThread] [INFO] [dataiku.doctor.prediction_entrypoints] PICKLING LogisticRegression(C=1.0,
          class_weight={0: 0.7147335423197492, 1: 1.6642335766423357},
          dual=False, fit_intercept=True, intercept_scaling=1,
          max_iter=100, multi_class=u'ovr', n_jobs=None, penalty=u'l2',
          random_state=1337, solver='liblinear', tol=0.0001, verbose=0,
          warm_start=False)
[2020-07-03 22:59:54,285] [10455/MainThread] [INFO] [dataiku.doctor.utils.listener] END -  Saving model
[2020-07-03 22:59:54,285] [10455/MainThread] [INFO] [dataiku.doctor.utils.listener] START -  Scoring model
[2020-07-03 22:59:54,286] [10455/MainThread] [INFO] [dataiku.doctor.prediction.classification_scoring] Intrinsic scoring
[2020-07-03 22:59:54,286] [10455/MainThread] [INFO] [dataiku.doctor.prediction.classification_scoring] Computing regression coeffs
[2020-07-03 22:59:54,287] [10455/MainThread] [INFO] [dataiku.doctor.prediction.classification_scoring] FEATURES 51 CLF COEF 51
[2020-07-03 22:59:54,287] [10455/MainThread] [INFO] [dataiku.doctor.prediction.classification_scoring] CLF Intercept: [-0.07021887]
[2020-07-03 22:59:54,290] [10455/MainThread] [INFO] [dataiku.doctor.prediction.scoring_base] Coefs: [-7.02188678e-02 -3.76063633e-05  1.32856043e-04 -1.93752757e-01
  1.04656967e-05 -7.56609949e-03 -1.59107906e-04  1.75225719e-01
  9.52497387e-05 -6.37972640e-02 -1.09825353e-02 -4.27616620e-01
  1.48716190e-01  2.84574988e-01 -5.53236654e-01 -8.85231610e-01
  2.07608768e-01 -4.00804785e-01 -6.71121741e-01  2.93880410e-01
 -4.76795642e-01 -3.21469564e-01  5.18092843e-01  7.12871788e-02
  5.17286193e-01  2.95948076e-01  2.53893651e-01 -2.49511397e-01
  1.29349381e-02 -8.35025607e-02 -2.21397080e-03 -6.04574997e-01
 -8.10821703e-01 -1.40912193e+00 -5.12631079e-01  0.00000000e+00
  1.11746865e-02 -1.14381931e-01  3.29883767e-02  1.09897743e-01
  1.28362819e-01 -3.08479430e-01 -1.49873787e-01 -7.03462815e-02
  1.50001201e-01 -2.90411272e-01  0.00000000e+00  1.68246392e-01
  3.15117976e-01 -2.11672787e-01 -2.60892265e-01 -8.10181833e-02]
[2020-07-03 22:59:54,290] [10455/MainThread] [INFO] [dataiku.doctor.prediction.scoring_base] Sample variance: 0.577000229837737
[2020-07-03 22:59:54,292] [10455/MainThread] [INFO] [dataiku.doctor.prediction.scoring_base] Diagonal in information_matrix computation:   (0, 0)	0.23812869041154813
  (1, 1)	0.24234745242876454
  (2, 2)	0.2160380375950948
  (3, 3)	0.09262055515993604
  (4, 4)	0.219573437694587
  (5, 5)	0.134965063997386
  (6, 6)	0.18710264848038602
  (7, 7)	0.24081704456303216
  (8, 8)	0.23678413202613804
  (9, 9)	0.24392499909449616
  (10, 10)	0.2482303376367789
  (11, 11)	0.02188032158876609
  (12, 12)	0.23264231865298868
  (13, 13)	0.018808136759557035
  (14, 14)	0.2489618989059291
  (15, 15)	0.025723678074946913
  (16, 16)	0.18681779418289124
  (17, 17)	0.1823883599120092
  (18, 18)	0.16944894344384356
  (19, 19)	0.2241950896174745
  (20, 20)	0.09334023257354035
  (21, 21)	0.24971198856282983
  (22, 22)	0.24537992953638196
  (23, 23)	0.24297130231822386
  (24, 24)	0.10558287337639848
  :	:
  (431, 431)	0.015502371471224208
  (432, 432)	0.2491813019274795
  (433, 433)	0.1978815411792287
  (434, 434)	0.23014930230462097
  (435, 435)	0.16335531256991745
  (436, 436)	0.03433941059374727
  (437, 437)	0.030661630239354237
  (438, 438)	0.1375694450561196
  (439, 439)	0.17581740485660854
  (440, 440)	0.16681184285326436
  (441, 441)	0.24959420782465377
  (442, 442)	0.04443187198994956
  (443, 443)	0.24723209252247227
  (444, 444)	0.2437958237958004
  (445, 445)	0.2100970751285108
  (446, 446)	0.24940094065097368
  (447, 447)	0.1598604452428037
  (448, 448)	0.15350928943184008
  (449, 449)	0.23852203005847458
  (450, 450)	0.22912051190281135
  (451, 451)	0.24800348176276601
  (452, 452)	0.12304281036058995
  (453, 453)	0.21934048647274176
  (454, 454)	0.22580056347740035
  (455, 455)	0.04000670800773635
[2020-07-03 22:59:54,314] [10455/MainThread] [INFO] [dataiku.doctor.prediction.scoring_base] Singular variance matrix
[2020-07-03 22:59:54,314] [10455/MainThread] [INFO] [dataiku.doctor.prediction.classification_scoring] V=ApplicantIncome i=-3.760636325992767e-05
[2020-07-03 22:59:54,317] [10455/MainThread] [INFO] [dataiku.doctor.prediction.classification_scoring] V=CoapplicantIncome i=0.00013285604318271607
[2020-07-03 22:59:54,317] [10455/MainThread] [INFO] [dataiku.doctor.prediction.classification_scoring] V=Credit_History i=-0.19375275677361867
[2020-07-03 22:59:54,317] [10455/MainThread] [INFO] [dataiku.doctor.prediction.classification_scoring] V=LoanAmount i=1.0465696722219157e-05
[2020-07-03 22:59:54,317] [10455/MainThread] [INFO] [dataiku.doctor.prediction.classification_scoring] V=Loan_Amount_Term i=-0.007566099492228564
[2020-07-03 22:59:54,317] [10455/MainThread] [INFO] [dataiku.doctor.prediction.classification_scoring] V=MonthlyLoan i=-0.00015910790558407173
[2020-07-03 22:59:54,318] [10455/MainThread] [INFO] [dataiku.doctor.prediction.classification_scoring] V=MonthlyLoan_Percentage i=0.1752257187611247
[2020-07-03 22:59:54,318] [10455/MainThread] [INFO] [dataiku.doctor.prediction.classification_scoring] V=TotalIncome i=9.524973872089128e-05
[2020-07-03 22:59:54,318] [10455/MainThread] [INFO] [dataiku.doctor.prediction.classification_scoring] V=NUM_DERIVATIVE:TotalIncome^2 i=-0.06379726395100356
[2020-07-03 22:59:54,318] [10455/MainThread] [INFO] [dataiku.doctor.prediction.classification_scoring] V=NUM_DERIVATIVE:sqrt(TotalIncome) i=-0.010982535334538529
[2020-07-03 22:59:54,318] [10455/MainThread] [INFO] [dataiku.doctor.prediction.classification_scoring] V=NUM_DERIVATIVE:log(TotalIncome) i=-0.4276166197471999
[2020-07-03 22:59:54,318] [10455/MainThread] [INFO] [dataiku.doctor.prediction.classification_scoring] V=NUM_DERIVATIVE:CoapplicantIncome^2 i=0.14871618993609412
[2020-07-03 22:59:54,318] [10455/MainThread] [INFO] [dataiku.doctor.prediction.classification_scoring] V=NUM_DERIVATIVE:sqrt(CoapplicantIncome) i=0.28457498846675683
[2020-07-03 22:59:54,318] [10455/MainThread] [INFO] [dataiku.doctor.prediction.classification_scoring] V=NUM_DERIVATIVE:log(CoapplicantIncome) i=-0.5532366537366359
[2020-07-03 22:59:54,319] [10455/MainThread] [INFO] [dataiku.doctor.prediction.classification_scoring] V=NUM_DERIVATIVE:LoanAmount^2 i=-0.8852316098365942
[2020-07-03 22:59:54,319] [10455/MainThread] [INFO] [dataiku.doctor.prediction.classification_scoring] V=NUM_DERIVATIVE:sqrt(LoanAmount) i=0.20760876767201472
[2020-07-03 22:59:54,319] [10455/MainThread] [INFO] [dataiku.doctor.prediction.classification_scoring] V=NUM_DERIVATIVE:log(LoanAmount) i=-0.4008047847923718
[2020-07-03 22:59:54,319] [10455/MainThread] [INFO] [dataiku.doctor.prediction.classification_scoring] V=NUM_DERIVATIVE:MonthlyLoan^2 i=-0.671121740938315
[2020-07-03 22:59:54,319] [10455/MainThread] [INFO] [dataiku.doctor.prediction.classification_scoring] V=NUM_DERIVATIVE:sqrt(MonthlyLoan) i=0.2938804103099116
[2020-07-03 22:59:54,319] [10455/MainThread] [INFO] [dataiku.doctor.prediction.classification_scoring] V=NUM_DERIVATIVE:log(MonthlyLoan) i=-0.47679564169508726
[2020-07-03 22:59:54,319] [10455/MainThread] [INFO] [dataiku.doctor.prediction.classification_scoring] V=NUM_DERIVATIVE:ApplicantIncome^2 i=-0.32146956383204506
[2020-07-03 22:59:54,319] [10455/MainThread] [INFO] [dataiku.doctor.prediction.classification_scoring] V=NUM_DERIVATIVE:sqrt(ApplicantIncome) i=0.5180928428060538
[2020-07-03 22:59:54,320] [10455/MainThread] [INFO] [dataiku.doctor.prediction.classification_scoring] V=NUM_DERIVATIVE:log(ApplicantIncome) i=0.07128717875747138
[2020-07-03 22:59:54,320] [10455/MainThread] [INFO] [dataiku.doctor.prediction.classification_scoring] V=NUM_DERIVATIVE:Loan_Amount_Term^2 i=0.5172861928418342
[2020-07-03 22:59:54,320] [10455/MainThread] [INFO] [dataiku.doctor.prediction.classification_scoring] V=NUM_DERIVATIVE:sqrt(Loan_Amount_Term) i=0.295948076188151
[2020-07-03 22:59:54,320] [10455/MainThread] [INFO] [dataiku.doctor.prediction.classification_scoring] V=NUM_DERIVATIVE:log(Loan_Amount_Term) i=0.2538936514262968
[2020-07-03 22:59:54,320] [10455/MainThread] [INFO] [dataiku.doctor.prediction.classification_scoring] V=NUM_DERIVATIVE:MonthlyLoan_Percentage^2 i=-0.2495113965017094
[2020-07-03 22:59:54,320] [10455/MainThread] [INFO] [dataiku.doctor.prediction.classification_scoring] V=NUM_DERIVATIVE:sqrt(MonthlyLoan_Percentage) i=0.012934938089682851
[2020-07-03 22:59:54,320] [10455/MainThread] [INFO] [dataiku.doctor.prediction.classification_scoring] V=NUM_DERIVATIVE:log(MonthlyLoan_Percentage) i=-0.0835025606914576
[2020-07-03 22:59:54,320] [10455/MainThread] [INFO] [dataiku.doctor.prediction.classification_scoring] V=NUM_DERIVATIVE:Credit_History^2 i=-0.0022139707957976196
[2020-07-03 22:59:54,320] [10455/MainThread] [INFO] [dataiku.doctor.prediction.classification_scoring] V=NUM_DERIVATIVE:sqrt(Credit_History) i=-0.6045749969730485
[2020-07-03 22:59:54,320] [10455/MainThread] [INFO] [dataiku.doctor.prediction.classification_scoring] V=NUM_DERIVATIVE:log(Credit_History) i=-0.8108217025708229
[2020-07-03 22:59:54,321] [10455/MainThread] [INFO] [dataiku.doctor.prediction.classification_scoring] V=dummy:Property_Area:Semiurban i=-1.4091219289687342
[2020-07-03 22:59:54,321] [10455/MainThread] [INFO] [dataiku.doctor.prediction.classification_scoring] V=dummy:Property_Area:Urban i=-0.5126310791618356
[2020-07-03 22:59:54,321] [10455/MainThread] [INFO] [dataiku.doctor.prediction.classification_scoring] V=dummy:Gender:Male i=0.011174686548438902
[2020-07-03 22:59:54,321] [10455/MainThread] [INFO] [dataiku.doctor.prediction.classification_scoring] V=dummy:Gender:Female i=-0.11438193100132481
[2020-07-03 22:59:54,321] [10455/MainThread] [INFO] [dataiku.doctor.prediction.classification_scoring] V=dummy:Gender:N/A i=0.0329883766653099
[2020-07-03 22:59:54,321] [10455/MainThread] [INFO] [dataiku.doctor.prediction.classification_scoring] V=dummy:Married:Yes i=0.10989774261984812
[2020-07-03 22:59:54,321] [10455/MainThread] [INFO] [dataiku.doctor.prediction.classification_scoring] V=dummy:Married:No i=0.12836281941325786
[2020-07-03 22:59:54,321] [10455/MainThread] [INFO] [dataiku.doctor.prediction.classification_scoring] V=dummy:Married:N/A i=-0.3084794298206872
[2020-07-03 22:59:54,321] [10455/MainThread] [INFO] [dataiku.doctor.prediction.classification_scoring] V=dummy:Self_Employed:No i=-0.14987378684238076
[2020-07-03 22:59:54,321] [10455/MainThread] [INFO] [dataiku.doctor.prediction.classification_scoring] V=dummy:Self_Employed:Yes i=-0.07034628150764605
[2020-07-03 22:59:54,322] [10455/MainThread] [INFO] [dataiku.doctor.prediction.classification_scoring] V=dummy:Self_Employed:N/A i=0.15000120056245347
[2020-07-03 22:59:54,322] [10455/MainThread] [INFO] [dataiku.doctor.prediction.classification_scoring] V=dummy:Education:Graduate i=-0.29041127202519695
[2020-07-03 22:59:54,322] [10455/MainThread] [INFO] [dataiku.doctor.prediction.classification_scoring] V=dummy:Dependents:0 i=0.16824639162815774
[2020-07-03 22:59:54,322] [10455/MainThread] [INFO] [dataiku.doctor.prediction.classification_scoring] V=dummy:Dependents:1 i=0.3151179759558629
[2020-07-03 22:59:54,322] [10455/MainThread] [INFO] [dataiku.doctor.prediction.classification_scoring] V=dummy:Dependents:2 i=-0.21167278719865346
[2020-07-03 22:59:54,322] [10455/MainThread] [INFO] [dataiku.doctor.prediction.classification_scoring] V=dummy:Dependents:3+ i=-0.2608922648795019
[2020-07-03 22:59:54,322] [10455/MainThread] [INFO] [dataiku.doctor.prediction.classification_scoring] V=dummy:Dependents:N/A i=-0.08101818329343953
[2020-07-03 22:59:54,322] [10455/MainThread] [INFO] [dataiku.doctor.prediction.classification_scoring] Extracting rescalers
[2020-07-03 22:59:54,325] [10455/MainThread] [INFO] [dataiku.doctor.prediction.common] prepare multiframe shape=(122,51) tn=6222 nnz=4557 fill_ratio=0.73
[2020-07-03 22:59:54,325] [10455/MainThread] [INFO] [dataiku.doctor.prediction.common] too small, using array
[2020-07-03 22:59:54,326] [10455/MainThread] [INFO] [dataiku.doctor.prediction.classification_scoring] Probas raw shape 122/2 target_map=2
//Applications/DataScienceStudio.app/Contents/Resources/kit/python.packages/sklearn/metrics/classification.py:543: RuntimeWarning: invalid value encountered in double_scalars
  mcc = cov_ytyp / np.sqrt(cov_ytyt * cov_ypyp)
[2020-07-03 22:59:54,899] [10455/MainThread] [INFO] [dataiku.doctor.prediction.classification_scoring] Starting threshold optim
[2020-07-03 22:59:54,902] [10455/MainThread] [INFO] [dataiku.doctor.prediction.classification_scoring] AT CUT 0.000000 score 0.475000 (pred_true=122)
[2020-07-03 22:59:54,905] [10455/MainThread] [INFO] [dataiku.doctor.prediction.classification_scoring] AT CUT 0.025000 score 0.475000 (pred_true=122)
[2020-07-03 22:59:54,909] [10455/MainThread] [INFO] [dataiku.doctor.prediction.classification_scoring] AT CUT 0.050000 score 0.468354 (pred_true=120)
[2020-07-03 22:59:54,911] [10455/MainThread] [INFO] [dataiku.doctor.prediction.classification_scoring] AT CUT 0.075000 score 0.468354 (pred_true=120)
[2020-07-03 22:59:54,913] [10455/MainThread] [INFO] [dataiku.doctor.prediction.classification_scoring] AT CUT 0.100000 score 0.461538 (pred_true=118)
[2020-07-03 22:59:54,915] [10455/MainThread] [INFO] [dataiku.doctor.prediction.classification_scoring] AT CUT 0.125000 score 0.480000 (pred_true=112)
[2020-07-03 22:59:54,919] [10455/MainThread] [INFO] [dataiku.doctor.prediction.classification_scoring] AT CUT 0.150000 score 0.486111 (pred_true=106)
[2020-07-03 22:59:54,921] [10455/MainThread] [INFO] [dataiku.doctor.prediction.classification_scoring] AT CUT 0.175000 score 0.507246 (pred_true=100)
[2020-07-03 22:59:54,923] [10455/MainThread] [INFO] [dataiku.doctor.prediction.classification_scoring] AT CUT 0.200000 score 0.519084 (pred_true=93)
[2020-07-03 22:59:54,925] [10455/MainThread] [INFO] [dataiku.doctor.prediction.classification_scoring] AT CUT 0.225000 score 0.536585 (pred_true=85)
[2020-07-03 22:59:54,927] [10455/MainThread] [INFO] [dataiku.doctor.prediction.classification_scoring] AT CUT 0.250000 score 0.529915 (pred_true=79)
[2020-07-03 22:59:54,929] [10455/MainThread] [INFO] [dataiku.doctor.prediction.classification_scoring] AT CUT 0.275000 score 0.542056 (pred_true=69)
[2020-07-03 22:59:54,930] [10455/MainThread] [INFO] [dataiku.doctor.prediction.classification_scoring] AT CUT 0.300000 score 0.543689 (pred_true=65)
[2020-07-03 22:59:54,932] [10455/MainThread] [INFO] [dataiku.doctor.prediction.classification_scoring] AT CUT 0.325000 score 0.568421 (pred_true=57)
[2020-07-03 22:59:54,937] [10455/MainThread] [INFO] [dataiku.doctor.prediction.classification_scoring] AT CUT 0.350000 score 0.555556 (pred_true=52)
[2020-07-03 22:59:54,940] [10455/MainThread] [INFO] [dataiku.doctor.prediction.classification_scoring] AT CUT 0.375000 score 0.551724 (pred_true=49)
[2020-07-03 22:59:54,943] [10455/MainThread] [INFO] [dataiku.doctor.prediction.classification_scoring] AT CUT 0.400000 score 0.560976 (pred_true=44)
[2020-07-03 22:59:54,945] [10455/MainThread] [INFO] [dataiku.doctor.prediction.classification_scoring] AT CUT 0.425000 score 0.571429 (pred_true=39)
[2020-07-03 22:59:54,947] [10455/MainThread] [INFO] [dataiku.doctor.prediction.classification_scoring] AT CUT 0.450000 score 0.578947 (pred_true=38)
[2020-07-03 22:59:54,950] [10455/MainThread] [INFO] [dataiku.doctor.prediction.classification_scoring] AT CUT 0.475000 score 0.575342 (pred_true=35)
[2020-07-03 22:59:54,953] [10455/MainThread] [INFO] [dataiku.doctor.prediction.classification_scoring] AT CUT 0.500000 score 0.555556 (pred_true=34)
[2020-07-03 22:59:54,955] [10455/MainThread] [INFO] [dataiku.doctor.prediction.classification_scoring] AT CUT 0.525000 score 0.579710 (pred_true=31)
[2020-07-03 22:59:54,958] [10455/MainThread] [INFO] [dataiku.doctor.prediction.classification_scoring] AT CUT 0.550000 score 0.558824 (pred_true=30)
[2020-07-03 22:59:54,960] [10455/MainThread] [INFO] [dataiku.doctor.prediction.classification_scoring] AT CUT 0.575000 score 0.553846 (pred_true=27)
[2020-07-03 22:59:54,963] [10455/MainThread] [INFO] [dataiku.doctor.prediction.classification_scoring] AT CUT 0.600000 score 0.539683 (pred_true=25)
[2020-07-03 22:59:54,965] [10455/MainThread] [INFO] [dataiku.doctor.prediction.classification_scoring] AT CUT 0.625000 score 0.557377 (pred_true=23)
[2020-07-03 22:59:54,968] [10455/MainThread] [INFO] [dataiku.doctor.prediction.classification_scoring] AT CUT 0.650000 score 0.533333 (pred_true=22)
[2020-07-03 22:59:54,971] [10455/MainThread] [INFO] [dataiku.doctor.prediction.classification_scoring] AT CUT 0.675000 score 0.551724 (pred_true=20)
[2020-07-03 22:59:54,973] [10455/MainThread] [INFO] [dataiku.doctor.prediction.classification_scoring] AT CUT 0.700000 score 0.571429 (pred_true=18)
[2020-07-03 22:59:54,974] [10455/MainThread] [INFO] [dataiku.doctor.prediction.classification_scoring] AT CUT 0.725000 score 0.545455 (pred_true=17)
[2020-07-03 22:59:54,976] [10455/MainThread] [INFO] [dataiku.doctor.prediction.classification_scoring] AT CUT 0.750000 score 0.545455 (pred_true=17)
[2020-07-03 22:59:54,978] [10455/MainThread] [INFO] [dataiku.doctor.prediction.classification_scoring] AT CUT 0.775000 score 0.518519 (pred_true=16)
[2020-07-03 22:59:54,980] [10455/MainThread] [INFO] [dataiku.doctor.prediction.classification_scoring] AT CUT 0.800000 score 0.518519 (pred_true=16)
[2020-07-03 22:59:54,982] [10455/MainThread] [INFO] [dataiku.doctor.prediction.classification_scoring] AT CUT 0.825000 score 0.518519 (pred_true=16)
[2020-07-03 22:59:54,986] [10455/MainThread] [INFO] [dataiku.doctor.prediction.classification_scoring] AT CUT 0.850000 score 0.518519 (pred_true=16)
[2020-07-03 22:59:54,990] [10455/MainThread] [INFO] [dataiku.doctor.prediction.classification_scoring] AT CUT 0.875000 score 0.518519 (pred_true=16)
[2020-07-03 22:59:54,992] [10455/MainThread] [INFO] [dataiku.doctor.prediction.classification_scoring] AT CUT 0.900000 score 0.500000 (pred_true=14)
[2020-07-03 22:59:54,994] [10455/MainThread] [INFO] [dataiku.doctor.prediction.classification_scoring] AT CUT 0.925000 score 0.470588 (pred_true=13)
[2020-07-03 22:59:54,996] [10455/MainThread] [INFO] [dataiku.doctor.prediction.classification_scoring] AT CUT 0.950000 score 0.375000 (pred_true=10)
[2020-07-03 22:59:54,998] [10455/MainThread] [INFO] [dataiku.doctor.prediction.classification_scoring] AT CUT 0.975000 score 0.304348 (pred_true=8)
[2020-07-03 22:59:54,998] [10455/MainThread] [INFO] [dataiku.doctor.prediction.classification_scoring] Selected threshold 0.525 
[2020-07-03 22:59:55,006] [10455/MainThread] [INFO] [dataiku.doctor.prediction.classification_scoring] preds 0      0
1      0
2      0
3      0
4      0
5      1
6      0
7      0
8      0
9      0
10     0
11     0
12     1
13     0
14     1
15     0
16     0
17     0
18     0
19     0
20     1
21     0
22     0
23     0
24     1
25     0
26     0
27     0
28     0
29     0
      ..
92     0
93     0
94     0
95     1
96     0
97     1
98     0
99     1
100    0
101    0
102    1
103    0
104    0
105    0
106    0
107    0
108    0
109    0
110    1
111    0
112    0
113    1
114    0
115    0
116    0
117    0
118    1
119    0
120    0
121    1
Name: predicted, Length: 122, dtype: int64
[2020-07-03 22:59:55,007] [10455/MainThread] [INFO] [dataiku.doctor.prediction.classification_scoring] MAPPED SHAPE 122
[2020-07-03 22:59:55,007] [10455/MainThread] [INFO] [dataiku.doctor.prediction.classification_scoring] k=Y v=0
[2020-07-03 22:59:55,007] [10455/MainThread] [INFO] [dataiku.doctor.prediction.classification_scoring] Mask data [ True  True  True  True  True False  True  True  True  True  True  True
 False  True False  True  True  True  True  True False  True  True  True
 False  True  True  True  True  True  True  True  True  True  True  True
  True False  True  True  True False  True  True  True  True  True  True
  True  True  True False  True  True False  True False False False  True
  True False False  True  True False  True  True  True False  True False
  True  True  True False False False  True  True  True  True  True  True
 False  True  True  True  True False  True False  True  True  True False
  True False  True False  True  True False  True  True  True  True  True
  True  True False  True  True False  True  True  True  True False  True
  True False]
[2020-07-03 22:59:55,008] [10455/MainThread] [INFO] [dataiku.doctor.prediction.classification_scoring] mapped pred <type 'numpy.ndarray'>
[2020-07-03 22:59:55,008] [10455/MainThread] [INFO] [dataiku.doctor.prediction.classification_scoring] k=N v=1
[2020-07-03 22:59:55,009] [10455/MainThread] [INFO] [dataiku.doctor.prediction.classification_scoring] Mask data [False False False False False  True False False False False False False
  True False  True False False False False False  True False False False
  True False False False False False False False False False False False
 False  True False False False  True False False False False False False
 False False False  True False False  True False  True  True  True False
 False  True  True False False  True False False False  True False  True
 False False False  True  True  True False False False False False False
  True False False False False  True False  True False False False  True
 False  True False  True False False  True False False False False False
 False False  True False False  True False False False False  True False
 False  True]
[2020-07-03 22:59:55,010] [10455/MainThread] [INFO] [dataiku.doctor.prediction.classification_scoring] mapped pred <type 'numpy.ndarray'>
[2020-07-03 22:59:55,010] [10455/MainThread] [INFO] [dataiku.doctor.prediction.classification_scoring] MAPPED PREDS [u'Y' u'Y' u'Y' u'Y' u'Y' u'N' u'Y' u'Y' u'Y' u'Y' u'Y' u'Y' u'N' u'Y'
 u'N' u'Y' u'Y' u'Y' u'Y' u'Y' u'N' u'Y' u'Y' u'Y' u'N' u'Y' u'Y' u'Y'
 u'Y' u'Y' u'Y' u'Y' u'Y' u'Y' u'Y' u'Y' u'Y' u'N' u'Y' u'Y' u'Y' u'N'
 u'Y' u'Y' u'Y' u'Y' u'Y' u'Y' u'Y' u'Y' u'Y' u'N' u'Y' u'Y' u'N' u'Y'
 u'N' u'N' u'N' u'Y' u'Y' u'N' u'N' u'Y' u'Y' u'N' u'Y' u'Y' u'Y' u'N'
 u'Y' u'N' u'Y' u'Y' u'Y' u'N' u'N' u'N' u'Y' u'Y' u'Y' u'Y' u'Y' u'Y'
 u'N' u'Y' u'Y' u'Y' u'Y' u'N' u'Y' u'N' u'Y' u'Y' u'Y' u'N' u'Y' u'N'
 u'Y' u'N' u'Y' u'Y' u'N' u'Y' u'Y' u'Y' u'Y' u'Y' u'Y' u'Y' u'N' u'Y'
 u'Y' u'N' u'Y' u'Y' u'Y' u'Y' u'N' u'Y' u'Y' u'N']
[2020-07-03 22:59:55,026] [10455/MainThread] [INFO] [dataiku.doctor.prediction.common] Total true rate = 38 / 122
[2020-07-03 22:59:55,026] [10455/MainThread] [INFO] [dataiku.doctor.prediction.common] Computing lift on first 48 rows
[2020-07-03 22:59:55,028] [10455/MainThread] [INFO] [dataiku.doctor.prediction.common] True rate on considered : 48 / 24
[2020-07-03 22:59:55,028] [10455/MainThread] [INFO] [dataiku.doctor.prediction.common] Lift = 1.605263
[2020-07-03 22:59:55,095] [10455/MainThread] [INFO] [dataiku.doctor.prediction.classification_scoring] Density for Y (id 0)
[2020-07-03 22:59:55,096] [10455/MainThread] [INFO] [dataiku.doctor.prediction.classification_scoring] valid_y shape = (122,)
[2020-07-03 22:59:55,096] [10455/MainThread] [INFO] [dataiku.doctor.prediction.classification_scoring] CP: <type 'numpy.ndarray'> ((122,))
[2020-07-03 22:59:55,096] [10455/MainThread] [INFO] [dataiku.doctor.prediction.classification_scoring] Actual shape = (122,)
[2020-07-03 22:59:55,096] [10455/MainThread] [INFO] [dataiku.doctor.prediction.classification_scoring] MASK is <type 'numpy.ndarray'> 
[2020-07-03 22:59:55,098] [10455/MainThread] [INFO] [dataiku.doctor.prediction.classification_scoring] Class proba [0.55277929 0.66769547 0.64109307 0.7623747  0.95032306 0.86829268
 0.84885438 0.9130948  0.72524898 0.87317922 0.85041358 0.87788164
 0.78859387 0.80901354 0.42641575 0.79397093 0.86587098 0.73881569
 0.79932264 0.67804638 0.89087035 0.4764467  0.764756   0.6987898
 0.69061134 0.83383143 0.72659303 0.48805351 0.7126337  0.87064883
 0.79658948 0.60649786 0.71422044 0.73820585 0.8390945  0.83903713
 0.32749649 0.59624462 0.41615183 0.44157376 0.39622337 0.82037767
 0.01101898 0.83637397 0.74566279 0.63593568 0.73599359 0.80232334
 0.73485317 0.79279722 0.69970365 0.68585331 0.11261077 0.32048877
 0.54895119 0.60680504 0.72196875 0.5953925  0.49045279 0.80778151
 0.88891479 0.7642964  0.87972578 0.66121615 0.3217924  0.79289214
 0.69000351 0.65967938 0.38918105 0.82388551 0.60878658 0.67567094
 0.76483479 0.89497366 0.74694945 0.80510323 0.54825893 0.84616105
 0.88934862 0.58034423 0.61054099 0.78395468 0.34917263 0.5950098 ]
[2020-07-03 22:59:55,099] [10455/MainThread] [INFO] [dataiku.doctor.prediction.classification_scoring] Class proba shape (84,)
[2020-07-03 22:59:55,113] [10455/MainThread] [INFO] [dataiku.doctor.prediction.classification_scoring] Density for N (id 1)
[2020-07-03 22:59:55,114] [10455/MainThread] [INFO] [dataiku.doctor.prediction.classification_scoring] valid_y shape = (122,)
[2020-07-03 22:59:55,114] [10455/MainThread] [INFO] [dataiku.doctor.prediction.classification_scoring] CP: <type 'numpy.ndarray'> ((122,))
[2020-07-03 22:59:55,114] [10455/MainThread] [INFO] [dataiku.doctor.prediction.classification_scoring] Actual shape = (122,)
[2020-07-03 22:59:55,114] [10455/MainThread] [INFO] [dataiku.doctor.prediction.classification_scoring] MASK is <type 'numpy.ndarray'> 
[2020-07-03 22:59:55,120] [10455/MainThread] [INFO] [dataiku.doctor.prediction.classification_scoring] Class proba [0.93456832 0.21578425 0.24044351 0.94087476 0.72444316 0.36824464
 0.40565224 0.75572783 0.13499962 0.19019261 0.87590814 0.93671075
 0.31257886 0.2733632  0.24091305 0.07966986 0.99145214 0.46648749
 0.48782416 0.99241629 0.98524797 0.59333215 0.92356244 0.54546995
 0.2748912  0.97925934 0.97380062 0.345873   0.97605099 0.63248286
 0.04457785 0.57004385 0.29491844 0.98316233 0.9652282  0.333145
 0.39082761 0.99972262]
[2020-07-03 22:59:55,121] [10455/MainThread] [INFO] [dataiku.doctor.prediction.classification_scoring] Class proba shape (38,)
[2020-07-03 22:59:55,165] [10455/MainThread] [INFO] [dataiku.doctor.utils.listener] END -  Scoring model
[2020/07/03-22:59:55.167] [MRT-2527] [INFO] [dku.block.link.interaction]  - Check result for nullity exceptionIfNull=true result=not null
[2020/07/03-22:59:55.168] [MRT-2527] [INFO] [dku.analysis.prediction]  - Training returned ok
[2020/07/03-22:59:55.172] [MRT-2527] [INFO] [dku.ml.versioning]  - Dumping version info {"trainedWithDSSVersion":"7.0.1","trainedWithDSSConfVersion":"7000","trainedWithDSSBackend":"PY_MEMORY","backendCompatibilityVersion":18} in /Volumes/DATA/dss_home/analysis-data/LOADPREDICTION/oVY8HL6o/EQJDPcrx/sessions/s2/pp2/m1
[2020/07/03-22:59:55.184] [KNL-python-single-command-kernel-out-2533] [DEBUG] [process]  - StreamToLine: EOF (stream closed)
[2020/07/03-22:59:55.187] [KNL-python-single-command-kernel-err-2534] [DEBUG] [process]  - StreamToLine: EOF (stream closed)
[2020/07/03-22:59:55.209] [KNL-python-single-command-kernel-monitor-2532] [INFO] [dku.kernels]  - Process done with code 143
[2020/07/03-22:59:55.212] [KNL-python-single-command-kernel-monitor-2532] [INFO] [dip.tickets]  - Destroying API ticket for analysis-ml-LOADPREDICTION-yuB0GZ3 on behalf of admin
[2020/07/03-23:00:00.406] [FT-TrainWorkThread-QO2Ns6Qa-2525] [INFO] [dku.analysis.ml.python] T-EQJDPcrx - Processing thread joined ...
[2020/07/03-23:00:00.407] [FT-TrainWorkThread-QO2Ns6Qa-2525] [INFO] [dku.analysis.ml.python] T-EQJDPcrx - Joining processing thread ...
[2020/07/03-23:00:00.407] [FT-TrainWorkThread-QO2Ns6Qa-2525] [INFO] [dku.analysis.ml.python] T-EQJDPcrx - Processing thread joined ...
[2020/07/03-23:00:00.408] [FT-TrainWorkThread-QO2Ns6Qa-2525] [INFO] [dku.analysis.prediction] T-EQJDPcrx - Train done
[2020/07/03-23:00:00.409] [FT-TrainWorkThread-QO2Ns6Qa-2525] [INFO] [dku.analysis.prediction] T-EQJDPcrx - Train done
[2020/07/03-23:00:00.436] [FT-TrainWorkThread-QO2Ns6Qa-2525] [INFO] [dku.analysis.prediction] T-EQJDPcrx - Publishing mltask-train-done reflected event
