[2020/07/03-23:38:47.758] [ActivityExecutor-30] [INFO] [dku] running train_Prediction__RANDOM_FOREST_CLASSIFICATION__on_train_prepared_NP - ----------------------------------------
[2020/07/03-23:38:47.758] [ActivityExecutor-30] [INFO] [dku] running train_Prediction__RANDOM_FOREST_CLASSIFICATION__on_train_prepared_NP - DSS startup: jek version:7.0.1
[2020/07/03-23:38:47.758] [ActivityExecutor-30] [INFO] [dku] running train_Prediction__RANDOM_FOREST_CLASSIFICATION__on_train_prepared_NP - DSS home: /Volumes/DATA/dss_home
[2020/07/03-23:38:47.758] [ActivityExecutor-30] [INFO] [dku] running train_Prediction__RANDOM_FOREST_CLASSIFICATION__on_train_prepared_NP - OS: Mac OS X 10.14.6 x86_64 - Java: AdoptOpenJDK 1.8.0_252
[2020/07/03-23:38:47.757] [ActivityExecutor-30] [INFO] [dku.flow.jobrunner] running train_Prediction__RANDOM_FOREST_CLASSIFICATION__on_train_prepared_NP - Allocated a slot for this activity!
[2020/07/03-23:38:47.760] [ActivityExecutor-30] [INFO] [dku.flow.jobrunner] running train_Prediction__RANDOM_FOREST_CLASSIFICATION__on_train_prepared_NP - Run activity
[2020/07/03-23:38:47.809] [ActivityExecutor-30] [INFO] [dku.flow.activity] running train_Prediction__RANDOM_FOREST_CLASSIFICATION__on_train_prepared_NP - Executing default pre-activity lifecycle hook
[2020/07/03-23:38:47.839] [ActivityExecutor-30] [INFO] [dku.flow.activity] running train_Prediction__RANDOM_FOREST_CLASSIFICATION__on_train_prepared_NP - Checking if sources are ready
[2020/07/03-23:38:47.857] [ActivityExecutor-30] [DEBUG] [dku.dataset.hash] running train_Prediction__RANDOM_FOREST_CLASSIFICATION__on_train_prepared_NP - Readiness cache miss for dataset__admin__LOADPREDICTION.train_prepared__NP
[2020/07/03-23:38:47.876] [ActivityExecutor-30] [INFO] [dku.datasets.file] running train_Prediction__RANDOM_FOREST_CLASSIFICATION__on_train_prepared_NP - Building Filesystem handler config: {"connection":"filesystem_managed","path":"LOADPREDICTION/train_prepared","notReadyIfEmpty":false,"filesSelectionRules":{"mode":"ALL","excludeRules":[],"includeRules":[],"explicitFiles":[]}}
[2020/07/03-23:38:47.881] [ActivityExecutor-30] [INFO] [dku.datasets.ftplike] running train_Prediction__RANDOM_FOREST_CLASSIFICATION__on_train_prepared_NP - Enumerating Filesystem dataset prefix=
[2020/07/03-23:38:47.913] [ActivityExecutor-30] [DEBUG] [dku.fs.local] running train_Prediction__RANDOM_FOREST_CLASSIFICATION__on_train_prepared_NP - Enumerating local filesystem prefix=/
[2020/07/03-23:38:47.919] [ActivityExecutor-30] [DEBUG] [dku.fs.local] running train_Prediction__RANDOM_FOREST_CLASSIFICATION__on_train_prepared_NP - Enumeration done nb_paths=1 size=17614
[2020/07/03-23:38:47.924] [ActivityExecutor-30] [INFO] [dku.dataset.hash] running train_Prediction__RANDOM_FOREST_CLASSIFICATION__on_train_prepared_NP - Caching readiness for dataset__admin__LOADPREDICTION.train_prepared__NP s=READY h=tSGwfPrLi5i8i2FXC/5VEw
[2020/07/03-23:38:47.926] [ActivityExecutor-30] [INFO] [dku.flow.activity] running train_Prediction__RANDOM_FOREST_CLASSIFICATION__on_train_prepared_NP - Checked source readiness LOADPREDICTION.train_prepared -> true
[2020/07/03-23:38:47.928] [ActivityExecutor-30] [DEBUG] [dku.flow.activity] running train_Prediction__RANDOM_FOREST_CLASSIFICATION__on_train_prepared_NP - Computing hashes to propagate BEFORE activity
[2020/07/03-23:38:47.937] [ActivityExecutor-30] [DEBUG] [dku.dataset.hash] running train_Prediction__RANDOM_FOREST_CLASSIFICATION__on_train_prepared_NP - Readiness cache miss for dataset__admin__LOADPREDICTION.train_prepared__NP
[2020/07/03-23:38:47.942] [ActivityExecutor-30] [INFO] [dku.datasets.file] running train_Prediction__RANDOM_FOREST_CLASSIFICATION__on_train_prepared_NP - Building Filesystem handler config: {"connection":"filesystem_managed","path":"LOADPREDICTION/train_prepared","notReadyIfEmpty":false,"filesSelectionRules":{"mode":"ALL","excludeRules":[],"includeRules":[],"explicitFiles":[]}}
[2020/07/03-23:38:47.943] [ActivityExecutor-30] [INFO] [dku.datasets.ftplike] running train_Prediction__RANDOM_FOREST_CLASSIFICATION__on_train_prepared_NP - Enumerating Filesystem dataset prefix=
[2020/07/03-23:38:47.953] [ActivityExecutor-30] [DEBUG] [dku.fs.local] running train_Prediction__RANDOM_FOREST_CLASSIFICATION__on_train_prepared_NP - Enumerating local filesystem prefix=/
[2020/07/03-23:38:47.956] [ActivityExecutor-30] [DEBUG] [dku.fs.local] running train_Prediction__RANDOM_FOREST_CLASSIFICATION__on_train_prepared_NP - Enumeration done nb_paths=1 size=17614
[2020/07/03-23:38:47.961] [ActivityExecutor-30] [INFO] [dku.dataset.hash] running train_Prediction__RANDOM_FOREST_CLASSIFICATION__on_train_prepared_NP - Caching readiness for dataset__admin__LOADPREDICTION.train_prepared__NP s=READY h=tSGwfPrLi5i8i2FXC/5VEw
[2020/07/03-23:38:47.963] [ActivityExecutor-30] [DEBUG] [dku.flow.activity] running train_Prediction__RANDOM_FOREST_CLASSIFICATION__on_train_prepared_NP - Recorded 1 hashes before activity run
[2020/07/03-23:38:47.965] [ActivityExecutor-30] [DEBUG] [dku.flow.activity] running train_Prediction__RANDOM_FOREST_CLASSIFICATION__on_train_prepared_NP - Building recipe runner of type
[2020/07/03-23:38:48.303] [ActivityExecutor-30] [DEBUG] [dku.flow.activity] running train_Prediction__RANDOM_FOREST_CLASSIFICATION__on_train_prepared_NP - Recipe runner built, will use 1 thread(s)
[2020/07/03-23:38:48.304] [ActivityExecutor-30] [DEBUG] [dku.flow.activity] running train_Prediction__RANDOM_FOREST_CLASSIFICATION__on_train_prepared_NP - Starting execution thread: com.dataiku.dip.analysis.ml.prediction.flow.PredictionTrainingRecipeRunner@3024ae40
[2020/07/03-23:38:48.307] [ActivityExecutor-30] [DEBUG] [dku.flow.activity] running train_Prediction__RANDOM_FOREST_CLASSIFICATION__on_train_prepared_NP - Execution threads started, waiting for activity end
[2020/07/03-23:38:48.309] [FRT-35-FlowRunnable] [INFO] [dku.flow.activity] act.train_Prediction__RANDOM_FOREST_CLASSIFICATION__on_train_prepared_NP - Run thread for activity train_Prediction__RANDOM_FOREST_CLASSIFICATION__on_train_prepared_NP starting
[2020/07/03-23:38:48.385] [FRT-35-FlowRunnable] [INFO] [dku.datasets.file] act.train_Prediction__RANDOM_FOREST_CLASSIFICATION__on_train_prepared_NP - Building Filesystem handler config: {"connection":"filesystem_managed","path":"LOADPREDICTION/train_prepared","notReadyIfEmpty":false,"filesSelectionRules":{"mode":"ALL","excludeRules":[],"includeRules":[],"explicitFiles":[]}}
[2020/07/03-23:38:48.394] [FRT-35-FlowRunnable] [INFO] [dku.datasets.ftplike] act.train_Prediction__RANDOM_FOREST_CLASSIFICATION__on_train_prepared_NP - Enumerating Filesystem dataset prefix=
[2020/07/03-23:38:48.398] [FRT-35-FlowRunnable] [DEBUG] [dku.fs.local] act.train_Prediction__RANDOM_FOREST_CLASSIFICATION__on_train_prepared_NP - Enumerating local filesystem prefix=/
[2020/07/03-23:38:48.401] [FRT-35-FlowRunnable] [DEBUG] [dku.fs.local] act.train_Prediction__RANDOM_FOREST_CLASSIFICATION__on_train_prepared_NP - Enumeration done nb_paths=1 size=17614
[2020/07/03-23:38:48.404] [FRT-35-FlowRunnable] [INFO] [dku.input.push] act.train_Prediction__RANDOM_FOREST_CLASSIFICATION__on_train_prepared_NP - USTP: push selection.method=FULL records=100000 ratio=0.02 col=null
[2020/07/03-23:38:48.415] [FRT-35-FlowRunnable] [INFO] [dku.format] act.train_Prediction__RANDOM_FOREST_CLASSIFICATION__on_train_prepared_NP - Extractor run: limit={"maxBytes":-1,"maxRecords":-1,"ordering":{"enabled":false,"rules":[]}} totalRecords=0
[2020/07/03-23:38:48.422] [FRT-35-FlowRunnable] [INFO] [dku] act.train_Prediction__RANDOM_FOREST_CLASSIFICATION__on_train_prepared_NP - getCompression filename=**out-s0.csv.gz**
[2020/07/03-23:38:48.424] [FRT-35-FlowRunnable] [INFO] [dku] act.train_Prediction__RANDOM_FOREST_CLASSIFICATION__on_train_prepared_NP - getCompression filename=**out-s0.csv.gz**
[2020/07/03-23:38:48.426] [FRT-35-FlowRunnable] [INFO] [dku.format] act.train_Prediction__RANDOM_FOREST_CLASSIFICATION__on_train_prepared_NP - Start compressed [GZIP] stream: /Volumes/DATA/dss_home/managed_datasets/LOADPREDICTION/train_prepared/out-s0.csv.gz / totalRecsBefore=0
[2020/07/03-23:38:48.427] [FRT-35-FlowRunnable] [INFO] [dku] act.train_Prediction__RANDOM_FOREST_CLASSIFICATION__on_train_prepared_NP - getCompression filename=**out-s0.csv.gz**
[2020/07/03-23:38:48.429] [FRT-35-FlowRunnable] [INFO] [dku] act.train_Prediction__RANDOM_FOREST_CLASSIFICATION__on_train_prepared_NP - getCompression filename=**out-s0.csv.gz**
[2020/07/03-23:38:48.593] [FRT-35-FlowRunnable] [INFO] [dku.format] act.train_Prediction__RANDOM_FOREST_CLASSIFICATION__on_train_prepared_NP - after stream totalComp=17614 totalUncomp=55535 totalRec=529
[2020/07/03-23:38:48.594] [FRT-35-FlowRunnable] [INFO] [dku.format] act.train_Prediction__RANDOM_FOREST_CLASSIFICATION__on_train_prepared_NP - Extractor run done, totalCompressed=17614 totalRecords=529
[2020/07/03-23:38:48.623] [FRT-35-FlowRunnable] [INFO] [dku.recipes.prediction.train] act.train_Prediction__RANDOM_FOREST_CLASSIFICATION__on_train_prepared_NP - Read modeling: 
 {
  "algorithm": "RANDOM_FOREST_CLASSIFICATION",
  "rf_classifier_grid": {
    "enabled": true,
    "n_estimators": {
      "values": [
        100
      ],
      "nValues": 0,
      "gridMode": "EXPLICIT"
    },
    "n_jobs": 4,
    "max_tree_depth": {
      "values": [
        6,
        13
      ],
      "nValues": 0,
      "gridMode": "EXPLICIT"
    },
    "min_samples_leaf": {
      "values": [
        1
      ],
      "nValues": 0,
      "gridMode": "EXPLICIT"
    },
    "selection_mode": "auto",
    "max_features": {
      "values": [
        5
      ],
      "nValues": 0,
      "gridMode": "EXPLICIT"
    },
    "max_feature_prop": 0.3
  },
  "max_ensemble_nodes_serialized": 6000,
  "metrics": {
    "evaluationMetric": "ROC_AUC",
    "customEvaluationMetricGIB": true,
    "customEvaluationMetricNeedsProba": false,
    "thresholdOptimizationMetric": "F1",
    "costMatrixWeights": {
      "tpGain": 1.0,
      "tnGain": 0.0,
      "fpGain": -0.3,
      "fnGain": 0.0
    },
    "liftPoint": 0.4
  },
  "autoOptimizeThreshold": true,
  "forcedClassifierThreshold": 0.0,
  "gridLength": 2,
  "grid_search_params": {
    "mode": "KFOLD",
    "splitRatio": 0.8,
    "shuffleIterations": 1,
    "nFolds": 3,
    "stratified": true,
    "strategy": "GRID",
    "randomized": true,
    "nIter": 0,
    "timeout": 0,
    "nJobs": 4
  },
  "pluginAlgoCustomGridSearch": false,
  "computeLearningCurves": false,
  "skipExpensiveReports": false
}
[2020/07/03-23:38:48.653] [FRT-35-FlowRunnable] [INFO] [dku.recipes.prediction.train] act.train_Prediction__RANDOM_FOREST_CLASSIFICATION__on_train_prepared_NP - Run training in code env built-in (set at deploy-time)
[2020/07/03-23:38:48.664] [FRT-35-FlowRunnable] [INFO] [dku.datasets.file] act.train_Prediction__RANDOM_FOREST_CLASSIFICATION__on_train_prepared_NP - Building Filesystem handler config: {"connection":"filesystem_managed","path":"LOADPREDICTION/train_prepared","notReadyIfEmpty":false,"filesSelectionRules":{"mode":"ALL","excludeRules":[],"includeRules":[],"explicitFiles":[]}}
[2020/07/03-23:38:48.667] [FRT-35-FlowRunnable] [INFO] [dku.datasets.file] act.train_Prediction__RANDOM_FOREST_CLASSIFICATION__on_train_prepared_NP - Building Filesystem handler config: {"connection":"filesystem_managed","path":"LOADPREDICTION/train_prepared","notReadyIfEmpty":false,"filesSelectionRules":{"mode":"ALL","excludeRules":[],"includeRules":[],"explicitFiles":[]}}
[2020/07/03-23:38:48.679] [FRT-35-FlowRunnable] [WARN] [dku.code.projectLibs] act.train_Prediction__RANDOM_FOREST_CLASSIFICATION__on_train_prepared_NP - External libraries file not found: /Volumes/DATA/dss_home/jobs/LOADPREDICTION/Build_Prediction__RANDOM_FOREST_CLASSIFICATION__on_train_prepared_2020-07-03T16-38-33.769/localconfig/projects/LOADPREDICTION/lib/external-libraries.json
[2020/07/03-23:38:48.683] [FRT-35-FlowRunnable] [INFO] [dku.code.projectLibs] act.train_Prediction__RANDOM_FOREST_CLASSIFICATION__on_train_prepared_NP - EXTERNAL LIBS FROM LOADPREDICTION is {"gitReferences":{},"pythonPath":["python"],"rsrcPath":["R"],"importLibrariesFromProjects":[]}
[2020/07/03-23:38:48.686] [FRT-35-FlowRunnable] [INFO] [dku.code.projectLibs] act.train_Prediction__RANDOM_FOREST_CLASSIFICATION__on_train_prepared_NP - chunkFolder is /Volumes/DATA/dss_home/jobs/LOADPREDICTION/Build_Prediction__RANDOM_FOREST_CLASSIFICATION__on_train_prepared_2020-07-03T16-38-33.769/localconfig/projects/LOADPREDICTION/lib/R
[2020/07/03-23:38:48.690] [FRT-35-FlowRunnable] [INFO] [xxx] act.train_Prediction__RANDOM_FOREST_CLASSIFICATION__on_train_prepared_NP - RSRC PATH: ["/Volumes/DATA/dss_home/jobs/LOADPREDICTION/Build_Prediction__RANDOM_FOREST_CLASSIFICATION__on_train_prepared_2020-07-03T16-38-33.769/localconfig/projects/LOADPREDICTION/lib/R"]
[2020/07/03-23:38:48.693] [FRT-35-FlowRunnable] [INFO] [dku.recipes.code.base] act.train_Prediction__RANDOM_FOREST_CLASSIFICATION__on_train_prepared_NP - Writing dku-exec-env for local execution in /Volumes/DATA/dss_home/jobs/LOADPREDICTION/Build_Prediction__RANDOM_FOREST_CLASSIFICATION__on_train_prepared_2020-07-03T16-38-33.769/train_Prediction__RANDOM_FOREST_CLASSIFICATION__on_train_prepared_NP/prediction-train-recipe/pyrunhjGPPjhCgO8L/remote-run-env-def.json
[2020/07/03-23:38:48.707] [FRT-35-FlowRunnable] [INFO] [dku.code.envs.resolution] act.train_Prediction__RANDOM_FOREST_CLASSIFICATION__on_train_prepared_NP - Executing Python activity in builtin env
[2020/07/03-23:38:48.708] [FRT-35-FlowRunnable] [INFO] [dku.flow.abstract.python] act.train_Prediction__RANDOM_FOREST_CLASSIFICATION__on_train_prepared_NP - Execute activity command: ["/Volumes/DATA/dss_home/bin/python","-u","-m","dataiku.doctor.prediction.reg_train_recipe","/Volumes/DATA/dss_home/saved_models/LOADPREDICTION/2MHfrt8e/versions/1593794328311","/Volumes/DATA/dss_home/saved_models/LOADPREDICTION/2MHfrt8e/core/selection","TRAIN_SPLITTED_ONLY"]
[2020/07/03-23:38:48.709] [FRT-35-FlowRunnable] [INFO] [dku.recipes.code.base] act.train_Prediction__RANDOM_FOREST_CLASSIFICATION__on_train_prepared_NP - Run command insecurely, from user gerryleonugroho
[2020/07/03-23:38:48.715] [FRT-35-FlowRunnable] [INFO] [dku.security.process] act.train_Prediction__RANDOM_FOREST_CLASSIFICATION__on_train_prepared_NP - Starting process (regular)
[2020/07/03-23:38:48.728] [FRT-35-FlowRunnable] [INFO] [dku.security.process] act.train_Prediction__RANDOM_FOREST_CLASSIFICATION__on_train_prepared_NP - Process started with pid=11673
[2020/07/03-23:38:48.743] [FRT-35-FlowRunnable] [INFO] [dku.processes.cgroups] act.train_Prediction__RANDOM_FOREST_CLASSIFICATION__on_train_prepared_NP - Will use cgroups []
[2020/07/03-23:38:48.744] [FRT-35-FlowRunnable] [INFO] [dku.processes.cgroups] act.train_Prediction__RANDOM_FOREST_CLASSIFICATION__on_train_prepared_NP - Applying rules to used cgroups: []
[2020/07/03-23:38:48.765] [FRT-35-FlowRunnable] [INFO] [dku.recipes.code.base] act.train_Prediction__RANDOM_FOREST_CLASSIFICATION__on_train_prepared_NP - Process reads from nothing
[2020/07/03-23:39:00.019] [null-err-38] [INFO] [dku.utils]  - 2020-07-03 23:39:00,016 INFO START -  Loading train set
[2020/07/03-23:39:00.022] [null-err-38] [INFO] [dku.utils]  - 2020-07-03 23:39:00,017 INFO Reading with dtypes: None
[2020/07/03-23:39:00.024] [null-err-38] [INFO] [dku.utils]  - 2020-07-03 23:39:00,017 INFO Computed dtype for Gender: str (schema_type=string feature_type=CATEGORY feature_role=INPUT)
[2020/07/03-23:39:00.026] [null-err-38] [INFO] [dku.utils]  - 2020-07-03 23:39:00,017 INFO Computed dtype for Married: str (schema_type=boolean feature_type=CATEGORY feature_role=INPUT)
[2020/07/03-23:39:00.030] [null-err-38] [INFO] [dku.utils]  - 2020-07-03 23:39:00,017 INFO Computed dtype for Dependents: str (schema_type=string feature_type=CATEGORY feature_role=INPUT)
[2020/07/03-23:39:00.032] [null-err-38] [INFO] [dku.utils]  - 2020-07-03 23:39:00,017 INFO Computed dtype for Education: str (schema_type=string feature_type=CATEGORY feature_role=INPUT)
[2020/07/03-23:39:00.033] [null-err-38] [INFO] [dku.utils]  - 2020-07-03 23:39:00,017 INFO Computed dtype for Self_Employed: str (schema_type=boolean feature_type=CATEGORY feature_role=INPUT)
[2020/07/03-23:39:00.034] [null-err-38] [INFO] [dku.utils]  - 2020-07-03 23:39:00,017 INFO Computed dtype for ApplicantIncome: <type 'numpy.float64'> (schema_type=bigint feature_type=NUMERIC feature_role=INPUT)
[2020/07/03-23:39:00.036] [null-err-38] [INFO] [dku.utils]  - 2020-07-03 23:39:00,017 INFO Computed dtype for CoapplicantIncome: <type 'numpy.float64'> (schema_type=double feature_type=NUMERIC feature_role=INPUT)
[2020/07/03-23:39:00.038] [null-err-38] [INFO] [dku.utils]  - 2020-07-03 23:39:00,018 INFO Computed dtype for TotalIncome: <type 'numpy.float64'> (schema_type=double feature_type=NUMERIC feature_role=INPUT)
[2020/07/03-23:39:00.039] [null-err-38] [INFO] [dku.utils]  - 2020-07-03 23:39:00,018 INFO Computed dtype for LoanAmount: <type 'numpy.float64'> (schema_type=bigint feature_type=NUMERIC feature_role=INPUT)
[2020/07/03-23:39:00.042] [null-err-38] [INFO] [dku.utils]  - 2020-07-03 23:39:00,018 INFO Computed dtype for MonthlyLoan: <type 'numpy.float64'> (schema_type=bigint feature_type=NUMERIC feature_role=INPUT)
[2020/07/03-23:39:00.046] [null-err-38] [INFO] [dku.utils]  - 2020-07-03 23:39:00,018 INFO Computed dtype for MonthlyLoan_Percentage: <type 'numpy.float64'> (schema_type=double feature_type=NUMERIC feature_role=INPUT)
[2020/07/03-23:39:00.048] [null-err-38] [INFO] [dku.utils]  - 2020-07-03 23:39:00,018 INFO Computed dtype for Loan_Amount_Term: <type 'numpy.float64'> (schema_type=bigint feature_type=NUMERIC feature_role=INPUT)
[2020/07/03-23:39:00.053] [null-err-38] [INFO] [dku.utils]  - 2020-07-03 23:39:00,018 INFO Computed dtype for Credit_History: str (schema_type=boolean feature_type=CATEGORY feature_role=INPUT)
[2020/07/03-23:39:00.055] [null-err-38] [INFO] [dku.utils]  - 2020-07-03 23:39:00,018 INFO Computed dtype for Property_Area: str (schema_type=string feature_type=CATEGORY feature_role=INPUT)
[2020/07/03-23:39:00.059] [null-err-38] [INFO] [dku.utils]  - 2020-07-03 23:39:00,018 INFO Computed dtype for Loan_Status: <type 'numpy.object_'> (schema_type=boolean feature_type=CATEGORY feature_role=TARGET)
[2020/07/03-23:39:00.062] [null-err-38] [INFO] [dku.utils]  - 2020-07-03 23:39:00,018 INFO Reading with FIXED dtypes: {u'TotalIncome': <type 'numpy.float64'>, u'Property_Area': 'str', u'CoapplicantIncome': <type 'numpy.float64'>, u'LoanAmount': <type 'numpy.float64'>, u'Gender': 'str', u'MonthlyLoan': <type 'numpy.float64'>, u'Married': 'str', u'ApplicantIncome': <type 'numpy.float64'>, u'Loan_Amount_Term': <type 'numpy.float64'>, u'Self_Employed': 'str', u'Loan_Status': <type 'numpy.object_'>, u'Dependents': 'str', u'Education': 'str', u'Credit_History': 'str', u'MonthlyLoan_Percentage': <type 'numpy.float64'>}
[2020/07/03-23:39:00.124] [null-err-38] [INFO] [dku.utils]  - 2020-07-03 23:39:00,124 INFO Loaded table
[2020/07/03-23:39:00.130] [null-err-38] [INFO] [dku.utils]  - 2020-07-03 23:39:00,129 INFO  Coercion done
[2020/07/03-23:39:00.131] [null-err-38] [INFO] [dku.utils]  - 2020-07-03 23:39:00,130 INFO Loaded train df: shape=(416,15)
[2020/07/03-23:39:00.133] [null-err-38] [INFO] [dku.utils]  - 2020-07-03 23:39:00,130 INFO END -  Loading train set
[2020/07/03-23:39:00.134] [null-err-38] [INFO] [dku.utils]  - 2020-07-03 23:39:00,130 INFO START -  Loading test set
[2020/07/03-23:39:00.137] [null-err-38] [INFO] [dku.utils]  - 2020-07-03 23:39:00,131 INFO Reading with dtypes: None
[2020/07/03-23:39:00.139] [null-err-38] [INFO] [dku.utils]  - 2020-07-03 23:39:00,131 INFO Computed dtype for Gender: str (schema_type=string feature_type=CATEGORY feature_role=INPUT)
[2020/07/03-23:39:00.142] [null-err-38] [INFO] [dku.utils]  - 2020-07-03 23:39:00,132 INFO Computed dtype for Married: str (schema_type=boolean feature_type=CATEGORY feature_role=INPUT)
[2020/07/03-23:39:00.145] [null-err-38] [INFO] [dku.utils]  - 2020-07-03 23:39:00,132 INFO Computed dtype for Dependents: str (schema_type=string feature_type=CATEGORY feature_role=INPUT)
[2020/07/03-23:39:00.146] [null-err-38] [INFO] [dku.utils]  - 2020-07-03 23:39:00,132 INFO Computed dtype for Education: str (schema_type=string feature_type=CATEGORY feature_role=INPUT)
[2020/07/03-23:39:00.149] [null-err-38] [INFO] [dku.utils]  - 2020-07-03 23:39:00,132 INFO Computed dtype for Self_Employed: str (schema_type=boolean feature_type=CATEGORY feature_role=INPUT)
[2020/07/03-23:39:00.152] [null-err-38] [INFO] [dku.utils]  - 2020-07-03 23:39:00,132 INFO Computed dtype for ApplicantIncome: <type 'numpy.float64'> (schema_type=bigint feature_type=NUMERIC feature_role=INPUT)
[2020/07/03-23:39:00.154] [null-err-38] [INFO] [dku.utils]  - 2020-07-03 23:39:00,132 INFO Computed dtype for CoapplicantIncome: <type 'numpy.float64'> (schema_type=double feature_type=NUMERIC feature_role=INPUT)
[2020/07/03-23:39:00.156] [null-err-38] [INFO] [dku.utils]  - 2020-07-03 23:39:00,132 INFO Computed dtype for TotalIncome: <type 'numpy.float64'> (schema_type=double feature_type=NUMERIC feature_role=INPUT)
[2020/07/03-23:39:00.158] [null-err-38] [INFO] [dku.utils]  - 2020-07-03 23:39:00,132 INFO Computed dtype for LoanAmount: <type 'numpy.float64'> (schema_type=bigint feature_type=NUMERIC feature_role=INPUT)
[2020/07/03-23:39:00.161] [null-err-38] [INFO] [dku.utils]  - 2020-07-03 23:39:00,133 INFO Computed dtype for MonthlyLoan: <type 'numpy.float64'> (schema_type=bigint feature_type=NUMERIC feature_role=INPUT)
[2020/07/03-23:39:00.162] [null-err-38] [INFO] [dku.utils]  - 2020-07-03 23:39:00,133 INFO Computed dtype for MonthlyLoan_Percentage: <type 'numpy.float64'> (schema_type=double feature_type=NUMERIC feature_role=INPUT)
[2020/07/03-23:39:00.163] [null-err-38] [INFO] [dku.utils]  - 2020-07-03 23:39:00,134 INFO Computed dtype for Loan_Amount_Term: <type 'numpy.float64'> (schema_type=bigint feature_type=NUMERIC feature_role=INPUT)
[2020/07/03-23:39:00.165] [null-err-38] [INFO] [dku.utils]  - 2020-07-03 23:39:00,134 INFO Computed dtype for Credit_History: str (schema_type=boolean feature_type=CATEGORY feature_role=INPUT)
[2020/07/03-23:39:00.168] [null-err-38] [INFO] [dku.utils]  - 2020-07-03 23:39:00,134 INFO Computed dtype for Property_Area: str (schema_type=string feature_type=CATEGORY feature_role=INPUT)
[2020/07/03-23:39:00.174] [null-err-38] [INFO] [dku.utils]  - 2020-07-03 23:39:00,134 INFO Computed dtype for Loan_Status: <type 'numpy.object_'> (schema_type=boolean feature_type=CATEGORY feature_role=TARGET)
[2020/07/03-23:39:00.178] [null-err-38] [INFO] [dku.utils]  - 2020-07-03 23:39:00,134 INFO Reading with FIXED dtypes: {u'TotalIncome': <type 'numpy.float64'>, u'Property_Area': 'str', u'CoapplicantIncome': <type 'numpy.float64'>, u'LoanAmount': <type 'numpy.float64'>, u'Gender': 'str', u'MonthlyLoan': <type 'numpy.float64'>, u'Married': 'str', u'ApplicantIncome': <type 'numpy.float64'>, u'Loan_Amount_Term': <type 'numpy.float64'>, u'Self_Employed': 'str', u'Loan_Status': <type 'numpy.object_'>, u'Dependents': 'str', u'Education': 'str', u'Credit_History': 'str', u'MonthlyLoan_Percentage': <type 'numpy.float64'>}
[2020/07/03-23:39:00.182] [null-err-38] [INFO] [dku.utils]  - 2020-07-03 23:39:00,147 INFO Loaded table
[2020/07/03-23:39:00.184] [null-err-38] [INFO] [dku.utils]  - 2020-07-03 23:39:00,150 INFO  Coercion done
[2020/07/03-23:39:00.187] [null-err-38] [INFO] [dku.utils]  - 2020-07-03 23:39:00,151 INFO Loaded test df: shape=(113,15)
[2020/07/03-23:39:00.190] [null-err-38] [INFO] [dku.utils]  - 2020-07-03 23:39:00,151 INFO END -  Loading test set
[2020/07/03-23:39:00.192] [null-err-38] [INFO] [dku.utils]  - 2020-07-03 23:39:00,151 INFO START -  Collecting preprocessing data
[2020/07/03-23:39:00.193] [null-err-38] [INFO] [dku.utils]  - 2020-07-03 23:39:00,160 INFO Looking at TotalIncome... (type=NUMERIC)
[2020/07/03-23:39:00.195] [null-err-38] [INFO] [dku.utils]  - 2020-07-03 23:39:00,160 INFO Checking series of type: float64 (isM8=False)
[2020/07/03-23:39:00.206] [null-err-38] [INFO] [dku.utils]  - 2020-07-03 23:39:00,206 INFO Looking at Property_Area... (type=CATEGORY)
[2020/07/03-23:39:00.218] [null-err-38] [INFO] [dku.utils]  - 2020-07-03 23:39:00,217 INFO Looking at CoapplicantIncome... (type=NUMERIC)
[2020/07/03-23:39:00.220] [null-err-38] [INFO] [dku.utils]  - 2020-07-03 23:39:00,218 INFO Checking series of type: float64 (isM8=False)
[2020/07/03-23:39:00.224] [null-err-38] [INFO] [dku.utils]  - 2020-07-03 23:39:00,223 INFO Looking at LoanAmount... (type=NUMERIC)
[2020/07/03-23:39:00.225] [null-err-38] [INFO] [dku.utils]  - 2020-07-03 23:39:00,224 INFO Checking series of type: float64 (isM8=False)
[2020/07/03-23:39:00.228] [null-err-38] [INFO] [dku.utils]  - 2020-07-03 23:39:00,228 INFO Looking at Gender... (type=CATEGORY)
[2020/07/03-23:39:00.233] [null-err-38] [INFO] [dku.utils]  - 2020-07-03 23:39:00,232 INFO Looking at MonthlyLoan... (type=NUMERIC)
[2020/07/03-23:39:00.236] [null-err-38] [INFO] [dku.utils]  - 2020-07-03 23:39:00,232 INFO Checking series of type: float64 (isM8=False)
[2020/07/03-23:39:00.237] [null-err-38] [INFO] [dku.utils]  - 2020-07-03 23:39:00,233 INFO Looking at Married... (type=CATEGORY)
[2020/07/03-23:39:00.238] [null-err-38] [INFO] [dku.utils]  - 2020-07-03 23:39:00,238 INFO Looking at ApplicantIncome... (type=NUMERIC)
[2020/07/03-23:39:00.242] [null-err-38] [INFO] [dku.utils]  - 2020-07-03 23:39:00,239 INFO Checking series of type: float64 (isM8=False)
[2020/07/03-23:39:00.245] [null-err-38] [INFO] [dku.utils]  - 2020-07-03 23:39:00,240 INFO Looking at Loan_Amount_Term... (type=NUMERIC)
[2020/07/03-23:39:00.246] [null-err-38] [INFO] [dku.utils]  - 2020-07-03 23:39:00,240 INFO Checking series of type: float64 (isM8=False)
[2020/07/03-23:39:00.247] [null-err-38] [INFO] [dku.utils]  - 2020-07-03 23:39:00,242 INFO Looking at Self_Employed... (type=CATEGORY)
[2020/07/03-23:39:00.248] [null-err-38] [INFO] [dku.utils]  - 2020-07-03 23:39:00,245 INFO Looking at Loan_Status... (type=CATEGORY)
[2020/07/03-23:39:00.249] [null-err-38] [INFO] [dku.utils]  - 2020-07-03 23:39:00,246 INFO Looking at MonthlyLoan_Percentage... (type=NUMERIC)
[2020/07/03-23:39:00.250] [null-err-38] [INFO] [dku.utils]  - 2020-07-03 23:39:00,246 INFO Checking series of type: float64 (isM8=False)
[2020/07/03-23:39:00.251] [null-err-38] [INFO] [dku.utils]  - 2020-07-03 23:39:00,248 INFO Looking at Education... (type=CATEGORY)
[2020/07/03-23:39:00.254] [null-err-38] [INFO] [dku.utils]  - 2020-07-03 23:39:00,254 INFO Looking at Credit_History... (type=CATEGORY)
[2020/07/03-23:39:00.258] [null-err-38] [INFO] [dku.utils]  - 2020-07-03 23:39:00,258 INFO Looking at Dependents... (type=CATEGORY)
[2020/07/03-23:39:00.265] [null-err-38] [INFO] [dku.utils]  - 2020-07-03 23:39:00,263 INFO generating interactions
[2020/07/03-23:39:00.268] [null-err-38] [INFO] [dku.utils]  - 2020-07-03 23:39:00,264 INFO {u'preprocessingFitSampleSeed': 1337, u'feature_selection_params': {u'custom_params': {u'code': u'# type your code here'}, u'pca_params': {u'variance_proportion': 0.9, u'n_features': 25}, u'random_forest_params': {u'depth': 10, u'n_features': 25, u'n_trees': 30}, u'lasso_params': {u'alpha': [0.01, 0.1, 1.0, 10.0, 100.0], u'cross_validate': True}, u'method': u'CORRELATION', u'correlation_params': {u'n_features': 25, u'min_abs_correlation': 0.0}}, u'preprocessingFitSampleRatio': 1.0, u'reduce': {u'enabled': False, u'kept_variance': 0.0}, u'skipPreprocessing': False, u'target_remapping': [{u'mappedValue': 0, u'sourceValue': u'Y', u'sampleFreq': 403}, {u'mappedValue': 1, u'sourceValue': u'N', u'sampleFreq': 175}], u'per_feature': {u'TotalIncome': {u'generate_derivative': False, u'sendToInput': u'main', u'rescaling': u'AVGSTD', u'role': u'INPUT', u'customHandlingCode': u'', u'customProcessorWantsMatrix': False, u'numerical_handling': u'REGULAR', u'binarize_threshold_mode': u'MEDIAN', u'state': {u'userModified': True, u'recordedMeaning': u'DoubleMeaning', u'autoModifiedByDSS': False}, u'missing_handling': u'IMPUTE', u'binarize_constant_threshold': 0.0, u'quantile_bin_nb_bins': 4, u'missing_impute_with': u'MEAN', u'type': u'NUMERIC', u'impute_constant_value': 0.0}, u'Property_Area': {u'missing_impute_with': u'MODE', u'customProcessorWantsMatrix': False, u'customHandlingCode': u'', u'category_handling': u'DUMMIFY', u'cumulative_proportion': 0.95, u'sendToInput': u'main', u'state': {u'userModified': False, u'recordedMeaning': u'Text', u'autoModifiedByDSS': False}, u'missing_handling': u'NONE', u'max_nb_categories': 100, u'dummy_clip': u'MAX_NB_CATEGORIES', u'role': u'INPUT', u'max_cat_safety': 200, u'min_samples': 10, u'type': u'CATEGORY', u'dummy_drop': u'NONE'}, u'CoapplicantIncome': {u'generate_derivative': False, u'sendToInput': u'main', u'rescaling': u'AVGSTD', u'role': u'INPUT', u'customHandlingCode': u'', u'customProcessorWantsMatrix': False, u'numerical_handling': u'REGULAR', u'binarize_threshold_mode': u'MEDIAN', u'state': {u'userModified': True, u'recordedMeaning': u'DoubleMeaning', u'autoModifiedByDSS': False}, u'missing_handling': u'IMPUTE', u'binarize_constant_threshold': 0.0, u'quantile_bin_nb_bins': 4, u'missing_impute_with': u'MEAN', u'type': u'NUMERIC', u'impute_constant_value': 0.0}, u'LoanAmount': {u'generate_derivative': False, u'sendToInput': u'main', u'rescaling': u'AVGSTD', u'role': u'INPUT', u'customHandlingCode': u'', u'customProcessorWantsMatrix': False, u'numerical_handling': u'REGULAR', u'binarize_threshold_mode': u'MEDIAN', u'state': {u'userModified': True, u'recordedMeaning': u'LongMeaning', u'autoModifiedByDSS': False}, u'missing_handling': u'IMPUTE', u'binarize_constant_threshold': 0.0, u'quantile_bin_nb_bins': 4, u'missing_impute_with': u'MEAN', u'type': u'NUMERIC', u'impute_constant_value': 0.0}, u'Gender': {u'missing_impute_with': u'MODE', u'customProcessorWantsMatrix': False, u'customHandlingCode': u'', u'category_handling': u'DUMMIFY', u'cumulative_proportion': 0.95, u'sendToInput': u'main', u'state': {u'userModified': False, u'recordedMeaning': u'Gender', u'autoModifiedByDSS': False}, u'missing_handling': u'NONE', u'max_nb_categories': 100, u'dummy_clip': u'MAX_NB_CATEGORIES', u'role': u'INPUT', u'max_cat_safety': 200, u'min_samples': 10, u'type': u'CATEGORY', u'dummy_drop': u'NONE'}, u'MonthlyLoan': {u'generate_derivative': False, u'sendToInput': u'main', u'rescaling': u'AVGSTD', u'role': u'INPUT', u'customHandlingCode': u'', u'customProcessorWantsMatrix': False, u'numerical_handling': u'REGULAR', u'binarize_threshold_mode': u'MEDIAN', u'state': {u'userModified': True, u'recordedMeaning': u'LongMeaning', u'autoModifiedByDSS': False}, u'missing_handling': u'IMPUTE', u'binarize_constant_threshold': 0.0, u'quantile_bin_nb_bins': 4, u'missing_impute_with': u'MEAN', u'type': u'NUMERIC', u'impute_constant_value': 0.0}, u'Married': {u'missing_impute_with': u'MODE', u'customProcessorWantsMatrix': False, u'customHandlingCode': u'', u'category_handling': u'DUMMIFY', u'cumulative_proportion': 0.95, u'sendToInput': u'main', u'state': {u'userModified': False, u'recordedMeaning': u'Boolean', u'autoModifiedByDSS': False}, u'missing_handling': u'NONE', u'max_nb_categories': 100, u'dummy_clip': u'MAX_NB_CATEGORIES', u'role': u'INPUT', u'max_cat_safety': 200, u'min_samples': 10, u'type': u'CATEGORY', u'dummy_drop': u'NONE'}, u'ApplicantIncome': {u'generate_derivative': False, u'sendToInput': u'main', u'rescaling': u'AVGSTD', u'role': u'INPUT', u'customHandlingCode': u'', u'customProcessorWantsMatrix': False, u'numerical_handling': u'REGULAR', u'binarize_threshold_mode': u'MEDIAN', u'state': {u'userModified': True, u'recordedMeaning': u'LongMeaning', u'autoModifiedByDSS': False}, u'missing_handling': u'IMPUTE', u'binarize_constant_threshold': 0.0, u'quantile_bin_nb_bins': 4, u'missing_impute_with': u'MEAN', u'type': u'NUMERIC', u'impute_constant_value': 0.0}, u'Loan_Amount_Term': {u'generate_derivative': False, u'sendToInput': u'main', u'rescaling': u'AVGSTD', u'role': u'INPUT', u'customHandlingCode': u'', u'customProcessorWantsMatrix': False, u'numerical_handling': u'REGULAR', u'binarize_threshold_mode': u'MEDIAN', u'state': {u'userModified': True, u'recordedMeaning': u'LongMeaning', u'autoModifiedByDSS': False}, u'missing_handling': u'IMPUTE', u'binarize_constant_threshold': 0.0, u'quantile_bin_nb_bins': 4, u'missing_impute_with': u'MEAN', u'type': u'NUMERIC', u'impute_constant_value': 0.0}, u'Self_Employed': {u'missing_impute_with': u'MODE', u'customProcessorWantsMatrix': False, u'customHandlingCode': u'', u'category_handling': u'DUMMIFY', u'cumulative_proportion': 0.95, u'sendToInput': u'main', u'state': {u'userModified': False, u'recordedMeaning': u'Boolean', u'autoModifiedByDSS': False}, u'missing_handling': u'NONE', u'max_nb_categories': 100, u'dummy_clip': u'MAX_NB_CATEGORIES', u'role': u'INPUT', u'max_cat_safety': 200, u'min_samples': 10, u'type': u'CATEGORY', u'dummy_drop': u'NONE'}, u'Loan_Status': {u'customHandlingCode': u'', u'customProcessorWantsMatrix': False, u'cumulative_proportion': 0.95, u'sendToInput': u'main', u'state': {u'userModified': False, u'recordedMeaning': u'Boolean', u'autoModifiedByDSS': False}, u'role': u'TARGET', u'max_nb_categories': 100, u'dummy_clip': u'MAX_NB_CATEGORIES', u'dummy_drop': u'NONE', u'min_samples': 10, u'type': u'CATEGORY', u'max_cat_safety': 200}, u'MonthlyLoan_Percentage': {u'generate_derivative': False, u'sendToInput': u'main', u'rescaling': u'AVGSTD', u'role': u'INPUT', u'customHandlingCode': u'', u'customProcessorWantsMatrix': False, u'numerical_handling': u'REGULAR', u'binarize_threshold_mode': u'MEDIAN', u'state': {u'userModified': True, u'recordedMeaning': u'DoubleMeaning', u'autoModifiedByDSS': False}, u'missing_handling': u'IMPUTE', u'binarize_constant_threshold': 0.0, u'quantile_bin_nb_bins': 4, u'missing_impute_with': u'MEAN', u'type': u'NUMERIC', u'impute_constant_value': 0.0}, u'Education': {u'missing_impute_with': u'MODE', u'customProcessorWantsMatrix': False, u'customHandlingCode': u'', u'category_handling': u'DUMMIFY', u'cumulative_proportion': 0.95, u'sendToInput': u'main', u'state': {u'userModified': False, u'recordedMeaning': u'Text', u'autoModifiedByDSS': False}, u'missing_handling': u'NONE', u'max_nb_categories': 100, u'dummy_clip': u'MAX_NB_CATEGORIES', u'role': u'INPUT', u'max_cat_safety': 200, u'min_samples': 10, u'type': u'CATEGORY', u'dummy_drop': u'NONE'}, u'Credit_History': {u'missing_impute_with': u'MODE', u'customProcessorWantsMatrix': False, u'customHandlingCode': u'', u'category_handling': u'DUMMIFY', u'cumulative_proportion': 0.95, u'sendToInput': u'main', u'state': {u'userModified': False, u'recordedMeaning': u'Boolean', u'autoModifiedByDSS': False}, u'missing_handling': u'NONE', u'max_nb_categories': 100, u'dummy_clip': u'MAX_NB_CATEGORIES', u'role': u'INPUT', u'max_cat_safety': 200, u'min_samples': 10, u'type': u'CATEGORY', u'dummy_drop': u'NONE'}, u'Dependents': {u'missing_impute_with': u'MODE', u'customProcessorWantsMatrix': False, u'customHandlingCode': u'', u'category_handling': u'DUMMIFY', u'cumulative_proportion': 0.95, u'sendToInput': u'main', u'state': {u'userModified': False, u'recordedMeaning': u'LongMeaning', u'autoModifiedByDSS': False}, u'missing_handling': u'NONE', u'max_nb_categories': 100, u'dummy_clip': u'MAX_NB_CATEGORIES', u'role': u'INPUT', u'max_cat_safety': 200, u'min_samples': 10, u'type': u'CATEGORY', u'dummy_drop': u'NONE'}}, u'feature_generation': {u'manual_interactions': {u'interactions': []}, u'pairwise_linear': {u'behavior': u'DISABLED'}, u'categoricals_count_transformer': {u'input_features': [], u'all_features': False, u'behavior': u'DISABLED'}, u'polynomial_combinations': {u'behavior': u'DISABLED'}, u'numericals_clustering': {u'k': 0, u'input_features': [], u'all_features': False, u'behavior': u'DISABLED'}}}
[2020/07/03-23:39:00.273] [null-err-38] [INFO] [dku.utils]  - 2020-07-03 23:39:00,264 INFO Performing feature reduction
[2020/07/03-23:39:00.276] [null-err-38] [INFO] [dku.utils]  - 2020-07-03 23:39:00,267 INFO END -  Collecting preprocessing data
[2020/07/03-23:39:00.277] [null-err-38] [INFO] [dku.utils]  - 2020-07-03 23:39:00,267 INFO START -  Preprocessing train set
[2020/07/03-23:39:00.280] [null-err-38] [INFO] [dku.utils]  - 2020-07-03 23:39:00,267 INFO Set MF index len 416
[2020/07/03-23:39:00.281] [null-err-38] [INFO] [dku.utils]  - 2020-07-03 23:39:00,267 DEBUG FIT/PROCESS WITH Step:RemapValueToOutput
[2020/07/03-23:39:00.286] [null-err-38] [INFO] [dku.utils]  - 2020-07-03 23:39:00,285 DEBUG FIT/PROCESS WITH Step:MultipleImputeMissingFromInput
[2020/07/03-23:39:00.289] [null-err-38] [INFO] [dku.utils]  - 2020-07-03 23:39:00,286 DEBUG MIMIFI: Imputing with map {u'TotalIncome': 6985.156538463558, u'CoapplicantIncome': 1610.4353846174038, u'LoanAmount': 145372.59615384616, u'MonthlyLoan': 454.6875, u'ApplicantIncome': 5374.721153846154, u'Loan_Amount_Term': 343.41346153846155, u'MonthlyLoan_Percentage': 7.4987959535806485}
[2020/07/03-23:39:00.292] [null-err-38] [INFO] [dku.utils]  - 2020-07-03 23:39:00,292 DEBUG FIT/PROCESS WITH Step:RescalingProcessor2 (TotalIncome)
[2020/07/03-23:39:00.294] [null-err-38] [INFO] [dku.utils]  - 2020-07-03 23:39:00,292 DEBUG   Rescale TotalIncome (avg=6985.15653846 std=6159.02675676 shift=6985.15653846 inv_scale=0.000162363314772)
[2020/07/03-23:39:00.333] [null-err-38] [INFO] [dku.utils]  - 2020-07-03 23:39:00,332 DEBUG   Rescaled TotalIncome (avg=-4.40352882363e-18 std=1.0) nulls=0
[2020/07/03-23:39:00.334] [null-err-38] [INFO] [dku.utils]  - 2020-07-03 23:39:00,333 DEBUG FIT/PROCESS WITH Step:RescalingProcessor2 (CoapplicantIncome)
[2020/07/03-23:39:00.339] [null-err-38] [INFO] [dku.utils]  - 2020-07-03 23:39:00,333 DEBUG   Rescale CoapplicantIncome (avg=1610.43538462 std=2714.30958343 shift=1610.43538462 inv_scale=0.000368417812804)
[2020/07/03-23:39:00.342] [null-err-38] [INFO] [dku.utils]  - 2020-07-03 23:39:00,335 DEBUG   Rescaled CoapplicantIncome (avg=-1.60128320859e-17 std=1.0) nulls=0
[2020/07/03-23:39:00.343] [null-err-38] [INFO] [dku.utils]  - 2020-07-03 23:39:00,335 DEBUG FIT/PROCESS WITH Step:RescalingProcessor2 (LoanAmount)
[2020/07/03-23:39:00.344] [null-err-38] [INFO] [dku.utils]  - 2020-07-03 23:39:00,336 DEBUG   Rescale LoanAmount (avg=145372.596154 std=74823.0884989 shift=145372.596154 inv_scale=1.33648586294e-05)
[2020/07/03-23:39:00.346] [null-err-38] [INFO] [dku.utils]  - 2020-07-03 23:39:00,344 DEBUG   Rescaled LoanAmount (avg=-2.68214937439e-17 std=1.0) nulls=0
[2020/07/03-23:39:00.347] [null-err-38] [INFO] [dku.utils]  - 2020-07-03 23:39:00,345 DEBUG FIT/PROCESS WITH Step:RescalingProcessor2 (MonthlyLoan)
[2020/07/03-23:39:00.347] [null-err-38] [INFO] [dku.utils]  - 2020-07-03 23:39:00,345 DEBUG   Rescale MonthlyLoan (avg=454.6875 std=352.641240182 shift=454.6875 inv_scale=0.00283574320316)
[2020/07/03-23:39:00.349] [null-err-38] [INFO] [dku.utils]  - 2020-07-03 23:39:00,347 DEBUG   Rescaled MonthlyLoan (avg=-1.39445079415e-17 std=1.0) nulls=0
[2020/07/03-23:39:00.352] [null-err-38] [INFO] [dku.utils]  - 2020-07-03 23:39:00,347 DEBUG FIT/PROCESS WITH Step:RescalingProcessor2 (ApplicantIncome)
[2020/07/03-23:39:00.355] [null-err-38] [INFO] [dku.utils]  - 2020-07-03 23:39:00,348 DEBUG   Rescale ApplicantIncome (avg=5374.72115385 std=5901.72975617 shift=5374.72115385 inv_scale=0.00016944184863)
[2020/07/03-23:39:00.356] [null-err-38] [INFO] [dku.utils]  - 2020-07-03 23:39:00,349 DEBUG   Rescaled ApplicantIncome (avg=-5.32426666857e-17 std=1.0) nulls=0
[2020/07/03-23:39:00.359] [null-err-38] [INFO] [dku.utils]  - 2020-07-03 23:39:00,350 DEBUG FIT/PROCESS WITH Step:RescalingProcessor2 (Loan_Amount_Term)
[2020/07/03-23:39:00.362] [null-err-38] [INFO] [dku.utils]  - 2020-07-03 23:39:00,350 DEBUG   Rescale Loan_Amount_Term (avg=343.413461538 std=64.3616454786 shift=343.413461538 inv_scale=0.015537203758)
[2020/07/03-23:39:00.363] [null-err-38] [INFO] [dku.utils]  - 2020-07-03 23:39:00,351 DEBUG   Rescaled Loan_Amount_Term (avg=-2.33253587385e-16 std=1.0) nulls=0
[2020/07/03-23:39:00.364] [null-err-38] [INFO] [dku.utils]  - 2020-07-03 23:39:00,351 DEBUG FIT/PROCESS WITH Step:RescalingProcessor2 (MonthlyLoan_Percentage)
[2020/07/03-23:39:00.365] [null-err-38] [INFO] [dku.utils]  - 2020-07-03 23:39:00,352 DEBUG   Rescale MonthlyLoan_Percentage (avg=7.49879595358 std=6.55936186781 shift=7.49879595358 inv_scale=0.152453854529)
[2020/07/03-23:39:00.366] [null-err-38] [INFO] [dku.utils]  - 2020-07-03 23:39:00,355 DEBUG   Rescaled MonthlyLoan_Percentage (avg=1.3357370765e-16 std=1.0) nulls=0
[2020/07/03-23:39:00.367] [null-err-38] [INFO] [dku.utils]  - 2020-07-03 23:39:00,355 DEBUG FIT/PROCESS WITH Step:FlushDFBuilder(num_flagonly)
[2020/07/03-23:39:00.368] [null-err-38] [INFO] [dku.utils]  - 2020-07-03 23:39:00,356 DEBUG FIT/PROCESS WITH Step:FastSparseDummifyProcessor (Property_Area)
[2020/07/03-23:39:00.369] [null-err-38] [INFO] [dku.utils]  - 2020-07-03 23:39:00,366 DEBUG Dummifier: Append a sparse block shape=(416, 5) nnz=416
[2020/07/03-23:39:00.370] [null-err-38] [INFO] [dku.utils]  - 2020-07-03 23:39:00,366 DEBUG FIT/PROCESS WITH Step:FastSparseDummifyProcessor (Gender)
[2020/07/03-23:39:00.375] [null-err-38] [INFO] [dku.utils]  - 2020-07-03 23:39:00,375 DEBUG Dummifier: Append a sparse block shape=(416, 4) nnz=416
[2020/07/03-23:39:00.376] [null-err-38] [INFO] [dku.utils]  - 2020-07-03 23:39:00,375 DEBUG FIT/PROCESS WITH Step:FastSparseDummifyProcessor (Married)
[2020/07/03-23:39:00.379] [null-err-38] [INFO] [dku.utils]  - 2020-07-03 23:39:00,378 DEBUG Dummifier: Append a sparse block shape=(416, 4) nnz=416
[2020/07/03-23:39:00.380] [null-err-38] [INFO] [dku.utils]  - 2020-07-03 23:39:00,378 DEBUG FIT/PROCESS WITH Step:FastSparseDummifyProcessor (Self_Employed)
[2020/07/03-23:39:00.383] [null-err-38] [INFO] [dku.utils]  - 2020-07-03 23:39:00,382 DEBUG Dummifier: Append a sparse block shape=(416, 4) nnz=416
[2020/07/03-23:39:00.384] [null-err-38] [INFO] [dku.utils]  - 2020-07-03 23:39:00,383 DEBUG FIT/PROCESS WITH Step:FastSparseDummifyProcessor (Education)
[2020/07/03-23:39:00.393] [null-err-38] [INFO] [dku.utils]  - 2020-07-03 23:39:00,393 DEBUG Dummifier: Append a sparse block shape=(416, 4) nnz=416
[2020/07/03-23:39:00.394] [null-err-38] [INFO] [dku.utils]  - 2020-07-03 23:39:00,393 DEBUG FIT/PROCESS WITH Step:FastSparseDummifyProcessor (Credit_History)
[2020/07/03-23:39:00.400] [null-err-38] [INFO] [dku.utils]  - 2020-07-03 23:39:00,400 DEBUG Dummifier: Append a sparse block shape=(416, 4) nnz=416
[2020/07/03-23:39:00.401] [null-err-38] [INFO] [dku.utils]  - 2020-07-03 23:39:00,400 DEBUG FIT/PROCESS WITH Step:FastSparseDummifyProcessor (Dependents)
[2020/07/03-23:39:00.407] [null-err-38] [INFO] [dku.utils]  - 2020-07-03 23:39:00,407 DEBUG Dummifier: Append a sparse block shape=(416, 6) nnz=416
[2020/07/03-23:39:00.408] [null-err-38] [INFO] [dku.utils]  - 2020-07-03 23:39:00,407 DEBUG FIT/PROCESS WITH Step:MultipleImputeMissingFromInput
[2020/07/03-23:39:00.410] [null-err-38] [INFO] [dku.utils]  - 2020-07-03 23:39:00,407 DEBUG MIMIFI: Imputing with map {}
[2020/07/03-23:39:00.411] [null-err-38] [INFO] [dku.utils]  - 2020-07-03 23:39:00,407 DEBUG FIT/PROCESS WITH Step:FlushDFBuilder(cat_flagpresence)
[2020/07/03-23:39:00.413] [null-err-38] [INFO] [dku.utils]  - 2020-07-03 23:39:00,407 DEBUG FIT/PROCESS WITH Step:MultipleImputeMissingFromInput
[2020/07/03-23:39:00.416] [null-err-38] [INFO] [dku.utils]  - 2020-07-03 23:39:00,407 DEBUG MIMIFI: Imputing with map {}
[2020/07/03-23:39:00.417] [null-err-38] [INFO] [dku.utils]  - 2020-07-03 23:39:00,407 DEBUG FIT/PROCESS WITH Step:FlushDFBuilder(interaction)
[2020/07/03-23:39:00.421] [null-err-38] [INFO] [dku.utils]  - 2020-07-03 23:39:00,407 DEBUG FIT/PROCESS WITH Step:RealignTarget
[2020/07/03-23:39:00.423] [null-err-38] [INFO] [dku.utils]  - 2020-07-03 23:39:00,408 DEBUG Realign target series = (416,)
[2020/07/03-23:39:00.424] [null-err-38] [INFO] [dku.utils]  - 2020-07-03 23:39:00,411 DEBUG After realign target: (416,)
[2020/07/03-23:39:00.428] [null-err-38] [INFO] [dku.utils]  - 2020-07-03 23:39:00,411 DEBUG FIT/PROCESS WITH Step:DropRowsWhereNoTarget
[2020/07/03-23:39:00.429] [null-err-38] [INFO] [dku.utils]  - 2020-07-03 23:39:00,413 DEBUG Deleting 0 rows because no target
[2020/07/03-23:39:00.430] [null-err-38] [INFO] [dku.utils]  - 2020-07-03 23:39:00,413 DEBUG MF before = (416, 38) target before = (416,)
[2020/07/03-23:39:00.430] [null-err-38] [INFO] [dku.utils]  - 2020-07-03 23:39:00,415 INFO MultiFrame, dropping rows: []
[2020/07/03-23:39:00.433] [null-err-38] [INFO] [dku.utils]  - 2020-07-03 23:39:00,433 DEBUG After DRWNT input_df=(416, 15)
[2020/07/03-23:39:00.434] [null-err-38] [INFO] [dku.utils]  - 2020-07-03 23:39:00,433 DEBUG MF after = (416, 38) target after = (416,)
[2020/07/03-23:39:00.437] [null-err-38] [INFO] [dku.utils]  - 2020-07-03 23:39:00,433 DEBUG FIT/PROCESS WITH Step:DumpPipelineState
[2020/07/03-23:39:00.437] [null-err-38] [INFO] [dku.utils]  - 2020-07-03 23:39:00,434 DEBUG ********* Pipeline state (Before feature selection)
[2020/07/03-23:39:00.439] [null-err-38] [INFO] [dku.utils]  - 2020-07-03 23:39:00,434 DEBUG    input_df= (416, 15) 
[2020/07/03-23:39:00.440] [null-err-38] [INFO] [dku.utils]  - 2020-07-03 23:39:00,434 DEBUG    current_mf=(416, 38) 
[2020/07/03-23:39:00.441] [null-err-38] [INFO] [dku.utils]  - 2020-07-03 23:39:00,434 DEBUG    PPR: 
[2020/07/03-23:39:00.442] [null-err-38] [INFO] [dku.utils]  - 2020-07-03 23:39:00,434 DEBUG       target = <class 'pandas.core.series.Series'> ((416,))
[2020/07/03-23:39:00.443] [null-err-38] [INFO] [dku.utils]  - 2020-07-03 23:39:00,434 DEBUG FIT/PROCESS WITH Step:FeatureSelectionStep
[2020/07/03-23:39:00.448] [null-err-38] [INFO] [dku.utils]  - //Applications/DataScienceStudio.app/Contents/Resources/kit/python.packages/sklearn/feature_selection/univariate_selection.py:114: UserWarning: Features [0 0] are constant.
[2020/07/03-23:39:00.449] [null-err-38] [INFO] [dku.utils]  -   UserWarning)
[2020/07/03-23:39:00.452] [null-err-38] [INFO] [dku.utils]  - //Applications/DataScienceStudio.app/Contents/Resources/kit/python.packages/sklearn/feature_selection/univariate_selection.py:115: RuntimeWarning: invalid value encountered in divide
[2020/07/03-23:39:00.454] [null-err-38] [INFO] [dku.utils]  -   f = msb / msw
[2020/07/03-23:39:00.455] [null-err-38] [INFO] [dku.utils]  - //Applications/DataScienceStudio.app/Contents/Resources/kit/python.packages/sklearn/feature_selection/univariate_selection.py:114: UserWarning: Features [0] are constant.
[2020/07/03-23:39:00.456] [null-err-38] [INFO] [dku.utils]  -   UserWarning)
[2020/07/03-23:39:00.478] [null-err-38] [INFO] [dku.utils]  - 2020-07-03 23:39:00,478 DEBUG FIT/PROCESS WITH Step:EmitCurrentMFAsResult
[2020/07/03-23:39:00.479] [null-err-38] [INFO] [dku.utils]  - 2020-07-03 23:39:00,478 INFO Set MF index len 416
[2020/07/03-23:39:00.481] [null-err-38] [INFO] [dku.utils]  - 2020-07-03 23:39:00,478 DEBUG FIT/PROCESS WITH Step:DumpPipelineState
[2020/07/03-23:39:00.482] [null-err-38] [INFO] [dku.utils]  - 2020-07-03 23:39:00,478 DEBUG ********* Pipeline state (At end)
[2020/07/03-23:39:00.485] [null-err-38] [INFO] [dku.utils]  - 2020-07-03 23:39:00,479 DEBUG    input_df= (416, 15) 
[2020/07/03-23:39:00.487] [null-err-38] [INFO] [dku.utils]  - 2020-07-03 23:39:00,479 DEBUG    current_mf=(0, 0) 
[2020/07/03-23:39:00.492] [null-err-38] [INFO] [dku.utils]  - 2020-07-03 23:39:00,479 DEBUG    PPR: 
[2020/07/03-23:39:00.496] [null-err-38] [INFO] [dku.utils]  - 2020-07-03 23:39:00,479 DEBUG       UNPROCESSED = <class 'pandas.core.frame.DataFrame'> ((416, 15))
[2020/07/03-23:39:00.498] [null-err-38] [INFO] [dku.utils]  - 2020-07-03 23:39:00,479 DEBUG       TRAIN = <class 'dataiku.doctor.multiframe.MultiFrame'> ((416, 25))
[2020/07/03-23:39:00.499] [null-err-38] [INFO] [dku.utils]  - 2020-07-03 23:39:00,479 DEBUG       target = <class 'pandas.core.series.Series'> ((416,))
[2020/07/03-23:39:00.500] [null-err-38] [INFO] [dku.utils]  - 2020-07-03 23:39:00,481 INFO END -  Preprocessing train set
[2020/07/03-23:39:00.500] [null-err-38] [INFO] [dku.utils]  - 2020-07-03 23:39:00,482 INFO START -  Preprocessing test set
[2020/07/03-23:39:00.501] [null-err-38] [INFO] [dku.utils]  - 2020-07-03 23:39:00,482 INFO Set MF index len 113
[2020/07/03-23:39:00.502] [null-err-38] [INFO] [dku.utils]  - 2020-07-03 23:39:00,482 DEBUG PROCESS WITH Step:RemapValueToOutput
[2020/07/03-23:39:00.503] [null-err-38] [INFO] [dku.utils]  - 2020-07-03 23:39:00,485 DEBUG PROCESS WITH Step:MultipleImputeMissingFromInput
[2020/07/03-23:39:00.504] [null-err-38] [INFO] [dku.utils]  - 2020-07-03 23:39:00,486 DEBUG MIMIFI: Imputing with map {u'TotalIncome': 6985.156538463558, u'CoapplicantIncome': 1610.4353846174038, u'LoanAmount': 145372.59615384616, u'MonthlyLoan': 454.6875, u'ApplicantIncome': 5374.721153846154, u'Loan_Amount_Term': 343.41346153846155, u'MonthlyLoan_Percentage': 7.4987959535806485}
[2020/07/03-23:39:00.505] [null-err-38] [INFO] [dku.utils]  - 2020-07-03 23:39:00,496 DEBUG PROCESS WITH Step:RescalingProcessor2 (TotalIncome)
[2020/07/03-23:39:00.505] [null-err-38] [INFO] [dku.utils]  - 2020-07-03 23:39:00,497 DEBUG   Rescale TotalIncome (avg=7289.73274325 std=8003.97491388 shift=6985.15653846 inv_scale=0.000162363314772)
[2020/07/03-23:39:00.506] [null-err-38] [INFO] [dku.utils]  - 2020-07-03 23:39:00,499 DEBUG   Rescaled TotalIncome (avg=0.0494520022107 std=1.29955189837) nulls=0
[2020/07/03-23:39:00.507] [null-err-38] [INFO] [dku.utils]  - 2020-07-03 23:39:00,499 DEBUG PROCESS WITH Step:RescalingProcessor2 (CoapplicantIncome)
[2020/07/03-23:39:00.507] [null-err-38] [INFO] [dku.utils]  - 2020-07-03 23:39:00,500 DEBUG   Rescale CoapplicantIncome (avg=1291.90973441 std=1630.98898439 shift=1610.43538462 inv_scale=0.000368417812804)
[2020/07/03-23:39:00.508] [null-err-38] [INFO] [dku.utils]  - 2020-07-03 23:39:00,502 DEBUG   Rescaled CoapplicantIncome (avg=-0.117350523373 std=0.600885394337) nulls=0
[2020/07/03-23:39:00.509] [null-err-38] [INFO] [dku.utils]  - 2020-07-03 23:39:00,502 DEBUG PROCESS WITH Step:RescalingProcessor2 (LoanAmount)
[2020/07/03-23:39:00.510] [null-err-38] [INFO] [dku.utils]  - 2020-07-03 23:39:00,503 DEBUG   Rescale LoanAmount (avg=147619.469027 std=112256.348737 shift=145372.596154 inv_scale=1.33648586294e-05)
[2020/07/03-23:39:00.510] [null-err-38] [INFO] [dku.utils]  - 2020-07-03 23:39:00,505 DEBUG   Rescaled LoanAmount (avg=0.0300291383018 std=1.50029023112) nulls=0
[2020/07/03-23:39:00.511] [null-err-38] [INFO] [dku.utils]  - 2020-07-03 23:39:00,505 DEBUG PROCESS WITH Step:RescalingProcessor2 (MonthlyLoan)
[2020/07/03-23:39:00.512] [null-err-38] [INFO] [dku.utils]  - 2020-07-03 23:39:00,505 DEBUG   Rescale MonthlyLoan (avg=490.601769912 std=461.354537899 shift=454.6875 inv_scale=0.00283574320316)
[2020/07/03-23:39:00.512] [null-err-38] [INFO] [dku.utils]  - 2020-07-03 23:39:00,507 DEBUG   Rescaled MonthlyLoan (avg=0.101843646798 std=1.30828299509) nulls=0
[2020/07/03-23:39:00.513] [null-err-38] [INFO] [dku.utils]  - 2020-07-03 23:39:00,507 DEBUG PROCESS WITH Step:RescalingProcessor2 (ApplicantIncome)
[2020/07/03-23:39:00.514] [null-err-38] [INFO] [dku.utils]  - 2020-07-03 23:39:00,508 DEBUG   Rescale ApplicantIncome (avg=5997.82300885 std=7998.71315792 shift=5374.72115385 inv_scale=0.00016944184863)
[2020/07/03-23:39:00.515] [null-err-38] [INFO] [dku.utils]  - 2020-07-03 23:39:00,509 DEBUG   Rescaled ApplicantIncome (avg=0.105579530197 std=1.35531674414) nulls=0
[2020/07/03-23:39:00.515] [null-err-38] [INFO] [dku.utils]  - 2020-07-03 23:39:00,510 DEBUG PROCESS WITH Step:RescalingProcessor2 (Loan_Amount_Term)
[2020/07/03-23:39:00.516] [null-err-38] [INFO] [dku.utils]  - 2020-07-03 23:39:00,510 DEBUG   Rescale Loan_Amount_Term (avg=338.442477876 std=66.816237608 shift=343.413461538 inv_scale=0.015537203758)
[2020/07/03-23:39:00.517] [null-err-38] [INFO] [dku.utils]  - 2020-07-03 23:39:00,511 DEBUG   Rescaled Loan_Amount_Term (avg=-0.0772351860396 std=1.03813749806) nulls=0
[2020/07/03-23:39:00.520] [null-err-38] [INFO] [dku.utils]  - 2020-07-03 23:39:00,512 DEBUG PROCESS WITH Step:RescalingProcessor2 (MonthlyLoan_Percentage)
[2020/07/03-23:39:00.521] [null-err-38] [INFO] [dku.utils]  - 2020-07-03 23:39:00,512 DEBUG   Rescale MonthlyLoan_Percentage (avg=7.78225056829 std=7.08393044352 shift=7.49879595358 inv_scale=0.152453854529)
[2020/07/03-23:39:00.522] [null-err-38] [INFO] [dku.utils]  - 2020-07-03 23:39:00,513 DEBUG   Rescaled MonthlyLoan_Percentage (avg=0.0432137485965 std=1.07997250133) nulls=0
[2020/07/03-23:39:00.522] [null-err-38] [INFO] [dku.utils]  - 2020-07-03 23:39:00,514 DEBUG PROCESS WITH Step:FlushDFBuilder(num_flagonly)
[2020/07/03-23:39:00.523] [null-err-38] [INFO] [dku.utils]  - 2020-07-03 23:39:00,514 DEBUG PROCESS WITH Step:FastSparseDummifyProcessor (Property_Area)
[2020/07/03-23:39:00.523] [null-err-38] [INFO] [dku.utils]  - 2020-07-03 23:39:00,518 DEBUG Dummifier: Append a sparse block shape=(113, 5) nnz=113
[2020/07/03-23:39:00.524] [null-err-38] [INFO] [dku.utils]  - 2020-07-03 23:39:00,519 DEBUG PROCESS WITH Step:FastSparseDummifyProcessor (Gender)
[2020/07/03-23:39:00.525] [null-err-38] [INFO] [dku.utils]  - 2020-07-03 23:39:00,523 DEBUG Dummifier: Append a sparse block shape=(113, 4) nnz=113
[2020/07/03-23:39:00.529] [null-err-38] [INFO] [dku.utils]  - 2020-07-03 23:39:00,523 DEBUG PROCESS WITH Step:FastSparseDummifyProcessor (Married)
[2020/07/03-23:39:00.529] [null-err-38] [INFO] [dku.utils]  - 2020-07-03 23:39:00,527 DEBUG Dummifier: Append a sparse block shape=(113, 4) nnz=113
[2020/07/03-23:39:00.530] [null-err-38] [INFO] [dku.utils]  - 2020-07-03 23:39:00,527 DEBUG PROCESS WITH Step:FastSparseDummifyProcessor (Self_Employed)
[2020/07/03-23:39:00.533] [null-err-38] [INFO] [dku.utils]  - 2020-07-03 23:39:00,530 DEBUG Dummifier: Append a sparse block shape=(113, 4) nnz=113
[2020/07/03-23:39:00.534] [null-err-38] [INFO] [dku.utils]  - 2020-07-03 23:39:00,530 DEBUG PROCESS WITH Step:FastSparseDummifyProcessor (Education)
[2020/07/03-23:39:00.535] [null-err-38] [INFO] [dku.utils]  - 2020-07-03 23:39:00,534 DEBUG Dummifier: Append a sparse block shape=(113, 4) nnz=113
[2020/07/03-23:39:00.536] [null-err-38] [INFO] [dku.utils]  - 2020-07-03 23:39:00,534 DEBUG PROCESS WITH Step:FastSparseDummifyProcessor (Credit_History)
[2020/07/03-23:39:00.539] [null-err-38] [INFO] [dku.utils]  - 2020-07-03 23:39:00,538 DEBUG Dummifier: Append a sparse block shape=(113, 4) nnz=113
[2020/07/03-23:39:00.541] [null-err-38] [INFO] [dku.utils]  - 2020-07-03 23:39:00,538 DEBUG PROCESS WITH Step:FastSparseDummifyProcessor (Dependents)
[2020/07/03-23:39:00.543] [null-err-38] [INFO] [dku.utils]  - 2020-07-03 23:39:00,543 DEBUG Dummifier: Append a sparse block shape=(113, 6) nnz=113
[2020/07/03-23:39:00.544] [null-err-38] [INFO] [dku.utils]  - 2020-07-03 23:39:00,543 DEBUG PROCESS WITH Step:MultipleImputeMissingFromInput
[2020/07/03-23:39:00.547] [null-err-38] [INFO] [dku.utils]  - 2020-07-03 23:39:00,543 DEBUG MIMIFI: Imputing with map {}
[2020/07/03-23:39:00.548] [null-err-38] [INFO] [dku.utils]  - 2020-07-03 23:39:00,543 DEBUG PROCESS WITH Step:FlushDFBuilder(cat_flagpresence)
[2020/07/03-23:39:00.549] [null-err-38] [INFO] [dku.utils]  - 2020-07-03 23:39:00,543 DEBUG PROCESS WITH Step:MultipleImputeMissingFromInput
[2020/07/03-23:39:00.552] [null-err-38] [INFO] [dku.utils]  - 2020-07-03 23:39:00,543 DEBUG MIMIFI: Imputing with map {}
[2020/07/03-23:39:00.553] [null-err-38] [INFO] [dku.utils]  - 2020-07-03 23:39:00,543 DEBUG PROCESS WITH Step:FlushDFBuilder(interaction)
[2020/07/03-23:39:00.554] [null-err-38] [INFO] [dku.utils]  - 2020-07-03 23:39:00,543 DEBUG PROCESS WITH Step:RealignTarget
[2020/07/03-23:39:00.558] [null-err-38] [INFO] [dku.utils]  - 2020-07-03 23:39:00,543 DEBUG Realign target series = (113,)
[2020/07/03-23:39:00.559] [null-err-38] [INFO] [dku.utils]  - 2020-07-03 23:39:00,545 DEBUG After realign target: (113,)
[2020/07/03-23:39:00.560] [null-err-38] [INFO] [dku.utils]  - 2020-07-03 23:39:00,545 DEBUG PROCESS WITH Step:DropRowsWhereNoTarget
[2020/07/03-23:39:00.561] [null-err-38] [INFO] [dku.utils]  - 2020-07-03 23:39:00,546 DEBUG Deleting 0 rows because no target
[2020/07/03-23:39:00.562] [null-err-38] [INFO] [dku.utils]  - 2020-07-03 23:39:00,546 DEBUG MF before = (113, 38) target before = (113,)
[2020/07/03-23:39:00.563] [null-err-38] [INFO] [dku.utils]  - 2020-07-03 23:39:00,550 INFO MultiFrame, dropping rows: []
[2020/07/03-23:39:00.568] [null-err-38] [INFO] [dku.utils]  - 2020-07-03 23:39:00,566 DEBUG After DRWNT input_df=(113, 15)
[2020/07/03-23:39:00.571] [null-err-38] [INFO] [dku.utils]  - 2020-07-03 23:39:00,567 DEBUG MF after = (113, 38) target after = (113,)
[2020/07/03-23:39:00.575] [null-err-38] [INFO] [dku.utils]  - 2020-07-03 23:39:00,567 DEBUG PROCESS WITH Step:DumpPipelineState
[2020/07/03-23:39:00.577] [null-err-38] [INFO] [dku.utils]  - 2020-07-03 23:39:00,567 DEBUG ********* Pipeline state (Before feature selection)
[2020/07/03-23:39:00.580] [null-err-38] [INFO] [dku.utils]  - 2020-07-03 23:39:00,567 DEBUG    input_df= (113, 15) 
[2020/07/03-23:39:00.582] [null-err-38] [INFO] [dku.utils]  - 2020-07-03 23:39:00,567 DEBUG    current_mf=(113, 38) 
[2020/07/03-23:39:00.583] [null-err-38] [INFO] [dku.utils]  - 2020-07-03 23:39:00,567 DEBUG    PPR: 
[2020/07/03-23:39:00.584] [null-err-38] [INFO] [dku.utils]  - 2020-07-03 23:39:00,567 DEBUG       target = <class 'pandas.core.series.Series'> ((113,))
[2020/07/03-23:39:00.587] [null-err-38] [INFO] [dku.utils]  - 2020-07-03 23:39:00,567 DEBUG PROCESS WITH Step:FeatureSelectionStep
[2020/07/03-23:39:00.589] [null-err-38] [INFO] [dku.utils]  - 2020-07-03 23:39:00,584 DEBUG PROCESS WITH Step:EmitCurrentMFAsResult
[2020/07/03-23:39:00.590] [null-err-38] [INFO] [dku.utils]  - 2020-07-03 23:39:00,584 INFO Set MF index len 113
[2020/07/03-23:39:00.591] [null-err-38] [INFO] [dku.utils]  - 2020-07-03 23:39:00,584 DEBUG PROCESS WITH Step:DumpPipelineState
[2020/07/03-23:39:00.594] [null-err-38] [INFO] [dku.utils]  - 2020-07-03 23:39:00,584 DEBUG ********* Pipeline state (At end)
[2020/07/03-23:39:00.595] [null-err-38] [INFO] [dku.utils]  - 2020-07-03 23:39:00,584 DEBUG    input_df= (113, 15) 
[2020/07/03-23:39:00.596] [null-err-38] [INFO] [dku.utils]  - 2020-07-03 23:39:00,584 DEBUG    current_mf=(0, 0) 
[2020/07/03-23:39:00.597] [null-err-38] [INFO] [dku.utils]  - 2020-07-03 23:39:00,584 DEBUG    PPR: 
[2020/07/03-23:39:00.598] [null-err-38] [INFO] [dku.utils]  - 2020-07-03 23:39:00,584 DEBUG       UNPROCESSED = <class 'pandas.core.frame.DataFrame'> ((113, 15))
[2020/07/03-23:39:00.599] [null-err-38] [INFO] [dku.utils]  - 2020-07-03 23:39:00,585 DEBUG       TRAIN = <class 'dataiku.doctor.multiframe.MultiFrame'> ((113, 25))
[2020/07/03-23:39:00.600] [null-err-38] [INFO] [dku.utils]  - 2020-07-03 23:39:00,585 DEBUG       target = <class 'pandas.core.series.Series'> ((113,))
[2020/07/03-23:39:00.601] [null-err-38] [INFO] [dku.utils]  - 2020-07-03 23:39:00,585 INFO END -  Preprocessing test set
[2020/07/03-23:39:00.601] [null-err-38] [INFO] [dku.utils]  - 2020-07-03 23:39:00,585 INFO START -  Grid searching
[2020/07/03-23:39:00.602] [null-err-38] [INFO] [dku.utils]  - 2020-07-03 23:39:00,586 INFO prepare multiframe shape=(416,25) tn=10400 nnz=5020 fill_ratio=0.48
[2020/07/03-23:39:00.604] [null-err-38] [INFO] [dku.utils]  - 2020-07-03 23:39:00,586 INFO too small, using array
[2020/07/03-23:39:00.605] [null-err-38] [INFO] [dku.utils]  - 2020-07-03 23:39:00,587 INFO Create CLF from params: {u'computeLearningCurves': False, u'algorithm': u'RANDOM_FOREST_CLASSIFICATION', u'grid_search_params': {u'nIter': 0, u'nJobs': 4, u'strategy': u'GRID', u'randomized': True, u'shuffleIterations': 1, u'mode': u'KFOLD', u'timeout': 0, u'splitRatio': 0.8, u'nFolds': 3, u'stratified': True}, u'autoOptimizeThreshold': True, u'gridLength': 2, u'metrics': {u'customEvaluationMetricGIB': True, u'customEvaluationMetricNeedsProba': False, u'thresholdOptimizationMetric': u'F1', u'liftPoint': 0.4, u'costMatrixWeights': {u'fnGain': 0.0, u'tpGain': 1.0, u'tnGain': 0.0, u'fpGain': -0.3}, u'evaluationMetric': u'ROC_AUC'}, u'forcedClassifierThreshold': 0.0, u'rf_classifier_grid': {u'n_jobs': 4, u'max_tree_depth': {u'gridMode': u'EXPLICIT', u'values': [6, 13], u'nValues': 0}, u'selection_mode': u'auto', u'enabled': True, u'min_samples_leaf': {u'gridMode': u'EXPLICIT', u'values': [1], u'nValues': 0}, u'n_estimators': {u'gridMode': u'EXPLICIT', u'values': [100], u'nValues': 0}, u'max_feature_prop': 0.3, u'max_features': {u'gridMode': u'EXPLICIT', u'values': [5], u'nValues': 0}}, u'max_ensemble_nodes_serialized': 6000, u'pluginAlgoCustomGridSearch': False, u'skipExpensiveReports': False} for algorithm RANDOM_FOREST_CLASSIFICATION
[2020/07/03-23:39:00.606] [null-err-38] [INFO] [dku.utils]  - 2020-07-03 23:39:00,587 INFO Using stratified K-Fold CV with k=3
[2020/07/03-23:39:00.609] [null-err-38] [INFO] [dku.utils]  - 2020-07-03 23:39:00,588 INFO Building Gridsearcher for hyperparameters space: <dataiku.doctor.prediction.common.TreesHyperparametersSpace object at 0x113d87610>
[2020/07/03-23:39:00.610] [null-err-38] [INFO] [dku.utils]  - 2020-07-03 23:39:00,591 INFO Fitting 3 folds for each of 2 candidates, totalling 6 fits
[2020/07/03-23:39:00.611] [null-err-38] [INFO] [dku.utils]  - [Parallel(n_jobs=4)]: Using backend ThreadingBackend with 4 concurrent workers.
[2020/07/03-23:39:00.612] [null-err-38] [INFO] [dku.utils]  - 2020-07-03 23:39:00,605 INFO Fit  p=1 s=0: max_features=auto, n_estimators=100, min_samples_split=3, max_depth=13, min_samples_leaf=1 
[2020/07/03-23:39:00.613] [null-err-38] [INFO] [dku.utils]  - 2020-07-03 23:39:00,612 INFO Fit  p=1 s=1: max_features=auto, n_estimators=100, min_samples_split=3, max_depth=13, min_samples_leaf=1 
[2020/07/03-23:39:00.615] [null-err-38] [INFO] [dku.utils]  - 2020-07-03 23:39:00,615 INFO Fit  p=1 s=2: max_features=auto, n_estimators=100, min_samples_split=3, max_depth=13, min_samples_leaf=1 
[2020/07/03-23:39:00.674] [null-err-38] [INFO] [dku.utils]  - 2020-07-03 23:39:00,674 INFO Fit  p=0 s=0: max_features=auto, n_estimators=100, min_samples_split=3, max_depth=6, min_samples_leaf=1 
[2020/07/03-23:39:04.365] [null-err-38] [INFO] [dku.utils]  - 2020-07-03 23:39:04,365 INFO Done p=1 s=1: max_features=auto, n_estimators=100, min_samples_split=3, max_depth=13, min_samples_leaf=1 (ft=2.4s st=1.3s sc=0.755741626794)
[2020/07/03-23:39:04.380] [null-err-38] [INFO] [dku.utils]  - 2020-07-03 23:39:04,380 INFO Fit  p=0 s=1: max_features=auto, n_estimators=100, min_samples_split=3, max_depth=6, min_samples_leaf=1 
[2020/07/03-23:39:04.533] [null-err-38] [INFO] [dku.utils]  - 2020-07-03 23:39:04,533 INFO Done p=1 s=2: max_features=auto, n_estimators=100, min_samples_split=3, max_depth=13, min_samples_leaf=1 (ft=3.0s st=1.0s sc=0.815422276622)
[2020/07/03-23:39:04.540] [null-err-38] [INFO] [dku.utils]  - 2020-07-03 23:39:04,540 INFO Fit  p=0 s=2: max_features=auto, n_estimators=100, min_samples_split=3, max_depth=6, min_samples_leaf=1 
[2020/07/03-23:39:04.548] [null-err-38] [INFO] [dku.utils]  - 2020-07-03 23:39:04,548 INFO Done p=1 s=0: max_features=auto, n_estimators=100, min_samples_split=3, max_depth=13, min_samples_leaf=1 (ft=2.8s st=1.1s sc=0.797846889952)
[2020/07/03-23:39:05.031] [null-err-38] [INFO] [dku.utils]  - 2020-07-03 23:39:05,031 INFO Done p=0 s=0: max_features=auto, n_estimators=100, min_samples_split=3, max_depth=6, min_samples_leaf=1 (ft=3.9s st=0.4s sc=0.755263157895)
[2020/07/03-23:39:07.834] [null-err-38] [INFO] [dku.utils]  - 2020-07-03 23:39:07,831 INFO Done p=0 s=2: max_features=auto, n_estimators=100, min_samples_split=3, max_depth=6, min_samples_leaf=1 (ft=2.8s st=0.5s sc=0.796817625459)
[2020/07/03-23:39:08.009] [null-err-38] [INFO] [dku.utils]  - 2020-07-03 23:39:08,009 INFO Done p=0 s=1: max_features=auto, n_estimators=100, min_samples_split=3, max_depth=6, min_samples_leaf=1 (ft=3.1s st=0.6s sc=0.767464114833)
[2020/07/03-23:39:08.011] [null-err-38] [INFO] [dku.utils]  - [Parallel(n_jobs=4)]: Done   6 out of   6 | elapsed:    7.4s finished
[2020/07/03-23:39:08.696] [null-err-38] [INFO] [dku.utils]  - 2020-07-03 23:39:08,696 INFO Grid search ended, got 6 scores out of 6
[2020/07/03-23:39:08.700] [null-err-38] [INFO] [dku.utils]  - 2020-07-03 23:39:08,698 INFO Grid search done, best_parameters being : {'max_features': u'auto', 'n_estimators': 100, 'min_samples_split': 3, 'max_depth': 13, 'min_samples_leaf': 1}
[2020/07/03-23:39:08.703] [null-err-38] [INFO] [dku.utils]  - 2020-07-03 23:39:08,702 INFO END -  Grid searching
[2020/07/03-23:39:08.704] [null-err-38] [INFO] [dku.utils]  - 2020-07-03 23:39:08,703 INFO START -  Fitting model
[2020/07/03-23:39:08.707] [null-err-38] [INFO] [dku.utils]  - 2020-07-03 23:39:08,707 INFO Fitting model:
[2020/07/03-23:39:08.709] [null-err-38] [INFO] [dku.utils]  - 2020-07-03 23:39:08,709 INFO   Model is: RandomForestClassifier(bootstrap=True,
[2020/07/03-23:39:08.712] [null-err-38] [INFO] [dku.utils]  -             class_weight={0: 0.7298245614035088, 1: 1.5877862595419847},
[2020/07/03-23:39:08.713] [null-err-38] [INFO] [dku.utils]  -             criterion='gini', max_depth=13, max_features=u'auto',
[2020/07/03-23:39:08.715] [null-err-38] [INFO] [dku.utils]  -             max_leaf_nodes=None, min_impurity_decrease=0.0,
[2020/07/03-23:39:08.716] [null-err-38] [INFO] [dku.utils]  -             min_impurity_split=None, min_samples_leaf=1,
[2020/07/03-23:39:08.717] [null-err-38] [INFO] [dku.utils]  -             min_samples_split=3, min_weight_fraction_leaf=0.0,
[2020/07/03-23:39:08.718] [null-err-38] [INFO] [dku.utils]  -             n_estimators=100, n_jobs=4, oob_score=False, random_state=1337,
[2020/07/03-23:39:08.721] [null-err-38] [INFO] [dku.utils]  -             verbose=0, warm_start=False)
[2020/07/03-23:39:08.723] [null-err-38] [INFO] [dku.utils]  - 2020-07-03 23:39:08,709 INFO   train_X class: <type 'numpy.ndarray'>
[2020/07/03-23:39:08.724] [null-err-38] [INFO] [dku.utils]  - 2020-07-03 23:39:08,709 INFO   train_X shape: (416, 25)
[2020/07/03-23:39:08.724] [null-err-38] [INFO] [dku.utils]  - 2020-07-03 23:39:08,709 INFO   train_y shape: (416,)
[2020/07/03-23:39:10.993] [null-err-38] [INFO] [dku.utils]  - 2020-07-03 23:39:10,990 INFO Obtained RF CLF params: {'warm_start': False, 'oob_score': False, 'n_jobs': 4, 'min_impurity_decrease': 0.0, 'verbose': 0, 'max_leaf_nodes': None, 'bootstrap': True, 'min_samples_leaf': 1, 'n_estimators': 100, 'min_samples_split': 3, 'min_weight_fraction_leaf': 0.0, 'criterion': 'gini', 'random_state': 1337, 'min_impurity_split': None, 'max_features': u'auto', 'max_depth': 13, 'class_weight': {0: 0.7298245614035088, 1: 1.5877862595419847}} 
[2020/07/03-23:39:10.999] [null-err-38] [INFO] [dku.utils]  - 2020-07-03 23:39:10,992 INFO Output params are {'resolved': {'rf': {'max_tree_depth': 13, 'selection_mode': u'auto', 'min_samples_leaf': 1, 'estimators': 100}, 'skipExpensiveReports': False, 'algorithm': u'RANDOM_FOREST_CLASSIFICATION'}, 'other': {'rf_min_samples_split': 3}}
[2020/07/03-23:39:11.001] [null-err-38] [INFO] [dku.utils]  - 2020-07-03 23:39:10,993 INFO END -  Fitting model
[2020/07/03-23:39:11.002] [null-err-38] [INFO] [dku.utils]  - 2020-07-03 23:39:10,993 INFO START -  Saving model
[2020/07/03-23:39:11.003] [null-err-38] [INFO] [dku.utils]  - 2020-07-03 23:39:10,996 INFO PICKLING RandomForestClassifier(bootstrap=True,
[2020/07/03-23:39:11.004] [null-err-38] [INFO] [dku.utils]  -             class_weight={0: 0.7298245614035088, 1: 1.5877862595419847},
[2020/07/03-23:39:11.007] [null-err-38] [INFO] [dku.utils]  -             criterion='gini', max_depth=13, max_features=u'auto',
[2020/07/03-23:39:11.008] [null-err-38] [INFO] [dku.utils]  -             max_leaf_nodes=None, min_impurity_decrease=0.0,
[2020/07/03-23:39:11.010] [null-err-38] [INFO] [dku.utils]  -             min_impurity_split=None, min_samples_leaf=1,
[2020/07/03-23:39:11.012] [null-err-38] [INFO] [dku.utils]  -             min_samples_split=3, min_weight_fraction_leaf=0.0,
[2020/07/03-23:39:11.013] [null-err-38] [INFO] [dku.utils]  -             n_estimators=100, n_jobs=4, oob_score=False, random_state=1337,
[2020/07/03-23:39:11.014] [null-err-38] [INFO] [dku.utils]  -             verbose=0, warm_start=False)
[2020/07/03-23:39:11.248] [null-err-38] [INFO] [dku.utils]  - 2020-07-03 23:39:11,248 INFO END -  Saving model
[2020/07/03-23:39:11.249] [null-err-38] [INFO] [dku.utils]  - 2020-07-03 23:39:11,248 INFO START -  Scoring model
[2020/07/03-23:39:11.251] [null-err-38] [INFO] [dku.utils]  - 2020-07-03 23:39:11,249 INFO Intrinsic scoring
[2020/07/03-23:39:11.498] [null-err-38] [INFO] [dku.utils]  - 2020-07-03 23:39:11,498 INFO Computing feature importance
[2020/07/03-23:39:11.501] [null-err-38] [INFO] [dku.utils]  - 2020-07-03 23:39:11,501 INFO Extracting rescalers
[2020/07/03-23:39:11.504] [null-err-38] [INFO] [dku.utils]  - 2020-07-03 23:39:11,501 INFO Creating random forest trees summary
[2020/07/03-23:39:12.512] [null-err-38] [INFO] [dku.utils]  - 2020-07-03 23:39:12,511 INFO prepare multiframe shape=(113,25) tn=2825 nnz=1365 fill_ratio=0.48
[2020/07/03-23:39:12.512] [null-err-38] [INFO] [dku.utils]  - 2020-07-03 23:39:12,512 INFO too small, using array
[2020/07/03-23:39:12.848] [null-err-38] [INFO] [dku.utils]  - 2020-07-03 23:39:12,846 INFO Probas raw shape 113/2 target_map=2
[2020/07/03-23:39:13.051] [null-err-38] [INFO] [dku.utils]  - //Applications/DataScienceStudio.app/Contents/Resources/kit/python.packages/sklearn/metrics/classification.py:543: RuntimeWarning: invalid value encountered in double_scalars
[2020/07/03-23:39:13.052] [null-err-38] [INFO] [dku.utils]  -   mcc = cov_ytyp / np.sqrt(cov_ytyt * cov_ypyp)
[2020/07/03-23:39:14.302] [null-err-38] [INFO] [dku.utils]  - //Applications/DataScienceStudio.app/Contents/Resources/kit/python.packages/sklearn/metrics/classification.py:1143: UndefinedMetricWarning: F-score is ill-defined and being set to 0.0 due to no predicted samples.
[2020/07/03-23:39:14.308] [null-err-38] [INFO] [dku.utils]  -   'precision', 'predicted', average, warn_for)
[2020/07/03-23:39:14.320] [null-err-38] [INFO] [dku.utils]  - 2020-07-03 23:39:14,318 INFO Starting threshold optim
[2020/07/03-23:39:14.330] [null-err-38] [INFO] [dku.utils]  - 2020-07-03 23:39:14,329 INFO AT CUT 0.000000 score 0.441379 (pred_true=113)
[2020/07/03-23:39:14.333] [null-err-38] [INFO] [dku.utils]  - 2020-07-03 23:39:14,332 INFO AT CUT 0.025000 score 0.453901 (pred_true=109)
[2020/07/03-23:39:14.335] [null-err-38] [INFO] [dku.utils]  - 2020-07-03 23:39:14,334 INFO AT CUT 0.050000 score 0.467153 (pred_true=105)
[2020/07/03-23:39:14.337] [null-err-38] [INFO] [dku.utils]  - 2020-07-03 23:39:14,337 INFO AT CUT 0.075000 score 0.500000 (pred_true=96)
[2020/07/03-23:39:14.362] [null-err-38] [INFO] [dku.utils]  - 2020-07-03 23:39:14,359 INFO AT CUT 0.100000 score 0.496000 (pred_true=93)
[2020/07/03-23:39:14.366] [null-err-38] [INFO] [dku.utils]  - 2020-07-03 23:39:14,361 INFO AT CUT 0.125000 score 0.482759 (pred_true=84)
[2020/07/03-23:39:14.369] [null-err-38] [INFO] [dku.utils]  - 2020-07-03 23:39:14,368 INFO AT CUT 0.150000 score 0.500000 (pred_true=76)
[2020/07/03-23:39:14.371] [null-err-38] [INFO] [dku.utils]  - 2020-07-03 23:39:14,371 INFO AT CUT 0.175000 score 0.520000 (pred_true=68)
[2020/07/03-23:39:14.410] [null-err-38] [INFO] [dku.utils]  - 2020-07-03 23:39:14,410 INFO AT CUT 0.200000 score 0.537634 (pred_true=61)
[2020/07/03-23:39:14.413] [null-err-38] [INFO] [dku.utils]  - 2020-07-03 23:39:14,412 INFO AT CUT 0.225000 score 0.545455 (pred_true=56)
[2020/07/03-23:39:14.417] [null-err-38] [INFO] [dku.utils]  - 2020-07-03 23:39:14,416 INFO AT CUT 0.250000 score 0.560976 (pred_true=50)
[2020/07/03-23:39:14.419] [null-err-38] [INFO] [dku.utils]  - 2020-07-03 23:39:14,419 INFO AT CUT 0.275000 score 0.513514 (pred_true=42)
[2020/07/03-23:39:14.424] [null-err-38] [INFO] [dku.utils]  - 2020-07-03 23:39:14,423 INFO AT CUT 0.300000 score 0.542857 (pred_true=38)
[2020/07/03-23:39:14.426] [null-err-38] [INFO] [dku.utils]  - 2020-07-03 23:39:14,426 INFO AT CUT 0.325000 score 0.492308 (pred_true=33)
[2020/07/03-23:39:14.429] [null-err-38] [INFO] [dku.utils]  - 2020-07-03 23:39:14,429 INFO AT CUT 0.350000 score 0.500000 (pred_true=28)
[2020/07/03-23:39:14.433] [null-err-38] [INFO] [dku.utils]  - 2020-07-03 23:39:14,432 INFO AT CUT 0.375000 score 0.518519 (pred_true=22)
[2020/07/03-23:39:14.437] [null-err-38] [INFO] [dku.utils]  - 2020-07-03 23:39:14,436 INFO AT CUT 0.400000 score 0.518519 (pred_true=22)
[2020/07/03-23:39:14.441] [null-err-38] [INFO] [dku.utils]  - 2020-07-03 23:39:14,441 INFO AT CUT 0.425000 score 0.549020 (pred_true=19)
[2020/07/03-23:39:14.444] [null-err-38] [INFO] [dku.utils]  - 2020-07-03 23:39:14,444 INFO AT CUT 0.450000 score 0.560000 (pred_true=18)
[2020/07/03-23:39:14.450] [null-err-38] [INFO] [dku.utils]  - 2020-07-03 23:39:14,448 INFO AT CUT 0.475000 score 0.530612 (pred_true=17)
[2020/07/03-23:39:14.470] [null-err-38] [INFO] [dku.utils]  - 2020-07-03 23:39:14,469 INFO AT CUT 0.500000 score 0.530612 (pred_true=17)
[2020/07/03-23:39:14.477] [null-err-38] [INFO] [dku.utils]  - 2020-07-03 23:39:14,476 INFO AT CUT 0.525000 score 0.510638 (pred_true=15)
[2020/07/03-23:39:14.481] [null-err-38] [INFO] [dku.utils]  - 2020-07-03 23:39:14,479 INFO AT CUT 0.550000 score 0.521739 (pred_true=14)
[2020/07/03-23:39:14.485] [null-err-38] [INFO] [dku.utils]  - 2020-07-03 23:39:14,483 INFO AT CUT 0.575000 score 0.521739 (pred_true=14)
[2020/07/03-23:39:14.486] [null-err-38] [INFO] [dku.utils]  - 2020-07-03 23:39:14,484 INFO AT CUT 0.600000 score 0.521739 (pred_true=14)
[2020/07/03-23:39:14.490] [null-err-38] [INFO] [dku.utils]  - 2020-07-03 23:39:14,490 INFO AT CUT 0.625000 score 0.521739 (pred_true=14)
[2020/07/03-23:39:14.493] [null-err-38] [INFO] [dku.utils]  - 2020-07-03 23:39:14,492 INFO AT CUT 0.650000 score 0.533333 (pred_true=13)
[2020/07/03-23:39:14.495] [null-err-38] [INFO] [dku.utils]  - 2020-07-03 23:39:14,495 INFO AT CUT 0.675000 score 0.533333 (pred_true=13)
[2020/07/03-23:39:14.498] [null-err-38] [INFO] [dku.utils]  - 2020-07-03 23:39:14,498 INFO AT CUT 0.700000 score 0.533333 (pred_true=13)
[2020/07/03-23:39:14.503] [null-err-38] [INFO] [dku.utils]  - 2020-07-03 23:39:14,502 INFO AT CUT 0.725000 score 0.533333 (pred_true=13)
[2020/07/03-23:39:14.564] [null-err-38] [INFO] [dku.utils]  - 2020-07-03 23:39:14,564 INFO AT CUT 0.750000 score 0.533333 (pred_true=13)
[2020/07/03-23:39:14.567] [null-err-38] [INFO] [dku.utils]  - 2020-07-03 23:39:14,567 INFO AT CUT 0.775000 score 0.533333 (pred_true=13)
[2020/07/03-23:39:14.569] [null-err-38] [INFO] [dku.utils]  - 2020-07-03 23:39:14,569 INFO AT CUT 0.800000 score 0.465116 (pred_true=11)
[2020/07/03-23:39:14.574] [null-err-38] [INFO] [dku.utils]  - 2020-07-03 23:39:14,573 INFO AT CUT 0.825000 score 0.465116 (pred_true=11)
[2020/07/03-23:39:14.595] [null-err-38] [INFO] [dku.utils]  - 2020-07-03 23:39:14,594 INFO AT CUT 0.850000 score 0.465116 (pred_true=11)
[2020/07/03-23:39:14.603] [null-err-38] [INFO] [dku.utils]  - 2020-07-03 23:39:14,602 INFO AT CUT 0.875000 score 0.400000 (pred_true=8)
[2020/07/03-23:39:14.618] [null-err-38] [INFO] [dku.utils]  - 2020-07-03 23:39:14,618 INFO AT CUT 0.900000 score 0.315789 (pred_true=6)
[2020/07/03-23:39:14.620] [null-err-38] [INFO] [dku.utils]  - 2020-07-03 23:39:14,620 INFO AT CUT 0.925000 score 0.315789 (pred_true=6)
[2020/07/03-23:39:14.640] [null-err-38] [INFO] [dku.utils]  - 2020-07-03 23:39:14,637 INFO AT CUT 0.950000 score 0.171429 (pred_true=3)
[2020/07/03-23:39:14.641] [null-err-38] [INFO] [dku.utils]  - 2020-07-03 23:39:14,639 INFO AT CUT 0.975000 score 0.000000 (pred_true=0)
[2020/07/03-23:39:14.648] [null-err-38] [INFO] [dku.utils]  - 2020-07-03 23:39:14,646 INFO Selected threshold 0.25 
[2020/07/03-23:39:14.660] [null-err-38] [INFO] [dku.utils]  - 2020-07-03 23:39:14,659 INFO preds 0      0
[2020/07/03-23:39:14.661] [null-err-38] [INFO] [dku.utils]  - 1      0
[2020/07/03-23:39:14.662] [null-err-38] [INFO] [dku.utils]  - 2      0
[2020/07/03-23:39:14.664] [null-err-38] [INFO] [dku.utils]  - 3      1
[2020/07/03-23:39:14.667] [null-err-38] [INFO] [dku.utils]  - 4      0
[2020/07/03-23:39:14.668] [null-err-38] [INFO] [dku.utils]  - 5      1
[2020/07/03-23:39:14.669] [null-err-38] [INFO] [dku.utils]  - 6      0
[2020/07/03-23:39:14.670] [null-err-38] [INFO] [dku.utils]  - 7      0
[2020/07/03-23:39:14.674] [null-err-38] [INFO] [dku.utils]  - 8      0
[2020/07/03-23:39:14.677] [null-err-38] [INFO] [dku.utils]  - 9      0
[2020/07/03-23:39:14.678] [null-err-38] [INFO] [dku.utils]  - 10     1
[2020/07/03-23:39:14.679] [null-err-38] [INFO] [dku.utils]  - 11     1
[2020/07/03-23:39:14.683] [null-err-38] [INFO] [dku.utils]  - 12     1
[2020/07/03-23:39:14.687] [null-err-38] [INFO] [dku.utils]  - 13     0
[2020/07/03-23:39:14.690] [null-err-38] [INFO] [dku.utils]  - 14     1
[2020/07/03-23:39:14.692] [null-err-38] [INFO] [dku.utils]  - 15     0
[2020/07/03-23:39:14.695] [null-err-38] [INFO] [dku.utils]  - 16     1
[2020/07/03-23:39:14.696] [null-err-38] [INFO] [dku.utils]  - 17     0
[2020/07/03-23:39:14.698] [null-err-38] [INFO] [dku.utils]  - 18     1
[2020/07/03-23:39:14.699] [null-err-38] [INFO] [dku.utils]  - 19     1
[2020/07/03-23:39:14.702] [null-err-38] [INFO] [dku.utils]  - 20     0
[2020/07/03-23:39:14.704] [null-err-38] [INFO] [dku.utils]  - 21     0
[2020/07/03-23:39:14.706] [null-err-38] [INFO] [dku.utils]  - 22     0
[2020/07/03-23:39:14.707] [null-err-38] [INFO] [dku.utils]  - 23     0
[2020/07/03-23:39:14.709] [null-err-38] [INFO] [dku.utils]  - 24     1
[2020/07/03-23:39:14.709] [null-err-38] [INFO] [dku.utils]  - 25     0
[2020/07/03-23:39:14.710] [null-err-38] [INFO] [dku.utils]  - 26     0
[2020/07/03-23:39:14.711] [null-err-38] [INFO] [dku.utils]  - 27     0
[2020/07/03-23:39:14.712] [null-err-38] [INFO] [dku.utils]  - 28     0
[2020/07/03-23:39:14.713] [null-err-38] [INFO] [dku.utils]  - 29     1
[2020/07/03-23:39:14.714] [null-err-38] [INFO] [dku.utils]  -       ..
[2020/07/03-23:39:14.715] [null-err-38] [INFO] [dku.utils]  - 83     1
[2020/07/03-23:39:14.716] [null-err-38] [INFO] [dku.utils]  - 84     0
[2020/07/03-23:39:14.716] [null-err-38] [INFO] [dku.utils]  - 85     0
[2020/07/03-23:39:14.717] [null-err-38] [INFO] [dku.utils]  - 86     0
[2020/07/03-23:39:14.719] [null-err-38] [INFO] [dku.utils]  - 87     1
[2020/07/03-23:39:14.722] [null-err-38] [INFO] [dku.utils]  - 88     0
[2020/07/03-23:39:14.723] [null-err-38] [INFO] [dku.utils]  - 89     0
[2020/07/03-23:39:14.724] [null-err-38] [INFO] [dku.utils]  - 90     1
[2020/07/03-23:39:14.726] [null-err-38] [INFO] [dku.utils]  - 91     0
[2020/07/03-23:39:14.728] [null-err-38] [INFO] [dku.utils]  - 92     1
[2020/07/03-23:39:14.729] [null-err-38] [INFO] [dku.utils]  - 93     0
[2020/07/03-23:39:14.730] [null-err-38] [INFO] [dku.utils]  - 94     1
[2020/07/03-23:39:14.731] [null-err-38] [INFO] [dku.utils]  - 95     0
[2020/07/03-23:39:14.731] [null-err-38] [INFO] [dku.utils]  - 96     0
[2020/07/03-23:39:14.732] [null-err-38] [INFO] [dku.utils]  - 97     0
[2020/07/03-23:39:14.733] [null-err-38] [INFO] [dku.utils]  - 98     0
[2020/07/03-23:39:14.734] [null-err-38] [INFO] [dku.utils]  - 99     0
[2020/07/03-23:39:14.735] [null-err-38] [INFO] [dku.utils]  - 100    1
[2020/07/03-23:39:14.736] [null-err-38] [INFO] [dku.utils]  - 101    0
[2020/07/03-23:39:14.737] [null-err-38] [INFO] [dku.utils]  - 102    1
[2020/07/03-23:39:14.738] [null-err-38] [INFO] [dku.utils]  - 103    0
[2020/07/03-23:39:14.739] [null-err-38] [INFO] [dku.utils]  - 104    0
[2020/07/03-23:39:14.742] [null-err-38] [INFO] [dku.utils]  - 105    0
[2020/07/03-23:39:14.743] [null-err-38] [INFO] [dku.utils]  - 106    0
[2020/07/03-23:39:14.744] [null-err-38] [INFO] [dku.utils]  - 107    0
[2020/07/03-23:39:14.746] [null-err-38] [INFO] [dku.utils]  - 108    1
[2020/07/03-23:39:14.748] [null-err-38] [INFO] [dku.utils]  - 109    1
[2020/07/03-23:39:14.751] [null-err-38] [INFO] [dku.utils]  - 110    1
[2020/07/03-23:39:14.752] [null-err-38] [INFO] [dku.utils]  - 111    0
[2020/07/03-23:39:14.754] [null-err-38] [INFO] [dku.utils]  - 112    0
[2020/07/03-23:39:14.757] [null-err-38] [INFO] [dku.utils]  - Name: predicted, Length: 113, dtype: int64
[2020/07/03-23:39:14.760] [null-err-38] [INFO] [dku.utils]  - 2020-07-03 23:39:14,659 INFO MAPPED SHAPE 113
[2020/07/03-23:39:14.762] [null-err-38] [INFO] [dku.utils]  - 2020-07-03 23:39:14,659 INFO k=Y v=0
[2020/07/03-23:39:14.764] [null-err-38] [INFO] [dku.utils]  - 2020-07-03 23:39:14,660 INFO Mask data [ True  True  True False  True False  True  True  True  True False False
[2020/07/03-23:39:14.767] [null-err-38] [INFO] [dku.utils]  -  False  True False  True False  True False False  True  True  True  True
[2020/07/03-23:39:14.768] [null-err-38] [INFO] [dku.utils]  -  False  True  True  True  True False  True  True  True False False  True
[2020/07/03-23:39:14.769] [null-err-38] [INFO] [dku.utils]  -  False  True False False  True False False False False  True  True False
[2020/07/03-23:39:14.770] [null-err-38] [INFO] [dku.utils]  -   True False  True  True  True  True  True  True False False  True False
[2020/07/03-23:39:14.773] [null-err-38] [INFO] [dku.utils]  -  False  True False False False False  True False  True False False False
[2020/07/03-23:39:14.774] [null-err-38] [INFO] [dku.utils]  -   True  True False False False False False False  True  True  True False
[2020/07/03-23:39:14.775] [null-err-38] [INFO] [dku.utils]  -   True  True  True False  True  True False  True False  True False  True
[2020/07/03-23:39:14.776] [null-err-38] [INFO] [dku.utils]  -   True  True  True  True False  True False  True  True  True  True  True
[2020/07/03-23:39:14.777] [null-err-38] [INFO] [dku.utils]  -  False False False  True  True]
[2020/07/03-23:39:14.779] [null-err-38] [INFO] [dku.utils]  - 2020-07-03 23:39:14,665 INFO mapped pred <type 'numpy.ndarray'>
[2020/07/03-23:39:14.780] [null-err-38] [INFO] [dku.utils]  - 2020-07-03 23:39:14,666 INFO k=N v=1
[2020/07/03-23:39:14.781] [null-err-38] [INFO] [dku.utils]  - 2020-07-03 23:39:14,666 INFO Mask data [False False False  True False  True False False False False  True  True
[2020/07/03-23:39:14.782] [null-err-38] [INFO] [dku.utils]  -   True False  True False  True False  True  True False False False False
[2020/07/03-23:39:14.783] [null-err-38] [INFO] [dku.utils]  -   True False False False False  True False False False  True  True False
[2020/07/03-23:39:14.784] [null-err-38] [INFO] [dku.utils]  -   True False  True  True False  True  True  True  True False False  True
[2020/07/03-23:39:14.785] [null-err-38] [INFO] [dku.utils]  -  False  True False False False False False False  True  True False  True
[2020/07/03-23:39:14.786] [null-err-38] [INFO] [dku.utils]  -   True False  True  True  True  True False  True False  True  True  True
[2020/07/03-23:39:14.787] [null-err-38] [INFO] [dku.utils]  -  False False  True  True  True  True  True  True False False False  True
[2020/07/03-23:39:14.790] [null-err-38] [INFO] [dku.utils]  -  False False False  True False False  True False  True False  True False
[2020/07/03-23:39:14.791] [null-err-38] [INFO] [dku.utils]  -  False False False False  True False  True False False False False False
[2020/07/03-23:39:14.794] [null-err-38] [INFO] [dku.utils]  -   True  True  True False False]
[2020/07/03-23:39:14.796] [null-err-38] [INFO] [dku.utils]  - 2020-07-03 23:39:14,667 INFO mapped pred <type 'numpy.ndarray'>
[2020/07/03-23:39:14.797] [null-err-38] [INFO] [dku.utils]  - 2020-07-03 23:39:14,668 INFO MAPPED PREDS [u'Y' u'Y' u'Y' u'N' u'Y' u'N' u'Y' u'Y' u'Y' u'Y' u'N' u'N' u'N' u'Y'
[2020/07/03-23:39:14.798] [null-err-38] [INFO] [dku.utils]  -  u'N' u'Y' u'N' u'Y' u'N' u'N' u'Y' u'Y' u'Y' u'Y' u'N' u'Y' u'Y' u'Y'
[2020/07/03-23:39:14.798] [null-err-38] [INFO] [dku.utils]  -  u'Y' u'N' u'Y' u'Y' u'Y' u'N' u'N' u'Y' u'N' u'Y' u'N' u'N' u'Y' u'N'
[2020/07/03-23:39:14.799] [null-err-38] [INFO] [dku.utils]  -  u'N' u'N' u'N' u'Y' u'Y' u'N' u'Y' u'N' u'Y' u'Y' u'Y' u'Y' u'Y' u'Y'
[2020/07/03-23:39:14.800] [null-err-38] [INFO] [dku.utils]  -  u'N' u'N' u'Y' u'N' u'N' u'Y' u'N' u'N' u'N' u'N' u'Y' u'N' u'Y' u'N'
[2020/07/03-23:39:14.801] [null-err-38] [INFO] [dku.utils]  -  u'N' u'N' u'Y' u'Y' u'N' u'N' u'N' u'N' u'N' u'N' u'Y' u'Y' u'Y' u'N'
[2020/07/03-23:39:14.802] [null-err-38] [INFO] [dku.utils]  -  u'Y' u'Y' u'Y' u'N' u'Y' u'Y' u'N' u'Y' u'N' u'Y' u'N' u'Y' u'Y' u'Y'
[2020/07/03-23:39:14.802] [null-err-38] [INFO] [dku.utils]  -  u'Y' u'Y' u'N' u'Y' u'N' u'Y' u'Y' u'Y' u'Y' u'Y' u'N' u'N' u'N' u'Y'
[2020/07/03-23:39:14.803] [null-err-38] [INFO] [dku.utils]  -  u'Y']
[2020/07/03-23:39:14.804] [null-err-38] [INFO] [dku.utils]  - 2020-07-03 23:39:14,698 INFO Total true rate = 32 / 113
[2020/07/03-23:39:14.805] [null-err-38] [INFO] [dku.utils]  - 2020-07-03 23:39:14,699 INFO Computing lift on first 45 rows
[2020/07/03-23:39:14.809] [null-err-38] [INFO] [dku.utils]  - 2020-07-03 23:39:14,705 INFO True rate on considered : 45 / 22
[2020/07/03-23:39:14.810] [null-err-38] [INFO] [dku.utils]  - 2020-07-03 23:39:14,705 INFO Lift = 1.726389
[2020/07/03-23:39:15.412] [null-err-38] [INFO] [dku.utils]  - 2020-07-03 23:39:15,410 INFO Density for Y (id 0)
[2020/07/03-23:39:15.413] [null-err-38] [INFO] [dku.utils]  - 2020-07-03 23:39:15,411 INFO valid_y shape = (113,)
[2020/07/03-23:39:15.415] [null-err-38] [INFO] [dku.utils]  - 2020-07-03 23:39:15,411 INFO CP: <type 'numpy.ndarray'> ((113,))
[2020/07/03-23:39:15.416] [null-err-38] [INFO] [dku.utils]  - 2020-07-03 23:39:15,411 INFO Actual shape = (113,)
[2020/07/03-23:39:15.416] [null-err-38] [INFO] [dku.utils]  - 2020-07-03 23:39:15,411 INFO MASK is <type 'numpy.ndarray'> 
[2020/07/03-23:39:15.418] [null-err-38] [INFO] [dku.utils]  - 2020-07-03 23:39:15,415 INFO Class proba [0.93209454 0.89581272 0.86108784 0.84274708 0.97834878 0.87443407
[2020/07/03-23:39:15.421] [null-err-38] [INFO] [dku.utils]  -  0.87295944 0.64221105 0.95773029 0.7306189  0.83241644 0.71742151
[2020/07/03-23:39:15.424] [null-err-38] [INFO] [dku.utils]  -  0.66648642 0.79267697 0.95478976 0.83821516 0.94389487 0.62987971
[2020/07/03-23:39:15.426] [null-err-38] [INFO] [dku.utils]  -  0.84423688 0.89866009 0.75694674 0.85827032 0.47540863 0.81071515
[2020/07/03-23:39:15.428] [null-err-38] [INFO] [dku.utils]  -  0.79368146 0.75240144 0.63017844 0.63512344 0.71662079 0.94773029
[2020/07/03-23:39:15.429] [null-err-38] [INFO] [dku.utils]  -  0.69922826 0.69833753 0.94131587 0.5831344  0.3590136  0.94576437
[2020/07/03-23:39:15.430] [null-err-38] [INFO] [dku.utils]  -  0.93991653 0.71112343 0.81034251 0.7107418  0.87938151 0.98938151
[2020/07/03-23:39:15.431] [null-err-38] [INFO] [dku.utils]  -  0.88838831 0.80671446 0.7467887  0.96333006 0.89831925 0.64309301
[2020/07/03-23:39:15.432] [null-err-38] [INFO] [dku.utils]  -  0.96834878 0.59918813 0.78530792 0.67068791 0.89328798 0.98108784
[2020/07/03-23:39:15.432] [null-err-38] [INFO] [dku.utils]  -  0.73654151 0.73965984 0.57459111 0.57670784 0.7659135  0.84804346
[2020/07/03-23:39:15.433] [null-err-38] [INFO] [dku.utils]  -  0.65895525 0.77368485 0.94363701 0.46805772 0.87441593 0.86249058
[2020/07/03-23:39:15.434] [null-err-38] [INFO] [dku.utils]  -  0.12583205 0.81396262 0.83179146 0.94893766 0.79855727 0.97827488
[2020/07/03-23:39:15.435] [null-err-38] [INFO] [dku.utils]  -  0.82276416 0.77315263 0.81252561 0.92429138 0.90247361 0.93108784
[2020/07/03-23:39:15.436] [null-err-38] [INFO] [dku.utils]  -  0.66144191 0.85821119 0.84377086]
[2020/07/03-23:39:15.437] [null-err-38] [INFO] [dku.utils]  - 2020-07-03 23:39:15,415 INFO Class proba shape (81,)
[2020/07/03-23:39:15.444] [null-err-38] [INFO] [dku.utils]  - 2020-07-03 23:39:15,440 INFO Density for N (id 1)
[2020/07/03-23:39:15.445] [null-err-38] [INFO] [dku.utils]  - 2020-07-03 23:39:15,440 INFO valid_y shape = (113,)
[2020/07/03-23:39:15.446] [null-err-38] [INFO] [dku.utils]  - 2020-07-03 23:39:15,440 INFO CP: <type 'numpy.ndarray'> ((113,))
[2020/07/03-23:39:15.447] [null-err-38] [INFO] [dku.utils]  - 2020-07-03 23:39:15,440 INFO Actual shape = (113,)
[2020/07/03-23:39:15.448] [null-err-38] [INFO] [dku.utils]  - 2020-07-03 23:39:15,441 INFO MASK is <type 'numpy.ndarray'> 
[2020/07/03-23:39:15.449] [null-err-38] [INFO] [dku.utils]  - 2020-07-03 23:39:15,441 INFO Class proba [0.51316135 0.93521024 0.23544058 0.79989773 0.87179983 0.12577451
[2020/07/03-23:39:15.453] [null-err-38] [INFO] [dku.utils]  -  0.95891216 0.12427804 0.461349   0.94046828 0.12006491 0.18725532
[2020/07/03-23:39:15.456] [null-err-38] [INFO] [dku.utils]  -  0.25754071 0.31914211 0.34671841 0.27168465 0.27185753 0.30808089
[2020/07/03-23:39:15.457] [null-err-38] [INFO] [dku.utils]  -  0.88685096 0.78744582 0.95102116 0.87740385 0.09725117 0.15339563
[2020/07/03-23:39:15.458] [null-err-38] [INFO] [dku.utils]  -  0.27318279 0.36041842 0.96055288 0.86685096 0.2210545  0.11645951
[2020/07/03-23:39:15.459] [null-err-38] [INFO] [dku.utils]  -  0.30076756 0.94370192]
[2020/07/03-23:39:15.460] [null-err-38] [INFO] [dku.utils]  - 2020-07-03 23:39:15,442 INFO Class proba shape (32,)
[2020/07/03-23:39:15.840] [null-err-38] [INFO] [dku.utils]  - 2020-07-03 23:39:15,840 INFO END -  Scoring model
[2020/07/03-23:39:16.145] [FRT-35-FlowRunnable] [INFO] [dku.ml.versioning] act.train_Prediction__RANDOM_FOREST_CLASSIFICATION__on_train_prepared_NP - Dumping version info {"trainedWithDSSVersion":"7.0.1","trainedWithDSSConfVersion":"7000","trainedWithDSSBackend":"PY_MEMORY","backendCompatibilityVersion":18} in /Volumes/DATA/dss_home/saved_models/LOADPREDICTION/2MHfrt8e/versions/1593794328311
[2020/07/03-23:39:16.802] [FRT-35-FlowRunnable] [INFO] [dku.flow.activity] act.train_Prediction__RANDOM_FOREST_CLASSIFICATION__on_train_prepared_NP - Run thread done for activity train_Prediction__RANDOM_FOREST_CLASSIFICATION__on_train_prepared_NP
[2020/07/03-23:39:16.918] [ActivityExecutor-30] [INFO] [dku.flow.activity] running train_Prediction__RANDOM_FOREST_CLASSIFICATION__on_train_prepared_NP - activity is finished
[2020/07/03-23:39:16.919] [ActivityExecutor-30] [INFO] [dku.flow.activity] running train_Prediction__RANDOM_FOREST_CLASSIFICATION__on_train_prepared_NP - Executing default post-activity lifecycle hook
[2020/07/03-23:39:16.927] [ActivityExecutor-30] [INFO] [dip.cluster.selector] running train_Prediction__RANDOM_FOREST_CLASSIFICATION__on_train_prepared_NP - Build cluster settings hadoop=__builtin__ k8s=__builtin__ authSource=USER_FROM_UI
[2020/07/03-23:39:16.935] [ActivityExecutor-30] [INFO] [dku.flow.activity] running train_Prediction__RANDOM_FOREST_CLASSIFICATION__on_train_prepared_NP - Activity successful, computing metrics and running checks
[2020/07/03-23:39:17.269] [ActivityExecutor-30] [INFO] [dku.flow.activity] running train_Prediction__RANDOM_FOREST_CLASSIFICATION__on_train_prepared_NP - Activity checks produced 0 values
[2020/07/03-23:39:17.271] [ActivityExecutor-30] [INFO] [dku.flow.activity] running train_Prediction__RANDOM_FOREST_CLASSIFICATION__on_train_prepared_NP - Activity successful, final-committing: Thread[FRT-35-FlowRunnable,5,]
[2020/07/03-23:39:17.273] [ActivityExecutor-30] [INFO] [dku.recipes.prediction.train] running train_Prediction__RANDOM_FOREST_CLASSIFICATION__on_train_prepared_NP - Setting new version as active scoring version
