[2020/07/03-23:43:37.895] [FT-TrainWorkThread-BQk0sZuw-3236] [INFO] [dku.analysis.prediction]  - ******************************************
[2020/07/03-23:43:37.897] [FT-TrainWorkThread-BQk0sZuw-3236] [INFO] [dku.analysis.prediction]  - ** Start train session s4
[2020/07/03-23:43:37.900] [FT-TrainWorkThread-BQk0sZuw-3236] [INFO] [dku.analysis.prediction]  - ******************************************
[2020/07/03-23:43:37.905] [FT-TrainWorkThread-BQk0sZuw-3236] [INFO] [dku.analysis.splits] T-JwC1oBHL - [ct: 10] Search for split: p=type=SPLIT_SINGLE_DATASET,split=RANDOM,splitBeforePrepare=true,ds=train_prepared,sel=(method=full),r=0.8,s=1337 i=b472ab45fe0e80bc15b7e415ac8b49f7-0
[2020/07/03-23:43:37.909] [FT-TrainWorkThread-BQk0sZuw-3236] [INFO] [dku.shaker.data] T-JwC1oBHL - [ct: 14] Need to compute sampleId before checking memory cache
[2020/07/03-23:43:37.910] [FT-TrainWorkThread-BQk0sZuw-3236] [DEBUG] [dip.shaker.runner] T-JwC1oBHL - [ct: 15] Script settings sampleMax=104857600 processedMax=-1
[2020/07/03-23:43:37.912] [FT-TrainWorkThread-BQk0sZuw-3236] [DEBUG] [dip.shaker.runner] T-JwC1oBHL - [ct: 17] Processing with sampleMax=104857600 processedMax=524288000
[2020/07/03-23:43:37.914] [FT-TrainWorkThread-BQk0sZuw-3236] [DEBUG] [dip.shaker.runner] T-JwC1oBHL - [ct: 19] Computed required sample id : d8aea325f6979890fbb0168cbcc93583-NA-31c57f559ab672625afa057353f0de860--d751713988987e9331980363e24189ce
[2020/07/03-23:43:37.918] [FT-TrainWorkThread-BQk0sZuw-3236] [DEBUG] [dku.shaker.cache] T-JwC1oBHL - Shaker MemoryCache get on LOADPREDICTION.train_prepared key=ds=e2ec77c83bd5e671b9d6c422a4200aca--scr=01c66b8becab15862d1c16b25b1129bc--samp=d8aea325f6979890fbb0168cbcc93583-NA-31c57f559ab672625afa057353f0de860--d751713988987e9331980363e24189ce: hit
[2020/07/03-23:43:37.922] [FT-TrainWorkThread-BQk0sZuw-3236] [INFO] [dku.shaker.schema] T-JwC1oBHL - [ct: 27] Column Gender meaning=Gender fail=0
[2020/07/03-23:43:37.923] [FT-TrainWorkThread-BQk0sZuw-3236] [INFO] [dku.shaker.schema] T-JwC1oBHL - [ct: 28] Column Married meaning=Boolean fail=0
[2020/07/03-23:43:37.926] [FT-TrainWorkThread-BQk0sZuw-3236] [INFO] [dku.shaker.schema] T-JwC1oBHL - [ct: 31] Column Dependents meaning=LongMeaning fail=45
[2020/07/03-23:43:37.928] [FT-TrainWorkThread-BQk0sZuw-3236] [INFO] [dku.shaker.schema] T-JwC1oBHL - [ct: 33] Column Education meaning=Text fail=0
[2020/07/03-23:43:37.931] [FT-TrainWorkThread-BQk0sZuw-3236] [INFO] [dku.shaker.schema] T-JwC1oBHL - [ct: 36] Column Self_Employed meaning=Boolean fail=0
[2020/07/03-23:43:37.933] [FT-TrainWorkThread-BQk0sZuw-3236] [INFO] [dku.shaker.schema] T-JwC1oBHL - [ct: 38] Column ApplicantIncome meaning=LongMeaning fail=0
[2020/07/03-23:43:37.934] [FT-TrainWorkThread-BQk0sZuw-3236] [INFO] [dku.shaker.schema] T-JwC1oBHL - [ct: 39] Column CoapplicantIncome meaning=DoubleMeaning fail=0
[2020/07/03-23:43:37.937] [FT-TrainWorkThread-BQk0sZuw-3236] [INFO] [dku.shaker.schema] T-JwC1oBHL - [ct: 42] Column TotalIncome meaning=DoubleMeaning fail=0
[2020/07/03-23:43:37.939] [FT-TrainWorkThread-BQk0sZuw-3236] [INFO] [dku.shaker.schema] T-JwC1oBHL - [ct: 44] Column LoanAmount meaning=LongMeaning fail=0
[2020/07/03-23:43:37.941] [FT-TrainWorkThread-BQk0sZuw-3236] [INFO] [dku.shaker.schema] T-JwC1oBHL - [ct: 46] Column MonthlyLoan meaning=LongMeaning fail=0
[2020/07/03-23:43:37.943] [FT-TrainWorkThread-BQk0sZuw-3236] [INFO] [dku.shaker.schema] T-JwC1oBHL - [ct: 48] Column MonthlyLoan_Percentage meaning=DoubleMeaning fail=0
[2020/07/03-23:43:37.945] [FT-TrainWorkThread-BQk0sZuw-3236] [INFO] [dku.shaker.schema] T-JwC1oBHL - [ct: 50] Column Loan_Amount_Term meaning=LongMeaning fail=0
[2020/07/03-23:43:37.946] [FT-TrainWorkThread-BQk0sZuw-3236] [INFO] [dku.shaker.schema] T-JwC1oBHL - [ct: 51] Column MonthlyLoan_MonthTerm_Ratio meaning=DoubleMeaning fail=0
[2020/07/03-23:43:37.951] [FT-TrainWorkThread-BQk0sZuw-3236] [INFO] [dku.shaker.schema] T-JwC1oBHL - [ct: 56] Column Credit_History meaning=Boolean fail=0
[2020/07/03-23:43:37.952] [FT-TrainWorkThread-BQk0sZuw-3236] [INFO] [dku.shaker.schema] T-JwC1oBHL - [ct: 57] Column Property_Area meaning=Text fail=0
[2020/07/03-23:43:37.954] [FT-TrainWorkThread-BQk0sZuw-3236] [INFO] [dku.shaker.schema] T-JwC1oBHL - [ct: 59] Column Loan_Status meaning=Boolean fail=0
[2020/07/03-23:43:37.964] [FT-TrainWorkThread-BQk0sZuw-3236] [INFO] [dku.datasets.file] T-JwC1oBHL - [ct: 69] Building Filesystem handler config: {"connection":"filesystem_managed","path":"LOADPREDICTION/train_prepared","notReadyIfEmpty":false,"filesSelectionRules":{"mode":"ALL","excludeRules":[],"includeRules":[],"explicitFiles":[]}}
[2020/07/03-23:43:37.965] [FT-TrainWorkThread-BQk0sZuw-3236] [INFO] [dku.datasets.ftplike] T-JwC1oBHL - Enumerating Filesystem dataset prefix=
[2020/07/03-23:43:37.968] [FT-TrainWorkThread-BQk0sZuw-3236] [DEBUG] [dku.fs.local] T-JwC1oBHL - [ct: 73] Enumerating local filesystem prefix=/
[2020/07/03-23:43:37.971] [FT-TrainWorkThread-BQk0sZuw-3236] [DEBUG] [dku.fs.local] T-JwC1oBHL - [ct: 76] Enumeration done nb_paths=1 size=17614
[2020/07/03-23:43:37.974] [FT-TrainWorkThread-BQk0sZuw-3236] [INFO] [dku.input.push] T-JwC1oBHL - USTP: push selection.method=FULL records=100000 ratio=0.02 col=null
[2020/07/03-23:43:37.976] [FT-TrainWorkThread-BQk0sZuw-3236] [INFO] [dku.format] T-JwC1oBHL - [ct: 81] Extractor run: limit={"maxBytes":-1,"maxRecords":-1,"ordering":{"enabled":false,"rules":[]}} totalRecords=0
[2020/07/03-23:43:37.978] [FT-TrainWorkThread-BQk0sZuw-3236] [INFO] [dku] T-JwC1oBHL - getCompression filename=**out-s0.csv.gz**
[2020/07/03-23:43:37.979] [FT-TrainWorkThread-BQk0sZuw-3236] [INFO] [dku] T-JwC1oBHL - getCompression filename=**out-s0.csv.gz**
[2020/07/03-23:43:37.982] [FT-TrainWorkThread-BQk0sZuw-3236] [INFO] [dku.format] T-JwC1oBHL - [ct: 87] Start compressed [GZIP] stream: /Volumes/DATA/dss_home/managed_datasets/LOADPREDICTION/train_prepared/out-s0.csv.gz / totalRecsBefore=0
[2020/07/03-23:43:37.985] [FT-TrainWorkThread-BQk0sZuw-3236] [INFO] [dku] T-JwC1oBHL - getCompression filename=**out-s0.csv.gz**
[2020/07/03-23:43:37.986] [FT-TrainWorkThread-BQk0sZuw-3236] [INFO] [dku] T-JwC1oBHL - getCompression filename=**out-s0.csv.gz**
[2020/07/03-23:43:38.081] [FT-TrainWorkThread-BQk0sZuw-3236] [INFO] [dku.format] T-JwC1oBHL - [ct: 186] after stream totalComp=17614 totalUncomp=55535 totalRec=529
[2020/07/03-23:43:38.082] [FT-TrainWorkThread-BQk0sZuw-3236] [INFO] [dku.format] T-JwC1oBHL - [ct: 187] Extractor run done, totalCompressed=17614 totalRecords=529
[2020/07/03-23:43:38.109] [FT-TrainWorkThread-BQk0sZuw-3236] [INFO] [dku.analysis.splits] T-JwC1oBHL - [ct: 214] Checking if splits are up to date. Policy: type=SPLIT_SINGLE_DATASET,split=RANDOM,splitBeforePrepare=true,ds=train_prepared,sel=(method=full),r=0.8,s=1337, instance id: b472ab45fe0e80bc15b7e415ac8b49f7-0
[2020/07/03-23:43:38.111] [FT-TrainWorkThread-BQk0sZuw-3236] [INFO] [dku.analysis.splits] T-JwC1oBHL - [ct: 216] Search for split: p=type=SPLIT_SINGLE_DATASET,split=RANDOM,splitBeforePrepare=true,ds=train_prepared,sel=(method=full),r=0.8,s=1337 i=b472ab45fe0e80bc15b7e415ac8b49f7-0
[2020/07/03-23:43:38.120] [FT-TrainWorkThread-BQk0sZuw-3236] [INFO] [dku.analysis.splits] T-JwC1oBHL - [ct: 225] Search for split: p=type=SPLIT_SINGLE_DATASET,split=RANDOM,splitBeforePrepare=true,ds=train_prepared,sel=(method=full),r=0.8,s=1337 i=b472ab45fe0e80bc15b7e415ac8b49f7-0
[2020/07/03-23:43:38.158] [FT-TrainWorkThread-BQk0sZuw-3236] [INFO] [dku.analysis.ml.python] T-JwC1oBHL - Joining processing thread ...
[2020/07/03-23:43:38.160] [MRT-3238] [INFO] [dku.analysis.ml.python]  - Running a preprocessing set: pp2 in /Volumes/DATA/dss_home/analysis-data/LOADPREDICTION/LiAcHx5j/JwC1oBHL/sessions/s4/pp2
[2020/07/03-23:43:38.162] [MRT-3238] [INFO] [dku.block.link]  - Started a socket on port 62647
[2020/07/03-23:43:38.171] [MRT-3238] [INFO] [dku.ml.kernel]  - Writing output of python-single-command-kernel to /Volumes/DATA/dss_home/analysis-data/LOADPREDICTION/LiAcHx5j/JwC1oBHL/sessions/s4/pp2/train.log
[2020/07/03-23:43:38.172] [MRT-3238] [INFO] [dku.code.envs.resolution]  - Executing Python activity in builtin env
[2020/07/03-23:43:38.175] [MRT-3238] [WARN] [dku.code.projectLibs]  - External libraries file not found: /Volumes/DATA/dss_home/config/projects/LOADPREDICTION/lib/external-libraries.json
[2020/07/03-23:43:38.184] [MRT-3238] [INFO] [dku.code.projectLibs]  - EXTERNAL LIBS FROM LOADPREDICTION is {"gitReferences":{},"pythonPath":["python"],"rsrcPath":["R"],"importLibrariesFromProjects":[]}
[2020/07/03-23:43:38.185] [MRT-3238] [INFO] [dku.code.projectLibs]  - chunkFolder is /Volumes/DATA/dss_home/config/projects/LOADPREDICTION/lib/R
[2020/07/03-23:43:38.186] [MRT-3238] [INFO] [dku.python.single_command.kernel]  - Starting Python process for kernel  python-single-command-kernel
[2020/07/03-23:43:38.188] [MRT-3238] [INFO] [dip.tickets]  - Creating API ticket for analysis-ml-LOADPREDICTION-5ZJsW4A on behalf of admin id=analysis-ml-LOADPREDICTION-5ZJsW4A_42XRv6ilUOco
[2020/07/03-23:43:38.190] [MRT-3238] [INFO] [dku.security.process]  - Starting process (regular)
[2020/07/03-23:43:38.226] [MRT-3238] [INFO] [dku.security.process]  - Process started with pid=11811
[2020/07/03-23:43:38.227] [MRT-3238] [INFO] [dku.processes.cgroups]  - Will use cgroups []
[2020/07/03-23:43:38.228] [MRT-3238] [INFO] [dku.processes.cgroups]  - Applying rules to used cgroups: []
Installing debugging signal handler
[2020-07-03 23:43:44,096] [11811/MainThread] [INFO] [root] Connecting to parent at port 62647
[2020-07-03 23:43:44,098] [11811/MainThread] [INFO] [root] Connected to parent at port 62647
[2020/07/03-23:43:44.099] [MRT-3238] [INFO] [dku.link.secret_protected]  - Connected to kernel
[2020/07/03-23:43:44.106] [MRT-3238] [INFO] [dku.block.link.interaction]  - Execute link command respClazz=true respTypeToken=false respIsString=false is=false asyncInputStream=false os=false
[2020-07-03 23:43:48,184] [11811/MainThread] [INFO] [root] Running analysis command: train_prediction_models_nosave
[2020-07-03 23:43:48,187] [11811/MainThread] [INFO] [dataiku.doctor.commands] PPS is {u'preprocessingFitSampleSeed': 1337, u'feature_selection_params': {u'custom_params': {u'code': u'# type your code here'}, u'pca_params': {u'variance_proportion': 0.9, u'n_features': 25}, u'random_forest_params': {u'depth': 10, u'n_features': 25, u'n_trees': 30}, u'lasso_params': {u'alpha': [0.01, 0.1, 1.0, 10.0, 100.0], u'cross_validate': True}, u'method': u'CORRELATION', u'correlation_params': {u'n_features': 25, u'min_abs_correlation': 0.0}}, u'preprocessingFitSampleRatio': 1.0, u'reduce': {u'enabled': False, u'kept_variance': 0.0}, u'skipPreprocessing': False, u'target_remapping': [{u'mappedValue': 0, u'sourceValue': u'Y', u'sampleFreq': 403}, {u'mappedValue': 1, u'sourceValue': u'N', u'sampleFreq': 175}], u'per_feature': {u'TotalIncome': {u'generate_derivative': False, u'sendToInput': u'main', u'rescaling': u'AVGSTD', u'role': u'INPUT', u'customHandlingCode': u'', u'customProcessorWantsMatrix': False, u'numerical_handling': u'REGULAR', u'binarize_threshold_mode': u'MEDIAN', u'state': {u'userModified': True, u'recordedMeaning': u'DoubleMeaning', u'autoModifiedByDSS': False}, u'missing_handling': u'IMPUTE', u'binarize_constant_threshold': 0.0, u'quantile_bin_nb_bins': 4, u'missing_impute_with': u'MEAN', u'type': u'NUMERIC', u'impute_constant_value': 0.0}, u'Property_Area': {u'missing_impute_with': u'MODE', u'customProcessorWantsMatrix': False, u'customHandlingCode': u'', u'category_handling': u'DUMMIFY', u'cumulative_proportion': 0.95, u'sendToInput': u'main', u'state': {u'userModified': True, u'recordedMeaning': u'Text', u'autoModifiedByDSS': False}, u'missing_handling': u'NONE', u'max_nb_categories': 100, u'dummy_clip': u'MAX_NB_CATEGORIES', u'role': u'REJECT', u'max_cat_safety': 200, u'min_samples': 10, u'type': u'CATEGORY', u'dummy_drop': u'DROP'}, u'CoapplicantIncome': {u'generate_derivative': False, u'sendToInput': u'main', u'rescaling': u'AVGSTD', u'role': u'INPUT', u'customHandlingCode': u'', u'customProcessorWantsMatrix': False, u'numerical_handling': u'REGULAR', u'binarize_threshold_mode': u'MEDIAN', u'state': {u'userModified': True, u'recordedMeaning': u'DoubleMeaning', u'autoModifiedByDSS': False}, u'missing_handling': u'IMPUTE', u'binarize_constant_threshold': 0.0, u'quantile_bin_nb_bins': 4, u'missing_impute_with': u'MEAN', u'type': u'NUMERIC', u'impute_constant_value': 0.0}, u'LoanAmount': {u'generate_derivative': False, u'sendToInput': u'main', u'rescaling': u'AVGSTD', u'role': u'INPUT', u'customHandlingCode': u'', u'customProcessorWantsMatrix': False, u'numerical_handling': u'REGULAR', u'binarize_threshold_mode': u'MEDIAN', u'state': {u'userModified': True, u'recordedMeaning': u'LongMeaning', u'autoModifiedByDSS': False}, u'missing_handling': u'IMPUTE', u'binarize_constant_threshold': 0.0, u'quantile_bin_nb_bins': 4, u'missing_impute_with': u'MEAN', u'type': u'NUMERIC', u'impute_constant_value': 0.0}, u'Gender': {u'missing_impute_with': u'MODE', u'customProcessorWantsMatrix': False, u'customHandlingCode': u'', u'category_handling': u'DUMMIFY', u'cumulative_proportion': 0.95, u'sendToInput': u'main', u'state': {u'userModified': True, u'recordedMeaning': u'Gender', u'autoModifiedByDSS': False}, u'missing_handling': u'NONE', u'max_nb_categories': 100, u'dummy_clip': u'MAX_NB_CATEGORIES', u'role': u'REJECT', u'max_cat_safety': 200, u'min_samples': 10, u'type': u'CATEGORY', u'dummy_drop': u'DROP'}, u'MonthlyLoan': {u'generate_derivative': False, u'sendToInput': u'main', u'rescaling': u'AVGSTD', u'role': u'INPUT', u'customHandlingCode': u'', u'customProcessorWantsMatrix': False, u'numerical_handling': u'REGULAR', u'binarize_threshold_mode': u'MEDIAN', u'state': {u'userModified': True, u'recordedMeaning': u'LongMeaning', u'autoModifiedByDSS': False}, u'missing_handling': u'IMPUTE', u'binarize_constant_threshold': 0.0, u'quantile_bin_nb_bins': 4, u'missing_impute_with': u'MEAN', u'type': u'NUMERIC', u'impute_constant_value': 0.0}, u'Married': {u'missing_impute_with': u'MODE', u'customProcessorWantsMatrix': False, u'customHandlingCode': u'', u'category_handling': u'DUMMIFY', u'cumulative_proportion': 0.95, u'sendToInput': u'main', u'state': {u'userModified': True, u'recordedMeaning': u'Boolean', u'autoModifiedByDSS': False}, u'missing_handling': u'NONE', u'max_nb_categories': 100, u'dummy_clip': u'MAX_NB_CATEGORIES', u'role': u'REJECT', u'max_cat_safety': 200, u'min_samples': 10, u'type': u'CATEGORY', u'dummy_drop': u'DROP'}, u'MonthlyLoan_MonthTerm_Ratio': {u'generate_derivative': False, u'sendToInput': u'main', u'rescaling': u'AVGSTD', u'role': u'INPUT', u'customHandlingCode': u'', u'customProcessorWantsMatrix': False, u'numerical_handling': u'REGULAR', u'binarize_threshold_mode': u'MEDIAN', u'state': {u'userModified': False, u'recordedMeaning': u'DoubleMeaning', u'autoModifiedByDSS': False}, u'missing_handling': u'IMPUTE', u'binarize_constant_threshold': 0.0, u'quantile_bin_nb_bins': 4, u'missing_impute_with': u'MEAN', u'type': u'NUMERIC', u'impute_constant_value': 0.0}, u'ApplicantIncome': {u'generate_derivative': False, u'sendToInput': u'main', u'rescaling': u'AVGSTD', u'role': u'INPUT', u'customHandlingCode': u'', u'customProcessorWantsMatrix': False, u'numerical_handling': u'REGULAR', u'binarize_threshold_mode': u'MEDIAN', u'state': {u'userModified': True, u'recordedMeaning': u'LongMeaning', u'autoModifiedByDSS': False}, u'missing_handling': u'IMPUTE', u'binarize_constant_threshold': 0.0, u'quantile_bin_nb_bins': 4, u'missing_impute_with': u'MEAN', u'type': u'NUMERIC', u'impute_constant_value': 0.0}, u'Loan_Amount_Term': {u'generate_derivative': False, u'sendToInput': u'main', u'rescaling': u'AVGSTD', u'role': u'INPUT', u'customHandlingCode': u'', u'customProcessorWantsMatrix': False, u'numerical_handling': u'REGULAR', u'binarize_threshold_mode': u'MEDIAN', u'state': {u'userModified': True, u'recordedMeaning': u'LongMeaning', u'autoModifiedByDSS': False}, u'missing_handling': u'IMPUTE', u'binarize_constant_threshold': 0.0, u'quantile_bin_nb_bins': 4, u'missing_impute_with': u'MEAN', u'type': u'NUMERIC', u'impute_constant_value': 0.0}, u'Self_Employed': {u'missing_impute_with': u'MODE', u'customProcessorWantsMatrix': False, u'customHandlingCode': u'', u'category_handling': u'DUMMIFY', u'cumulative_proportion': 0.95, u'sendToInput': u'main', u'state': {u'userModified': True, u'recordedMeaning': u'Boolean', u'autoModifiedByDSS': False}, u'missing_handling': u'NONE', u'max_nb_categories': 100, u'dummy_clip': u'MAX_NB_CATEGORIES', u'role': u'REJECT', u'max_cat_safety': 200, u'min_samples': 10, u'type': u'CATEGORY', u'dummy_drop': u'DROP'}, u'Loan_Status': {u'customHandlingCode': u'', u'customProcessorWantsMatrix': False, u'cumulative_proportion': 0.95, u'sendToInput': u'main', u'state': {u'userModified': False, u'recordedMeaning': u'Boolean', u'autoModifiedByDSS': False}, u'role': u'TARGET', u'max_nb_categories': 100, u'dummy_clip': u'MAX_NB_CATEGORIES', u'dummy_drop': u'NONE', u'min_samples': 10, u'type': u'CATEGORY', u'max_cat_safety': 200}, u'MonthlyLoan_Percentage': {u'generate_derivative': False, u'sendToInput': u'main', u'rescaling': u'AVGSTD', u'role': u'INPUT', u'customHandlingCode': u'', u'customProcessorWantsMatrix': False, u'numerical_handling': u'REGULAR', u'binarize_threshold_mode': u'MEDIAN', u'state': {u'userModified': True, u'recordedMeaning': u'DoubleMeaning', u'autoModifiedByDSS': False}, u'missing_handling': u'IMPUTE', u'binarize_constant_threshold': 0.0, u'quantile_bin_nb_bins': 4, u'missing_impute_with': u'MEAN', u'type': u'NUMERIC', u'impute_constant_value': 0.0}, u'Education': {u'missing_impute_with': u'MODE', u'customProcessorWantsMatrix': False, u'customHandlingCode': u'', u'category_handling': u'DUMMIFY', u'cumulative_proportion': 0.95, u'sendToInput': u'main', u'state': {u'userModified': True, u'recordedMeaning': u'Text', u'autoModifiedByDSS': False}, u'missing_handling': u'NONE', u'max_nb_categories': 100, u'dummy_clip': u'MAX_NB_CATEGORIES', u'role': u'REJECT', u'max_cat_safety': 200, u'min_samples': 10, u'type': u'CATEGORY', u'dummy_drop': u'DROP'}, u'Credit_History': {u'missing_impute_with': u'MODE', u'customProcessorWantsMatrix': False, u'customHandlingCode': u'', u'category_handling': u'DUMMIFY', u'cumulative_proportion': 0.95, u'sendToInput': u'main', u'state': {u'userModified': True, u'recordedMeaning': u'Boolean', u'autoModifiedByDSS': False}, u'missing_handling': u'NONE', u'max_nb_categories': 100, u'dummy_clip': u'MAX_NB_CATEGORIES', u'role': u'REJECT', u'max_cat_safety': 200, u'min_samples': 10, u'type': u'CATEGORY', u'dummy_drop': u'DROP'}, u'Dependents': {u'missing_impute_with': u'MODE', u'customProcessorWantsMatrix': False, u'customHandlingCode': u'', u'category_handling': u'DUMMIFY', u'cumulative_proportion': 0.95, u'sendToInput': u'main', u'state': {u'userModified': True, u'recordedMeaning': u'LongMeaning', u'autoModifiedByDSS': False}, u'missing_handling': u'NONE', u'max_nb_categories': 100, u'dummy_clip': u'MAX_NB_CATEGORIES', u'role': u'REJECT', u'max_cat_safety': 200, u'min_samples': 10, u'type': u'CATEGORY', u'dummy_drop': u'DROP'}}, u'feature_generation': {u'manual_interactions': {u'interactions': []}, u'pairwise_linear': {u'behavior': u'DISABLED'}, u'categoricals_count_transformer': {u'input_features': [], u'all_features': False, u'behavior': u'DISABLED'}, u'polynomial_combinations': {u'behavior': u'DISABLED'}, u'numericals_clustering': {u'k': 0, u'input_features': [], u'all_features': False, u'behavior': u'DISABLED'}}}
[2020-07-03 23:43:48,188] [11811/MainThread] [INFO] [dataiku.doctor.utils.listener] START -  Loading train set
[2020-07-03 23:43:48,189] [11811/MainThread] [INFO] [root] Reading with dtypes: None
[2020-07-03 23:43:48,189] [11811/MainThread] [INFO] [dataiku.doctor.utils] Computed dtype for Gender: None (schema_type=string feature_type=CATEGORY feature_role=REJECT)
[2020-07-03 23:43:48,189] [11811/MainThread] [INFO] [dataiku.doctor.utils] Computed dtype for Married: None (schema_type=boolean feature_type=CATEGORY feature_role=REJECT)
[2020-07-03 23:43:48,190] [11811/MainThread] [INFO] [dataiku.doctor.utils] Computed dtype for Dependents: None (schema_type=string feature_type=CATEGORY feature_role=REJECT)
[2020-07-03 23:43:48,190] [11811/MainThread] [INFO] [dataiku.doctor.utils] Computed dtype for Education: None (schema_type=string feature_type=CATEGORY feature_role=REJECT)
[2020-07-03 23:43:48,190] [11811/MainThread] [INFO] [dataiku.doctor.utils] Computed dtype for Self_Employed: None (schema_type=boolean feature_type=CATEGORY feature_role=REJECT)
[2020-07-03 23:43:48,190] [11811/MainThread] [INFO] [dataiku.doctor.utils] Computed dtype for ApplicantIncome: <type 'numpy.float64'> (schema_type=bigint feature_type=NUMERIC feature_role=INPUT)
[2020-07-03 23:43:48,190] [11811/MainThread] [INFO] [dataiku.doctor.utils] Computed dtype for CoapplicantIncome: <type 'numpy.float64'> (schema_type=double feature_type=NUMERIC feature_role=INPUT)
[2020-07-03 23:43:48,190] [11811/MainThread] [INFO] [dataiku.doctor.utils] Computed dtype for TotalIncome: <type 'numpy.float64'> (schema_type=double feature_type=NUMERIC feature_role=INPUT)
[2020-07-03 23:43:48,190] [11811/MainThread] [INFO] [dataiku.doctor.utils] Computed dtype for LoanAmount: <type 'numpy.float64'> (schema_type=bigint feature_type=NUMERIC feature_role=INPUT)
[2020-07-03 23:43:48,191] [11811/MainThread] [INFO] [dataiku.doctor.utils] Computed dtype for MonthlyLoan: <type 'numpy.float64'> (schema_type=bigint feature_type=NUMERIC feature_role=INPUT)
[2020-07-03 23:43:48,191] [11811/MainThread] [INFO] [dataiku.doctor.utils] Computed dtype for MonthlyLoan_Percentage: <type 'numpy.float64'> (schema_type=double feature_type=NUMERIC feature_role=INPUT)
[2020-07-03 23:43:48,191] [11811/MainThread] [INFO] [dataiku.doctor.utils] Computed dtype for Loan_Amount_Term: <type 'numpy.float64'> (schema_type=bigint feature_type=NUMERIC feature_role=INPUT)
[2020-07-03 23:43:48,191] [11811/MainThread] [INFO] [dataiku.doctor.utils] Computed dtype for MonthlyLoan_MonthTerm_Ratio: <type 'numpy.float64'> (schema_type=double feature_type=NUMERIC feature_role=INPUT)
[2020-07-03 23:43:48,191] [11811/MainThread] [INFO] [dataiku.doctor.utils] Computed dtype for Credit_History: None (schema_type=boolean feature_type=CATEGORY feature_role=REJECT)
[2020-07-03 23:43:48,191] [11811/MainThread] [INFO] [dataiku.doctor.utils] Computed dtype for Property_Area: None (schema_type=string feature_type=CATEGORY feature_role=REJECT)
[2020-07-03 23:43:48,192] [11811/MainThread] [INFO] [dataiku.doctor.utils] Computed dtype for Loan_Status: <type 'numpy.object_'> (schema_type=boolean feature_type=CATEGORY feature_role=TARGET)
[2020-07-03 23:43:48,192] [11811/MainThread] [INFO] [root] Reading with FIXED dtypes: {u'TotalIncome': <type 'numpy.float64'>, u'CoapplicantIncome': <type 'numpy.float64'>, u'LoanAmount': <type 'numpy.float64'>, u'MonthlyLoan': <type 'numpy.float64'>, u'MonthlyLoan_MonthTerm_Ratio': <type 'numpy.float64'>, u'ApplicantIncome': <type 'numpy.float64'>, u'Loan_Amount_Term': <type 'numpy.float64'>, u'Loan_Status': <type 'numpy.object_'>, u'MonthlyLoan_Percentage': <type 'numpy.float64'>}
[2020-07-03 23:43:48,214] [11811/MainThread] [INFO] [root] Loaded table
[2020-07-03 23:43:48,215] [11811/MainThread] [INFO] [dataiku.doctor.utils]  Coercion done
[2020-07-03 23:43:48,215] [11811/MainThread] [INFO] [dataiku.doctor.commands] Loaded train df: shape=(416,16)
[2020-07-03 23:43:48,215] [11811/MainThread] [INFO] [dataiku.doctor.commands] Train col : Gender (object)
[2020-07-03 23:43:48,215] [11811/MainThread] [INFO] [dataiku.doctor.commands] Train col : Married (object)
[2020-07-03 23:43:48,216] [11811/MainThread] [INFO] [dataiku.doctor.commands] Train col : Dependents (object)
[2020-07-03 23:43:48,216] [11811/MainThread] [INFO] [dataiku.doctor.commands] Train col : Education (object)
[2020-07-03 23:43:48,216] [11811/MainThread] [INFO] [dataiku.doctor.commands] Train col : Self_Employed (object)
[2020-07-03 23:43:48,216] [11811/MainThread] [INFO] [dataiku.doctor.commands] Train col : ApplicantIncome (float64)
[2020-07-03 23:43:48,216] [11811/MainThread] [INFO] [dataiku.doctor.commands] Train col : CoapplicantIncome (float64)
[2020-07-03 23:43:48,218] [11811/MainThread] [INFO] [dataiku.doctor.commands] Train col : TotalIncome (float64)
[2020-07-03 23:43:48,219] [11811/MainThread] [INFO] [dataiku.doctor.commands] Train col : LoanAmount (float64)
[2020-07-03 23:43:48,220] [11811/MainThread] [INFO] [dataiku.doctor.commands] Train col : MonthlyLoan (float64)
[2020-07-03 23:43:48,221] [11811/MainThread] [INFO] [dataiku.doctor.commands] Train col : MonthlyLoan_Percentage (float64)
[2020-07-03 23:43:48,221] [11811/MainThread] [INFO] [dataiku.doctor.commands] Train col : Loan_Amount_Term (float64)
[2020-07-03 23:43:48,221] [11811/MainThread] [INFO] [dataiku.doctor.commands] Train col : MonthlyLoan_MonthTerm_Ratio (float64)
[2020-07-03 23:43:48,221] [11811/MainThread] [INFO] [dataiku.doctor.commands] Train col : Credit_History (int64)
[2020-07-03 23:43:48,221] [11811/MainThread] [INFO] [dataiku.doctor.commands] Train col : Property_Area (object)
[2020-07-03 23:43:48,222] [11811/MainThread] [INFO] [dataiku.doctor.commands] Train col : Loan_Status (object)
[2020-07-03 23:43:48,222] [11811/MainThread] [INFO] [dataiku.doctor.utils.listener] END -  Loading train set
[2020-07-03 23:43:48,222] [11811/MainThread] [INFO] [dataiku.doctor.utils.listener] START -  Loading test set
[2020-07-03 23:43:48,223] [11811/MainThread] [INFO] [root] Reading with dtypes: None
[2020-07-03 23:43:48,223] [11811/MainThread] [INFO] [dataiku.doctor.utils] Computed dtype for Gender: None (schema_type=string feature_type=CATEGORY feature_role=REJECT)
[2020-07-03 23:43:48,223] [11811/MainThread] [INFO] [dataiku.doctor.utils] Computed dtype for Married: None (schema_type=boolean feature_type=CATEGORY feature_role=REJECT)
[2020-07-03 23:43:48,223] [11811/MainThread] [INFO] [dataiku.doctor.utils] Computed dtype for Dependents: None (schema_type=string feature_type=CATEGORY feature_role=REJECT)
[2020-07-03 23:43:48,223] [11811/MainThread] [INFO] [dataiku.doctor.utils] Computed dtype for Education: None (schema_type=string feature_type=CATEGORY feature_role=REJECT)
[2020-07-03 23:43:48,224] [11811/MainThread] [INFO] [dataiku.doctor.utils] Computed dtype for Self_Employed: None (schema_type=boolean feature_type=CATEGORY feature_role=REJECT)
[2020-07-03 23:43:48,224] [11811/MainThread] [INFO] [dataiku.doctor.utils] Computed dtype for ApplicantIncome: <type 'numpy.float64'> (schema_type=bigint feature_type=NUMERIC feature_role=INPUT)
[2020-07-03 23:43:48,224] [11811/MainThread] [INFO] [dataiku.doctor.utils] Computed dtype for CoapplicantIncome: <type 'numpy.float64'> (schema_type=double feature_type=NUMERIC feature_role=INPUT)
[2020-07-03 23:43:48,224] [11811/MainThread] [INFO] [dataiku.doctor.utils] Computed dtype for TotalIncome: <type 'numpy.float64'> (schema_type=double feature_type=NUMERIC feature_role=INPUT)
[2020-07-03 23:43:48,224] [11811/MainThread] [INFO] [dataiku.doctor.utils] Computed dtype for LoanAmount: <type 'numpy.float64'> (schema_type=bigint feature_type=NUMERIC feature_role=INPUT)
[2020-07-03 23:43:48,224] [11811/MainThread] [INFO] [dataiku.doctor.utils] Computed dtype for MonthlyLoan: <type 'numpy.float64'> (schema_type=bigint feature_type=NUMERIC feature_role=INPUT)
[2020-07-03 23:43:48,224] [11811/MainThread] [INFO] [dataiku.doctor.utils] Computed dtype for MonthlyLoan_Percentage: <type 'numpy.float64'> (schema_type=double feature_type=NUMERIC feature_role=INPUT)
[2020-07-03 23:43:48,224] [11811/MainThread] [INFO] [dataiku.doctor.utils] Computed dtype for Loan_Amount_Term: <type 'numpy.float64'> (schema_type=bigint feature_type=NUMERIC feature_role=INPUT)
[2020-07-03 23:43:48,224] [11811/MainThread] [INFO] [dataiku.doctor.utils] Computed dtype for MonthlyLoan_MonthTerm_Ratio: <type 'numpy.float64'> (schema_type=double feature_type=NUMERIC feature_role=INPUT)
[2020-07-03 23:43:48,224] [11811/MainThread] [INFO] [dataiku.doctor.utils] Computed dtype for Credit_History: None (schema_type=boolean feature_type=CATEGORY feature_role=REJECT)
[2020-07-03 23:43:48,224] [11811/MainThread] [INFO] [dataiku.doctor.utils] Computed dtype for Property_Area: None (schema_type=string feature_type=CATEGORY feature_role=REJECT)
[2020-07-03 23:43:48,224] [11811/MainThread] [INFO] [dataiku.doctor.utils] Computed dtype for Loan_Status: <type 'numpy.object_'> (schema_type=boolean feature_type=CATEGORY feature_role=TARGET)
[2020-07-03 23:43:48,225] [11811/MainThread] [INFO] [root] Reading with FIXED dtypes: {u'TotalIncome': <type 'numpy.float64'>, u'CoapplicantIncome': <type 'numpy.float64'>, u'LoanAmount': <type 'numpy.float64'>, u'MonthlyLoan': <type 'numpy.float64'>, u'MonthlyLoan_MonthTerm_Ratio': <type 'numpy.float64'>, u'ApplicantIncome': <type 'numpy.float64'>, u'Loan_Amount_Term': <type 'numpy.float64'>, u'Loan_Status': <type 'numpy.object_'>, u'MonthlyLoan_Percentage': <type 'numpy.float64'>}
[2020-07-03 23:43:48,233] [11811/MainThread] [INFO] [root] Loaded table
[2020-07-03 23:43:48,236] [11811/MainThread] [INFO] [dataiku.doctor.utils]  Coercion done
[2020-07-03 23:43:48,236] [11811/MainThread] [INFO] [dataiku.doctor.commands] Loaded test df: shape=(113,16)
[2020-07-03 23:43:48,236] [11811/MainThread] [INFO] [dataiku.doctor.utils.listener] END -  Loading test set
[2020-07-03 23:43:48,236] [11811/MainThread] [INFO] [dataiku.doctor.utils.listener] START -  Collecting statistics
[2020-07-03 23:43:48,237] [11811/MainThread] [INFO] [dataiku.doctor.preprocessing_collector] Looking at TotalIncome... (type=NUMERIC)
[2020-07-03 23:43:48,237] [11811/MainThread] [INFO] [dataiku.doctor.preprocessing_collector] Checking series of type: float64 (isM8=False)
[2020-07-03 23:43:48,240] [11811/MainThread] [INFO] [dataiku.doctor.preprocessing_collector] Looking at Property_Area... (type=CATEGORY)
[2020-07-03 23:43:48,241] [11811/MainThread] [INFO] [dataiku.doctor.preprocessing_collector] Looking at CoapplicantIncome... (type=NUMERIC)
[2020-07-03 23:43:48,241] [11811/MainThread] [INFO] [dataiku.doctor.preprocessing_collector] Checking series of type: float64 (isM8=False)
[2020-07-03 23:43:48,242] [11811/MainThread] [INFO] [dataiku.doctor.preprocessing_collector] Looking at LoanAmount... (type=NUMERIC)
[2020-07-03 23:43:48,242] [11811/MainThread] [INFO] [dataiku.doctor.preprocessing_collector] Checking series of type: float64 (isM8=False)
[2020-07-03 23:43:48,243] [11811/MainThread] [INFO] [dataiku.doctor.preprocessing_collector] Looking at Gender... (type=CATEGORY)
[2020-07-03 23:43:48,243] [11811/MainThread] [INFO] [dataiku.doctor.preprocessing_collector] Looking at MonthlyLoan... (type=NUMERIC)
[2020-07-03 23:43:48,244] [11811/MainThread] [INFO] [dataiku.doctor.preprocessing_collector] Checking series of type: float64 (isM8=False)
[2020-07-03 23:43:48,245] [11811/MainThread] [INFO] [dataiku.doctor.preprocessing_collector] Looking at Married... (type=CATEGORY)
[2020-07-03 23:43:48,245] [11811/MainThread] [INFO] [dataiku.doctor.preprocessing_collector] Looking at MonthlyLoan_MonthTerm_Ratio... (type=NUMERIC)
[2020-07-03 23:43:48,245] [11811/MainThread] [INFO] [dataiku.doctor.preprocessing_collector] Checking series of type: float64 (isM8=False)
[2020-07-03 23:43:48,246] [11811/MainThread] [INFO] [dataiku.doctor.preprocessing_collector] Looking at ApplicantIncome... (type=NUMERIC)
[2020-07-03 23:43:48,246] [11811/MainThread] [INFO] [dataiku.doctor.preprocessing_collector] Checking series of type: float64 (isM8=False)
[2020-07-03 23:43:48,247] [11811/MainThread] [INFO] [dataiku.doctor.preprocessing_collector] Looking at Loan_Amount_Term... (type=NUMERIC)
[2020-07-03 23:43:48,247] [11811/MainThread] [INFO] [dataiku.doctor.preprocessing_collector] Checking series of type: float64 (isM8=False)
[2020-07-03 23:43:48,249] [11811/MainThread] [INFO] [dataiku.doctor.preprocessing_collector] Looking at Self_Employed... (type=CATEGORY)
[2020-07-03 23:43:48,249] [11811/MainThread] [INFO] [dataiku.doctor.preprocessing_collector] Looking at Loan_Status... (type=CATEGORY)
[2020-07-03 23:43:48,249] [11811/MainThread] [INFO] [dataiku.doctor.preprocessing_collector] Looking at MonthlyLoan_Percentage... (type=NUMERIC)
[2020-07-03 23:43:48,249] [11811/MainThread] [INFO] [dataiku.doctor.preprocessing_collector] Checking series of type: float64 (isM8=False)
[2020-07-03 23:43:48,252] [11811/MainThread] [INFO] [dataiku.doctor.preprocessing_collector] Looking at Education... (type=CATEGORY)
[2020-07-03 23:43:48,252] [11811/MainThread] [INFO] [dataiku.doctor.preprocessing_collector] Looking at Credit_History... (type=CATEGORY)
[2020-07-03 23:43:48,252] [11811/MainThread] [INFO] [dataiku.doctor.preprocessing_collector] Looking at Dependents... (type=CATEGORY)
[2020-07-03 23:43:48,253] [11811/MainThread] [INFO] [dataiku.doctor.utils.listener] END -  Collecting statistics
[2020-07-03 23:43:48,253] [11811/MainThread] [INFO] [dataiku.doctor.multiframe] generating interactions
[2020-07-03 23:43:48,254] [11811/MainThread] [INFO] [dataiku.doctor.multiframe] {u'preprocessingFitSampleSeed': 1337, u'feature_selection_params': {u'custom_params': {u'code': u'# type your code here'}, u'pca_params': {u'variance_proportion': 0.9, u'n_features': 25}, u'random_forest_params': {u'depth': 10, u'n_features': 25, u'n_trees': 30}, u'lasso_params': {u'alpha': [0.01, 0.1, 1.0, 10.0, 100.0], u'cross_validate': True}, u'method': u'CORRELATION', u'correlation_params': {u'n_features': 25, u'min_abs_correlation': 0.0}}, u'preprocessingFitSampleRatio': 1.0, u'reduce': {u'enabled': False, u'kept_variance': 0.0}, u'skipPreprocessing': False, u'target_remapping': [{u'mappedValue': 0, u'sourceValue': u'Y', u'sampleFreq': 403}, {u'mappedValue': 1, u'sourceValue': u'N', u'sampleFreq': 175}], u'per_feature': {u'TotalIncome': {u'generate_derivative': False, u'sendToInput': u'main', u'rescaling': u'AVGSTD', u'role': u'INPUT', u'customHandlingCode': u'', u'customProcessorWantsMatrix': False, u'numerical_handling': u'REGULAR', u'binarize_threshold_mode': u'MEDIAN', u'state': {u'userModified': True, u'recordedMeaning': u'DoubleMeaning', u'autoModifiedByDSS': False}, u'missing_handling': u'IMPUTE', u'binarize_constant_threshold': 0.0, u'quantile_bin_nb_bins': 4, u'missing_impute_with': u'MEAN', u'type': u'NUMERIC', u'impute_constant_value': 0.0}, u'Property_Area': {u'missing_impute_with': u'MODE', u'customProcessorWantsMatrix': False, u'customHandlingCode': u'', u'category_handling': u'DUMMIFY', u'cumulative_proportion': 0.95, u'sendToInput': u'main', u'state': {u'userModified': True, u'recordedMeaning': u'Text', u'autoModifiedByDSS': False}, u'missing_handling': u'NONE', u'max_nb_categories': 100, u'dummy_clip': u'MAX_NB_CATEGORIES', u'role': u'REJECT', u'max_cat_safety': 200, u'min_samples': 10, u'type': u'CATEGORY', u'dummy_drop': u'DROP'}, u'CoapplicantIncome': {u'generate_derivative': False, u'sendToInput': u'main', u'rescaling': u'AVGSTD', u'role': u'INPUT', u'customHandlingCode': u'', u'customProcessorWantsMatrix': False, u'numerical_handling': u'REGULAR', u'binarize_threshold_mode': u'MEDIAN', u'state': {u'userModified': True, u'recordedMeaning': u'DoubleMeaning', u'autoModifiedByDSS': False}, u'missing_handling': u'IMPUTE', u'binarize_constant_threshold': 0.0, u'quantile_bin_nb_bins': 4, u'missing_impute_with': u'MEAN', u'type': u'NUMERIC', u'impute_constant_value': 0.0}, u'LoanAmount': {u'generate_derivative': False, u'sendToInput': u'main', u'rescaling': u'AVGSTD', u'role': u'INPUT', u'customHandlingCode': u'', u'customProcessorWantsMatrix': False, u'numerical_handling': u'REGULAR', u'binarize_threshold_mode': u'MEDIAN', u'state': {u'userModified': True, u'recordedMeaning': u'LongMeaning', u'autoModifiedByDSS': False}, u'missing_handling': u'IMPUTE', u'binarize_constant_threshold': 0.0, u'quantile_bin_nb_bins': 4, u'missing_impute_with': u'MEAN', u'type': u'NUMERIC', u'impute_constant_value': 0.0}, u'Gender': {u'missing_impute_with': u'MODE', u'customProcessorWantsMatrix': False, u'customHandlingCode': u'', u'category_handling': u'DUMMIFY', u'cumulative_proportion': 0.95, u'sendToInput': u'main', u'state': {u'userModified': True, u'recordedMeaning': u'Gender', u'autoModifiedByDSS': False}, u'missing_handling': u'NONE', u'max_nb_categories': 100, u'dummy_clip': u'MAX_NB_CATEGORIES', u'role': u'REJECT', u'max_cat_safety': 200, u'min_samples': 10, u'type': u'CATEGORY', u'dummy_drop': u'DROP'}, u'MonthlyLoan': {u'generate_derivative': False, u'sendToInput': u'main', u'rescaling': u'AVGSTD', u'role': u'INPUT', u'customHandlingCode': u'', u'customProcessorWantsMatrix': False, u'numerical_handling': u'REGULAR', u'binarize_threshold_mode': u'MEDIAN', u'state': {u'userModified': True, u'recordedMeaning': u'LongMeaning', u'autoModifiedByDSS': False}, u'missing_handling': u'IMPUTE', u'binarize_constant_threshold': 0.0, u'quantile_bin_nb_bins': 4, u'missing_impute_with': u'MEAN', u'type': u'NUMERIC', u'impute_constant_value': 0.0}, u'Married': {u'missing_impute_with': u'MODE', u'customProcessorWantsMatrix': False, u'customHandlingCode': u'', u'category_handling': u'DUMMIFY', u'cumulative_proportion': 0.95, u'sendToInput': u'main', u'state': {u'userModified': True, u'recordedMeaning': u'Boolean', u'autoModifiedByDSS': False}, u'missing_handling': u'NONE', u'max_nb_categories': 100, u'dummy_clip': u'MAX_NB_CATEGORIES', u'role': u'REJECT', u'max_cat_safety': 200, u'min_samples': 10, u'type': u'CATEGORY', u'dummy_drop': u'DROP'}, u'MonthlyLoan_MonthTerm_Ratio': {u'generate_derivative': False, u'sendToInput': u'main', u'rescaling': u'AVGSTD', u'role': u'INPUT', u'customHandlingCode': u'', u'customProcessorWantsMatrix': False, u'numerical_handling': u'REGULAR', u'binarize_threshold_mode': u'MEDIAN', u'state': {u'userModified': False, u'recordedMeaning': u'DoubleMeaning', u'autoModifiedByDSS': False}, u'missing_handling': u'IMPUTE', u'binarize_constant_threshold': 0.0, u'quantile_bin_nb_bins': 4, u'missing_impute_with': u'MEAN', u'type': u'NUMERIC', u'impute_constant_value': 0.0}, u'ApplicantIncome': {u'generate_derivative': False, u'sendToInput': u'main', u'rescaling': u'AVGSTD', u'role': u'INPUT', u'customHandlingCode': u'', u'customProcessorWantsMatrix': False, u'numerical_handling': u'REGULAR', u'binarize_threshold_mode': u'MEDIAN', u'state': {u'userModified': True, u'recordedMeaning': u'LongMeaning', u'autoModifiedByDSS': False}, u'missing_handling': u'IMPUTE', u'binarize_constant_threshold': 0.0, u'quantile_bin_nb_bins': 4, u'missing_impute_with': u'MEAN', u'type': u'NUMERIC', u'impute_constant_value': 0.0}, u'Loan_Amount_Term': {u'generate_derivative': False, u'sendToInput': u'main', u'rescaling': u'AVGSTD', u'role': u'INPUT', u'customHandlingCode': u'', u'customProcessorWantsMatrix': False, u'numerical_handling': u'REGULAR', u'binarize_threshold_mode': u'MEDIAN', u'state': {u'userModified': True, u'recordedMeaning': u'LongMeaning', u'autoModifiedByDSS': False}, u'missing_handling': u'IMPUTE', u'binarize_constant_threshold': 0.0, u'quantile_bin_nb_bins': 4, u'missing_impute_with': u'MEAN', u'type': u'NUMERIC', u'impute_constant_value': 0.0}, u'Self_Employed': {u'missing_impute_with': u'MODE', u'customProcessorWantsMatrix': False, u'customHandlingCode': u'', u'category_handling': u'DUMMIFY', u'cumulative_proportion': 0.95, u'sendToInput': u'main', u'state': {u'userModified': True, u'recordedMeaning': u'Boolean', u'autoModifiedByDSS': False}, u'missing_handling': u'NONE', u'max_nb_categories': 100, u'dummy_clip': u'MAX_NB_CATEGORIES', u'role': u'REJECT', u'max_cat_safety': 200, u'min_samples': 10, u'type': u'CATEGORY', u'dummy_drop': u'DROP'}, u'Loan_Status': {u'customHandlingCode': u'', u'customProcessorWantsMatrix': False, u'cumulative_proportion': 0.95, u'sendToInput': u'main', u'state': {u'userModified': False, u'recordedMeaning': u'Boolean', u'autoModifiedByDSS': False}, u'role': u'TARGET', u'max_nb_categories': 100, u'dummy_clip': u'MAX_NB_CATEGORIES', u'dummy_drop': u'NONE', u'min_samples': 10, u'type': u'CATEGORY', u'max_cat_safety': 200}, u'MonthlyLoan_Percentage': {u'generate_derivative': False, u'sendToInput': u'main', u'rescaling': u'AVGSTD', u'role': u'INPUT', u'customHandlingCode': u'', u'customProcessorWantsMatrix': False, u'numerical_handling': u'REGULAR', u'binarize_threshold_mode': u'MEDIAN', u'state': {u'userModified': True, u'recordedMeaning': u'DoubleMeaning', u'autoModifiedByDSS': False}, u'missing_handling': u'IMPUTE', u'binarize_constant_threshold': 0.0, u'quantile_bin_nb_bins': 4, u'missing_impute_with': u'MEAN', u'type': u'NUMERIC', u'impute_constant_value': 0.0}, u'Education': {u'missing_impute_with': u'MODE', u'customProcessorWantsMatrix': False, u'customHandlingCode': u'', u'category_handling': u'DUMMIFY', u'cumulative_proportion': 0.95, u'sendToInput': u'main', u'state': {u'userModified': True, u'recordedMeaning': u'Text', u'autoModifiedByDSS': False}, u'missing_handling': u'NONE', u'max_nb_categories': 100, u'dummy_clip': u'MAX_NB_CATEGORIES', u'role': u'REJECT', u'max_cat_safety': 200, u'min_samples': 10, u'type': u'CATEGORY', u'dummy_drop': u'DROP'}, u'Credit_History': {u'missing_impute_with': u'MODE', u'customProcessorWantsMatrix': False, u'customHandlingCode': u'', u'category_handling': u'DUMMIFY', u'cumulative_proportion': 0.95, u'sendToInput': u'main', u'state': {u'userModified': True, u'recordedMeaning': u'Boolean', u'autoModifiedByDSS': False}, u'missing_handling': u'NONE', u'max_nb_categories': 100, u'dummy_clip': u'MAX_NB_CATEGORIES', u'role': u'REJECT', u'max_cat_safety': 200, u'min_samples': 10, u'type': u'CATEGORY', u'dummy_drop': u'DROP'}, u'Dependents': {u'missing_impute_with': u'MODE', u'customProcessorWantsMatrix': False, u'customHandlingCode': u'', u'category_handling': u'DUMMIFY', u'cumulative_proportion': 0.95, u'sendToInput': u'main', u'state': {u'userModified': True, u'recordedMeaning': u'LongMeaning', u'autoModifiedByDSS': False}, u'missing_handling': u'NONE', u'max_nb_categories': 100, u'dummy_clip': u'MAX_NB_CATEGORIES', u'role': u'REJECT', u'max_cat_safety': 200, u'min_samples': 10, u'type': u'CATEGORY', u'dummy_drop': u'DROP'}}, u'feature_generation': {u'manual_interactions': {u'interactions': []}, u'pairwise_linear': {u'behavior': u'DISABLED'}, u'categoricals_count_transformer': {u'input_features': [], u'all_features': False, u'behavior': u'DISABLED'}, u'polynomial_combinations': {u'behavior': u'DISABLED'}, u'numericals_clustering': {u'k': 0, u'input_features': [], u'all_features': False, u'behavior': u'DISABLED'}}}
[2020-07-03 23:43:48,254] [11811/MainThread] [INFO] [dataiku.doctor.multiframe] Performing feature reduction
[2020-07-03 23:43:48,254] [11811/MainThread] [INFO] [dataiku.doctor.utils.listener] START -  Preprocessing train set
[2020-07-03 23:43:48,255] [11811/MainThread] [INFO] [dataiku.doctor.multiframe] Set MF index len 416
[2020-07-03 23:43:48,255] [11811/MainThread] [DEBUG] [dku.ml.preprocessing] FIT/PROCESS WITH Step:RemapValueToOutput
[2020-07-03 23:43:48,257] [11811/MainThread] [DEBUG] [dku.ml.preprocessing] FIT/PROCESS WITH Step:MultipleImputeMissingFromInput
[2020-07-03 23:43:48,257] [11811/MainThread] [DEBUG] [dku.ml.preprocessing] MIMIFI: Imputing with map {u'TotalIncome': 6985.156538463558, u'CoapplicantIncome': 1610.4353846174038, u'LoanAmount': 145372.59615384616, u'MonthlyLoan': 454.6875, u'MonthlyLoan_MonthTerm_Ratio': 84.16811244474287, u'ApplicantIncome': 5374.721153846154, u'Loan_Amount_Term': 343.41346153846155, u'MonthlyLoan_Percentage': 7.4987959535806485}
[2020-07-03 23:43:48,259] [11811/MainThread] [DEBUG] [dku.ml.preprocessing] FIT/PROCESS WITH Step:RescalingProcessor2 (TotalIncome)
[2020-07-03 23:43:48,260] [11811/MainThread] [DEBUG] [dku.ml.preprocessing]   Rescale TotalIncome (avg=6985.15653846 std=6159.02675676 shift=6985.15653846 inv_scale=0.000162363314772)
[2020-07-03 23:43:48,301] [11811/MainThread] [DEBUG] [dku.ml.preprocessing]   Rescaled TotalIncome (avg=-4.40352882363e-18 std=1.0) nulls=0
[2020-07-03 23:43:48,301] [11811/MainThread] [DEBUG] [dku.ml.preprocessing] FIT/PROCESS WITH Step:RescalingProcessor2 (CoapplicantIncome)
[2020-07-03 23:43:48,301] [11811/MainThread] [DEBUG] [dku.ml.preprocessing]   Rescale CoapplicantIncome (avg=1610.43538462 std=2714.30958343 shift=1610.43538462 inv_scale=0.000368417812804)
[2020-07-03 23:43:48,303] [11811/MainThread] [DEBUG] [dku.ml.preprocessing]   Rescaled CoapplicantIncome (avg=-1.60128320859e-17 std=1.0) nulls=0
[2020-07-03 23:43:48,303] [11811/MainThread] [DEBUG] [dku.ml.preprocessing] FIT/PROCESS WITH Step:RescalingProcessor2 (LoanAmount)
[2020-07-03 23:43:48,304] [11811/MainThread] [DEBUG] [dku.ml.preprocessing]   Rescale LoanAmount (avg=145372.596154 std=74823.0884989 shift=145372.596154 inv_scale=1.33648586294e-05)
[2020-07-03 23:43:48,305] [11811/MainThread] [DEBUG] [dku.ml.preprocessing]   Rescaled LoanAmount (avg=-2.68214937439e-17 std=1.0) nulls=0
[2020-07-03 23:43:48,305] [11811/MainThread] [DEBUG] [dku.ml.preprocessing] FIT/PROCESS WITH Step:RescalingProcessor2 (MonthlyLoan)
[2020-07-03 23:43:48,306] [11811/MainThread] [DEBUG] [dku.ml.preprocessing]   Rescale MonthlyLoan (avg=454.6875 std=352.641240182 shift=454.6875 inv_scale=0.00283574320316)
[2020-07-03 23:43:48,307] [11811/MainThread] [DEBUG] [dku.ml.preprocessing]   Rescaled MonthlyLoan (avg=-1.39445079415e-17 std=1.0) nulls=0
[2020-07-03 23:43:48,307] [11811/MainThread] [DEBUG] [dku.ml.preprocessing] FIT/PROCESS WITH Step:RescalingProcessor2 (MonthlyLoan_MonthTerm_Ratio)
[2020-07-03 23:43:48,307] [11811/MainThread] [DEBUG] [dku.ml.preprocessing]   Rescale MonthlyLoan_MonthTerm_Ratio (avg=84.1681124447 std=36.5841018464 shift=84.1681124447 inv_scale=0.0273342777198)
[2020-07-03 23:43:48,308] [11811/MainThread] [DEBUG] [dku.ml.preprocessing]   Rescaled MonthlyLoan_MonthTerm_Ratio (avg=-5.88204698624e-16 std=1.0) nulls=0
[2020-07-03 23:43:48,308] [11811/MainThread] [DEBUG] [dku.ml.preprocessing] FIT/PROCESS WITH Step:RescalingProcessor2 (ApplicantIncome)
[2020-07-03 23:43:48,308] [11811/MainThread] [DEBUG] [dku.ml.preprocessing]   Rescale ApplicantIncome (avg=5374.72115385 std=5901.72975617 shift=5374.72115385 inv_scale=0.00016944184863)
[2020-07-03 23:43:48,309] [11811/MainThread] [DEBUG] [dku.ml.preprocessing]   Rescaled ApplicantIncome (avg=-5.32426666857e-17 std=1.0) nulls=0
[2020-07-03 23:43:48,309] [11811/MainThread] [DEBUG] [dku.ml.preprocessing] FIT/PROCESS WITH Step:RescalingProcessor2 (Loan_Amount_Term)
[2020-07-03 23:43:48,310] [11811/MainThread] [DEBUG] [dku.ml.preprocessing]   Rescale Loan_Amount_Term (avg=343.413461538 std=64.3616454786 shift=343.413461538 inv_scale=0.015537203758)
[2020-07-03 23:43:48,311] [11811/MainThread] [DEBUG] [dku.ml.preprocessing]   Rescaled Loan_Amount_Term (avg=-2.33253587385e-16 std=1.0) nulls=0
[2020-07-03 23:43:48,311] [11811/MainThread] [DEBUG] [dku.ml.preprocessing] FIT/PROCESS WITH Step:RescalingProcessor2 (MonthlyLoan_Percentage)
[2020-07-03 23:43:48,311] [11811/MainThread] [DEBUG] [dku.ml.preprocessing]   Rescale MonthlyLoan_Percentage (avg=7.49879595358 std=6.55936186781 shift=7.49879595358 inv_scale=0.152453854529)
[2020-07-03 23:43:48,312] [11811/MainThread] [DEBUG] [dku.ml.preprocessing]   Rescaled MonthlyLoan_Percentage (avg=1.3357370765e-16 std=1.0) nulls=0
[2020-07-03 23:43:48,312] [11811/MainThread] [DEBUG] [dku.ml.preprocessing] FIT/PROCESS WITH Step:FlushDFBuilder(num_flagonly)
[2020-07-03 23:43:48,312] [11811/MainThread] [DEBUG] [dku.ml.preprocessing] FIT/PROCESS WITH Step:MultipleImputeMissingFromInput
[2020-07-03 23:43:48,312] [11811/MainThread] [DEBUG] [dku.ml.preprocessing] MIMIFI: Imputing with map {}
[2020-07-03 23:43:48,313] [11811/MainThread] [DEBUG] [dku.ml.preprocessing] FIT/PROCESS WITH Step:FlushDFBuilder(cat_flagpresence)
[2020-07-03 23:43:48,313] [11811/MainThread] [DEBUG] [dku.ml.preprocessing] FIT/PROCESS WITH Step:MultipleImputeMissingFromInput
[2020-07-03 23:43:48,313] [11811/MainThread] [DEBUG] [dku.ml.preprocessing] MIMIFI: Imputing with map {}
[2020-07-03 23:43:48,313] [11811/MainThread] [DEBUG] [dku.ml.preprocessing] FIT/PROCESS WITH Step:FlushDFBuilder(interaction)
[2020-07-03 23:43:48,313] [11811/MainThread] [DEBUG] [dku.ml.preprocessing] FIT/PROCESS WITH Step:RealignTarget
[2020-07-03 23:43:48,313] [11811/MainThread] [DEBUG] [dku.ml.preprocessing] Realign target series = (416,)
[2020-07-03 23:43:48,313] [11811/MainThread] [DEBUG] [dku.ml.preprocessing] After realign target: (416,)
[2020-07-03 23:43:48,313] [11811/MainThread] [DEBUG] [dku.ml.preprocessing] FIT/PROCESS WITH Step:DropRowsWhereNoTarget
[2020-07-03 23:43:48,314] [11811/MainThread] [DEBUG] [dku.ml.preprocessing] Deleting 0 rows because no target
[2020-07-03 23:43:48,314] [11811/MainThread] [DEBUG] [dku.ml.preprocessing] MF before = (416, 8) target before = (416,)
[2020-07-03 23:43:48,315] [11811/MainThread] [INFO] [dataiku.doctor.multiframe] MultiFrame, dropping rows: []
[2020-07-03 23:43:48,322] [11811/MainThread] [DEBUG] [dku.ml.preprocessing] After DRWNT input_df=(416, 16)
[2020-07-03 23:43:48,322] [11811/MainThread] [DEBUG] [dku.ml.preprocessing] MF after = (416, 8) target after = (416,)
[2020-07-03 23:43:48,322] [11811/MainThread] [DEBUG] [dku.ml.preprocessing] FIT/PROCESS WITH Step:DumpPipelineState
[2020-07-03 23:43:48,322] [11811/MainThread] [DEBUG] [dku.ml.preprocessing] ********* Pipeline state (Before feature selection)
[2020-07-03 23:43:48,322] [11811/MainThread] [DEBUG] [dku.ml.preprocessing]    input_df= (416, 16) 
[2020-07-03 23:43:48,322] [11811/MainThread] [DEBUG] [dku.ml.preprocessing]    current_mf=(416, 8) 
[2020-07-03 23:43:48,322] [11811/MainThread] [DEBUG] [dku.ml.preprocessing]    PPR: 
[2020-07-03 23:43:48,323] [11811/MainThread] [DEBUG] [dku.ml.preprocessing]       target = <class 'pandas.core.series.Series'> ((416,))
[2020-07-03 23:43:48,323] [11811/MainThread] [DEBUG] [dku.ml.preprocessing] FIT/PROCESS WITH Step:FeatureSelectionStep
[2020-07-03 23:43:48,325] [11811/MainThread] [DEBUG] [dku.ml.preprocessing] FIT/PROCESS WITH Step:EmitCurrentMFAsResult
[2020-07-03 23:43:48,326] [11811/MainThread] [INFO] [dataiku.doctor.multiframe] Set MF index len 416
[2020-07-03 23:43:48,326] [11811/MainThread] [DEBUG] [dku.ml.preprocessing] FIT/PROCESS WITH Step:DumpPipelineState
[2020-07-03 23:43:48,326] [11811/MainThread] [DEBUG] [dku.ml.preprocessing] ********* Pipeline state (At end)
[2020-07-03 23:43:48,326] [11811/MainThread] [DEBUG] [dku.ml.preprocessing]    input_df= (416, 16) 
[2020-07-03 23:43:48,326] [11811/MainThread] [DEBUG] [dku.ml.preprocessing]    current_mf=(0, 0) 
[2020-07-03 23:43:48,326] [11811/MainThread] [DEBUG] [dku.ml.preprocessing]    PPR: 
[2020-07-03 23:43:48,326] [11811/MainThread] [DEBUG] [dku.ml.preprocessing]       UNPROCESSED = <class 'pandas.core.frame.DataFrame'> ((416, 16))
[2020-07-03 23:43:48,326] [11811/MainThread] [DEBUG] [dku.ml.preprocessing]       TRAIN = <class 'dataiku.doctor.multiframe.MultiFrame'> ((416, 8))
[2020-07-03 23:43:48,326] [11811/MainThread] [DEBUG] [dku.ml.preprocessing]       target = <class 'pandas.core.series.Series'> ((416,))
[2020-07-03 23:43:48,339] [11811/MainThread] [INFO] [dataiku.doctor.utils.listener] END -  Preprocessing train set
[2020-07-03 23:43:48,339] [11811/MainThread] [INFO] [dataiku.doctor.utils.listener] START -  Preprocessing test set
[2020-07-03 23:43:48,341] [11811/MainThread] [INFO] [dataiku.doctor.multiframe] Set MF index len 113
[2020-07-03 23:43:48,341] [11811/MainThread] [DEBUG] [dku.ml.preprocessing] PROCESS WITH Step:RemapValueToOutput
[2020-07-03 23:43:48,343] [11811/MainThread] [DEBUG] [dku.ml.preprocessing] PROCESS WITH Step:MultipleImputeMissingFromInput
[2020-07-03 23:43:48,344] [11811/MainThread] [DEBUG] [dku.ml.preprocessing] MIMIFI: Imputing with map {u'TotalIncome': 6985.156538463558, u'CoapplicantIncome': 1610.4353846174038, u'LoanAmount': 145372.59615384616, u'MonthlyLoan': 454.6875, u'MonthlyLoan_MonthTerm_Ratio': 84.16811244474287, u'ApplicantIncome': 5374.721153846154, u'Loan_Amount_Term': 343.41346153846155, u'MonthlyLoan_Percentage': 7.4987959535806485}
[2020-07-03 23:43:48,347] [11811/MainThread] [DEBUG] [dku.ml.preprocessing] PROCESS WITH Step:RescalingProcessor2 (TotalIncome)
[2020-07-03 23:43:48,347] [11811/MainThread] [DEBUG] [dku.ml.preprocessing]   Rescale TotalIncome (avg=7289.73274325 std=8003.97491388 shift=6985.15653846 inv_scale=0.000162363314772)
[2020-07-03 23:43:48,350] [11811/MainThread] [DEBUG] [dku.ml.preprocessing]   Rescaled TotalIncome (avg=0.0494520022107 std=1.29955189837) nulls=0
[2020-07-03 23:43:48,350] [11811/MainThread] [DEBUG] [dku.ml.preprocessing] PROCESS WITH Step:RescalingProcessor2 (CoapplicantIncome)
[2020-07-03 23:43:48,351] [11811/MainThread] [DEBUG] [dku.ml.preprocessing]   Rescale CoapplicantIncome (avg=1291.90973441 std=1630.98898439 shift=1610.43538462 inv_scale=0.000368417812804)
[2020-07-03 23:43:48,355] [11811/MainThread] [DEBUG] [dku.ml.preprocessing]   Rescaled CoapplicantIncome (avg=-0.117350523373 std=0.600885394337) nulls=0
[2020-07-03 23:43:48,355] [11811/MainThread] [DEBUG] [dku.ml.preprocessing] PROCESS WITH Step:RescalingProcessor2 (LoanAmount)
[2020-07-03 23:43:48,355] [11811/MainThread] [DEBUG] [dku.ml.preprocessing]   Rescale LoanAmount (avg=147619.469027 std=112256.348737 shift=145372.596154 inv_scale=1.33648586294e-05)
[2020-07-03 23:43:48,356] [11811/MainThread] [DEBUG] [dku.ml.preprocessing]   Rescaled LoanAmount (avg=0.0300291383018 std=1.50029023112) nulls=0
[2020-07-03 23:43:48,356] [11811/MainThread] [DEBUG] [dku.ml.preprocessing] PROCESS WITH Step:RescalingProcessor2 (MonthlyLoan)
[2020-07-03 23:43:48,357] [11811/MainThread] [DEBUG] [dku.ml.preprocessing]   Rescale MonthlyLoan (avg=490.601769912 std=461.354537899 shift=454.6875 inv_scale=0.00283574320316)
[2020-07-03 23:43:48,358] [11811/MainThread] [DEBUG] [dku.ml.preprocessing]   Rescaled MonthlyLoan (avg=0.101843646798 std=1.30828299509) nulls=0
[2020-07-03 23:43:48,358] [11811/MainThread] [DEBUG] [dku.ml.preprocessing] PROCESS WITH Step:RescalingProcessor2 (MonthlyLoan_MonthTerm_Ratio)
[2020-07-03 23:43:48,359] [11811/MainThread] [DEBUG] [dku.ml.preprocessing]   Rescale MonthlyLoan_MonthTerm_Ratio (avg=88.5390964575 std=32.0555586257 shift=84.1681124447 inv_scale=0.0273342777198)
[2020-07-03 23:43:48,361] [11811/MainThread] [DEBUG] [dku.ml.preprocessing]   Rescaled MonthlyLoan_MonthTerm_Ratio (avg=0.119477690914 std=0.87621554194) nulls=0
[2020-07-03 23:43:48,361] [11811/MainThread] [DEBUG] [dku.ml.preprocessing] PROCESS WITH Step:RescalingProcessor2 (ApplicantIncome)
[2020-07-03 23:43:48,363] [11811/MainThread] [DEBUG] [dku.ml.preprocessing]   Rescale ApplicantIncome (avg=5997.82300885 std=7998.71315792 shift=5374.72115385 inv_scale=0.00016944184863)
[2020-07-03 23:43:48,364] [11811/MainThread] [DEBUG] [dku.ml.preprocessing]   Rescaled ApplicantIncome (avg=0.105579530197 std=1.35531674414) nulls=0
[2020-07-03 23:43:48,364] [11811/MainThread] [DEBUG] [dku.ml.preprocessing] PROCESS WITH Step:RescalingProcessor2 (Loan_Amount_Term)
[2020-07-03 23:43:48,365] [11811/MainThread] [DEBUG] [dku.ml.preprocessing]   Rescale Loan_Amount_Term (avg=338.442477876 std=66.816237608 shift=343.413461538 inv_scale=0.015537203758)
[2020-07-03 23:43:48,367] [11811/MainThread] [DEBUG] [dku.ml.preprocessing]   Rescaled Loan_Amount_Term (avg=-0.0772351860396 std=1.03813749806) nulls=0
[2020-07-03 23:43:48,367] [11811/MainThread] [DEBUG] [dku.ml.preprocessing] PROCESS WITH Step:RescalingProcessor2 (MonthlyLoan_Percentage)
[2020-07-03 23:43:48,368] [11811/MainThread] [DEBUG] [dku.ml.preprocessing]   Rescale MonthlyLoan_Percentage (avg=7.78225056829 std=7.08393044352 shift=7.49879595358 inv_scale=0.152453854529)
[2020-07-03 23:43:48,370] [11811/MainThread] [DEBUG] [dku.ml.preprocessing]   Rescaled MonthlyLoan_Percentage (avg=0.0432137485965 std=1.07997250133) nulls=0
[2020-07-03 23:43:48,370] [11811/MainThread] [DEBUG] [dku.ml.preprocessing] PROCESS WITH Step:FlushDFBuilder(num_flagonly)
[2020-07-03 23:43:48,370] [11811/MainThread] [DEBUG] [dku.ml.preprocessing] PROCESS WITH Step:MultipleImputeMissingFromInput
[2020-07-03 23:43:48,371] [11811/MainThread] [DEBUG] [dku.ml.preprocessing] MIMIFI: Imputing with map {}
[2020-07-03 23:43:48,371] [11811/MainThread] [DEBUG] [dku.ml.preprocessing] PROCESS WITH Step:FlushDFBuilder(cat_flagpresence)
[2020-07-03 23:43:48,371] [11811/MainThread] [DEBUG] [dku.ml.preprocessing] PROCESS WITH Step:MultipleImputeMissingFromInput
[2020-07-03 23:43:48,371] [11811/MainThread] [DEBUG] [dku.ml.preprocessing] MIMIFI: Imputing with map {}
[2020-07-03 23:43:48,371] [11811/MainThread] [DEBUG] [dku.ml.preprocessing] PROCESS WITH Step:FlushDFBuilder(interaction)
[2020-07-03 23:43:48,371] [11811/MainThread] [DEBUG] [dku.ml.preprocessing] PROCESS WITH Step:RealignTarget
[2020-07-03 23:43:48,371] [11811/MainThread] [DEBUG] [dku.ml.preprocessing] Realign target series = (113,)
[2020-07-03 23:43:48,372] [11811/MainThread] [DEBUG] [dku.ml.preprocessing] After realign target: (113,)
[2020-07-03 23:43:48,373] [11811/MainThread] [DEBUG] [dku.ml.preprocessing] PROCESS WITH Step:DropRowsWhereNoTarget
[2020-07-03 23:43:48,374] [11811/MainThread] [DEBUG] [dku.ml.preprocessing] Deleting 0 rows because no target
[2020-07-03 23:43:48,374] [11811/MainThread] [DEBUG] [dku.ml.preprocessing] MF before = (113, 8) target before = (113,)
[2020-07-03 23:43:48,375] [11811/MainThread] [INFO] [dataiku.doctor.multiframe] MultiFrame, dropping rows: []
[2020-07-03 23:43:48,380] [11811/MainThread] [DEBUG] [dku.ml.preprocessing] After DRWNT input_df=(113, 16)
[2020-07-03 23:43:48,380] [11811/MainThread] [DEBUG] [dku.ml.preprocessing] MF after = (113, 8) target after = (113,)
[2020-07-03 23:43:48,380] [11811/MainThread] [DEBUG] [dku.ml.preprocessing] PROCESS WITH Step:DumpPipelineState
[2020-07-03 23:43:48,380] [11811/MainThread] [DEBUG] [dku.ml.preprocessing] ********* Pipeline state (Before feature selection)
[2020-07-03 23:43:48,380] [11811/MainThread] [DEBUG] [dku.ml.preprocessing]    input_df= (113, 16) 
[2020-07-03 23:43:48,380] [11811/MainThread] [DEBUG] [dku.ml.preprocessing]    current_mf=(113, 8) 
[2020-07-03 23:43:48,380] [11811/MainThread] [DEBUG] [dku.ml.preprocessing]    PPR: 
[2020-07-03 23:43:48,380] [11811/MainThread] [DEBUG] [dku.ml.preprocessing]       target = <class 'pandas.core.series.Series'> ((113,))
[2020-07-03 23:43:48,380] [11811/MainThread] [DEBUG] [dku.ml.preprocessing] PROCESS WITH Step:FeatureSelectionStep
[2020-07-03 23:43:48,382] [11811/MainThread] [DEBUG] [dku.ml.preprocessing] PROCESS WITH Step:EmitCurrentMFAsResult
[2020-07-03 23:43:48,382] [11811/MainThread] [INFO] [dataiku.doctor.multiframe] Set MF index len 113
[2020-07-03 23:43:48,382] [11811/MainThread] [DEBUG] [dku.ml.preprocessing] PROCESS WITH Step:DumpPipelineState
[2020-07-03 23:43:48,382] [11811/MainThread] [DEBUG] [dku.ml.preprocessing] ********* Pipeline state (At end)
[2020-07-03 23:43:48,382] [11811/MainThread] [DEBUG] [dku.ml.preprocessing]    input_df= (113, 16) 
[2020-07-03 23:43:48,382] [11811/MainThread] [DEBUG] [dku.ml.preprocessing]    current_mf=(0, 0) 
[2020-07-03 23:43:48,382] [11811/MainThread] [DEBUG] [dku.ml.preprocessing]    PPR: 
[2020-07-03 23:43:48,382] [11811/MainThread] [DEBUG] [dku.ml.preprocessing]       UNPROCESSED = <class 'pandas.core.frame.DataFrame'> ((113, 16))
[2020-07-03 23:43:48,383] [11811/MainThread] [DEBUG] [dku.ml.preprocessing]       TRAIN = <class 'dataiku.doctor.multiframe.MultiFrame'> ((113, 8))
[2020-07-03 23:43:48,383] [11811/MainThread] [DEBUG] [dku.ml.preprocessing]       target = <class 'pandas.core.series.Series'> ((113,))
[2020-07-03 23:43:48,383] [11811/MainThread] [INFO] [dataiku.doctor.utils.listener] END -  Preprocessing test set
[2020-07-03 23:43:48,384] [11811/MainThread] [INFO] [dataiku.doctor.utils.listener] START -  Grid searching
[2020-07-03 23:43:48,390] [11811/MainThread] [INFO] [dataiku.doctor.prediction.common] prepare multiframe shape=(416,8) tn=3328 nnz=3328 fill_ratio=1.00
[2020-07-03 23:43:48,390] [11811/MainThread] [INFO] [dataiku.doctor.prediction.common] too small, using array
[2020-07-03 23:43:48,390] [11811/MainThread] [INFO] [dataiku.doctor.prediction.common] Create CLF from params: {u'computeLearningCurves': False, u'algorithm': u'LOGISTIC_REGRESSION', u'logit_grid': {u'penalty': {u'values': {u'l2': {u'enabled': True}, u'l1': {u'enabled': False}}}, u'multi_class': u'ovr', u'C': {u'gridMode': u'EXPLICIT', u'values': [0.01, 0.1, 1.0, 10.0, 100.0], u'nValues': 0}, u'n_jobs': 2, u'enabled': True}, u'autoOptimizeThreshold': True, u'gridLength': 5, u'metrics': {u'customEvaluationMetricGIB': True, u'customEvaluationMetricNeedsProba': False, u'thresholdOptimizationMetric': u'F1', u'liftPoint': 0.4, u'costMatrixWeights': {u'fnGain': 0.0, u'tpGain': 1.0, u'tnGain': 0.0, u'fpGain': -0.3}, u'evaluationMetric': u'ROC_AUC'}, u'forcedClassifierThreshold': 0.0, u'skipExpensiveReports': False, u'max_ensemble_nodes_serialized': 0, u'pluginAlgoCustomGridSearch': False, u'grid_search_params': {u'nIter': 0, u'nJobs': 4, u'strategy': u'GRID', u'randomized': True, u'shuffleIterations': 1, u'mode': u'KFOLD', u'timeout': 0, u'splitRatio': 0.8, u'nFolds': 3, u'stratified': True}} for algorithm LOGISTIC_REGRESSION
[2020-07-03 23:43:48,390] [11811/MainThread] [INFO] [dataiku.doctor.prediction.common] Using stratified K-Fold CV with k=3
[2020-07-03 23:43:48,391] [11811/MainThread] [INFO] [dataiku.doctor.crossval.grid_search_cv] Building Gridsearcher for hyperparameters space: <dataiku.doctor.prediction.common.HyperparametersSpace object at 0x11ad84290>
[2020-07-03 23:43:48,393] [11811/MainThread] [INFO] [dataiku.doctor.crossval.grid_search_cv] Fitting 3 folds for each of 5 candidates, totalling 15 fits
[Parallel(n_jobs=4)]: Using backend ThreadingBackend with 4 concurrent workers.
[2020-07-03 23:43:48,407] [11811/GS-123145357119488] [INFO] [dataiku.doctor.crossval.grid_search_cv] Fit  p=2 s=0: penalty=l2, C=1.0 ...............................................
[2020-07-03 23:43:48,411] [11811/GS-123145361326080] [INFO] [dataiku.doctor.crossval.grid_search_cv] Fit  p=2 s=1: penalty=l2, C=1.0 ...............................................
[2020-07-03 23:43:48,412] [11811/GS-123145365532672] [INFO] [dataiku.doctor.crossval.grid_search_cv] Fit  p=2 s=2: penalty=l2, C=1.0 ...............................................
[2020-07-03 23:43:48,413] [11811/GS-123145369739264] [INFO] [dataiku.doctor.crossval.grid_search_cv] Fit  p=4 s=0: penalty=l2, C=100.0 .............................................
[2020-07-03 23:43:48,453] [11811/GS-123145361326080] [INFO] [dataiku.doctor.crossval.grid_search_cv] Done p=2 s=1: penalty=l2, C=1.0 (ft=0.0s st=0.0s sc=0.72033492823)
[2020-07-03 23:43:48,457] [11811/GS-123145365532672] [INFO] [dataiku.doctor.crossval.grid_search_cv] Done p=2 s=2: penalty=l2, C=1.0 (ft=0.0s st=0.0s sc=0.763035495716)
[2020-07-03 23:43:48,462] [11811/GS-123145361326080] [INFO] [dataiku.doctor.crossval.grid_search_cv] Fit  p=4 s=1: penalty=l2, C=100.0 .............................................
[2020-07-03 23:43:48,464] [11811/GS-123145357119488] [INFO] [dataiku.doctor.crossval.grid_search_cv] Done p=2 s=0: penalty=l2, C=1.0 (ft=0.0s st=0.0s sc=0.741626794258)
[2020-07-03 23:43:48,468] [11811/GS-123145369739264] [INFO] [dataiku.doctor.crossval.grid_search_cv] Done p=4 s=0: penalty=l2, C=100.0 (ft=0.0s st=0.0s sc=0.736602870813)
[2020-07-03 23:43:48,472] [11811/GS-123145365532672] [INFO] [dataiku.doctor.crossval.grid_search_cv] Fit  p=4 s=2: penalty=l2, C=100.0 .............................................
[2020-07-03 23:43:48,479] [11811/GS-123145357119488] [INFO] [dataiku.doctor.crossval.grid_search_cv] Fit  p=0 s=0: penalty=l2, C=0.01 ..............................................
[2020-07-03 23:43:48,482] [11811/GS-123145369739264] [INFO] [dataiku.doctor.crossval.grid_search_cv] Fit  p=0 s=1: penalty=l2, C=0.01 ..............................................
[2020-07-03 23:43:48,510] [11811/GS-123145361326080] [INFO] [dataiku.doctor.crossval.grid_search_cv] Done p=4 s=1: penalty=l2, C=100.0 (ft=0.0s st=0.0s sc=0.725837320574)
[2020-07-03 23:43:48,511] [11811/GS-123145365532672] [INFO] [dataiku.doctor.crossval.grid_search_cv] Done p=4 s=2: penalty=l2, C=100.0 (ft=0.0s st=0.0s sc=0.769400244798)
[2020-07-03 23:43:48,518] [11811/GS-123145357119488] [INFO] [dataiku.doctor.crossval.grid_search_cv] Done p=0 s=0: penalty=l2, C=0.01 (ft=0.0s st=0.0s sc=0.748803827751)
[2020-07-03 23:43:48,520] [11811/GS-123145361326080] [INFO] [dataiku.doctor.crossval.grid_search_cv] Fit  p=0 s=2: penalty=l2, C=0.01 ..............................................
[2020-07-03 23:43:48,536] [11811/GS-123145369739264] [INFO] [dataiku.doctor.crossval.grid_search_cv] Done p=0 s=1: penalty=l2, C=0.01 (ft=0.0s st=0.0s sc=0.717224880383)
[2020-07-03 23:43:48,537] [11811/GS-123145365532672] [INFO] [dataiku.doctor.crossval.grid_search_cv] Fit  p=1 s=0: penalty=l2, C=0.1 ...............................................
[2020-07-03 23:43:48,540] [11811/GS-123145357119488] [INFO] [dataiku.doctor.crossval.grid_search_cv] Fit  p=1 s=1: penalty=l2, C=0.1 ...............................................
[2020-07-03 23:43:48,558] [11811/GS-123145361326080] [INFO] [dataiku.doctor.crossval.grid_search_cv] Done p=0 s=2: penalty=l2, C=0.01 (ft=0.0s st=0.0s sc=0.756181150551)
[2020-07-03 23:43:48,559] [11811/GS-123145361326080] [INFO] [dataiku.doctor.crossval.grid_search_cv] Fit  p=1 s=2: penalty=l2, C=0.1 ...............................................
[2020-07-03 23:43:48,570] [11811/GS-123145365532672] [INFO] [dataiku.doctor.crossval.grid_search_cv] Done p=1 s=0: penalty=l2, C=0.1 (ft=0.0s st=0.0s sc=0.747129186603)
[2020-07-03 23:43:48,572] [11811/GS-123145369739264] [INFO] [dataiku.doctor.crossval.grid_search_cv] Fit  p=3 s=0: penalty=l2, C=10.0 ..............................................
[2020-07-03 23:43:48,580] [11811/GS-123145357119488] [INFO] [dataiku.doctor.crossval.grid_search_cv] Done p=1 s=1: penalty=l2, C=0.1 (ft=0.0s st=0.0s sc=0.722966507177)
[2020-07-03 23:43:48,581] [11811/GS-123145365532672] [INFO] [dataiku.doctor.crossval.grid_search_cv] Fit  p=3 s=1: penalty=l2, C=10.0 ..............................................
[2020-07-03 23:43:48,589] [11811/GS-123145369739264] [INFO] [dataiku.doctor.crossval.grid_search_cv] Done p=3 s=0: penalty=l2, C=10.0 (ft=0.0s st=0.0s sc=0.738516746411)
[2020-07-03 23:43:48,592] [11811/GS-123145357119488] [INFO] [dataiku.doctor.crossval.grid_search_cv] Fit  p=3 s=2: penalty=l2, C=10.0 ..............................................
[2020-07-03 23:43:48,597] [11811/GS-123145365532672] [INFO] [dataiku.doctor.crossval.grid_search_cv] Done p=3 s=1: penalty=l2, C=10.0 (ft=0.0s st=0.0s sc=0.726076555024)
[2020-07-03 23:43:48,598] [11811/GS-123145361326080] [INFO] [dataiku.doctor.crossval.grid_search_cv] Done p=1 s=2: penalty=l2, C=0.1 (ft=0.0s st=0.0s sc=0.752264381885)
[2020-07-03 23:43:48,608] [11811/GS-123145357119488] [INFO] [dataiku.doctor.crossval.grid_search_cv] Done p=3 s=2: penalty=l2, C=10.0 (ft=0.0s st=0.0s sc=0.767931456548)
[Parallel(n_jobs=4)]: Done  15 out of  15 | elapsed:    0.2s finished
[2020-07-03 23:43:49,439] [11811/MainThread] [INFO] [dataiku.doctor.crossval.grid_search_cv] Grid search ended, got 15 scores out of 15
[2020-07-03 23:43:49,440] [11811/MainThread] [INFO] [dataiku.doctor.crossval.grid_search_cv] Grid search done, best_parameters being : {'penalty': u'l2', 'C': 10.0}
[2020-07-03 23:43:49,443] [11811/MainThread] [INFO] [dataiku.doctor.utils.listener] END -  Grid searching
[2020-07-03 23:43:49,443] [11811/MainThread] [INFO] [dataiku.doctor.utils.listener] START -  Fitting model
[2020-07-03 23:43:49,444] [11811/MainThread] [INFO] [dataiku.doctor.prediction.common] Fitting model:
[2020-07-03 23:43:49,445] [11811/MainThread] [INFO] [dataiku.doctor.prediction.common]   Model is: LogisticRegression(C=10.0,
          class_weight={0: 0.7298245614035088, 1: 1.5877862595419847},
          dual=False, fit_intercept=True, intercept_scaling=1,
          max_iter=100, multi_class=u'ovr', n_jobs=None, penalty=u'l2',
          random_state=1337, solver='liblinear', tol=0.0001, verbose=0,
          warm_start=False)
[2020-07-03 23:43:49,445] [11811/MainThread] [INFO] [dataiku.doctor.prediction.common]   train_X class: <type 'numpy.ndarray'>
[2020-07-03 23:43:49,445] [11811/MainThread] [INFO] [dataiku.doctor.prediction.common]   train_X shape: (416, 8)
[2020-07-03 23:43:49,445] [11811/MainThread] [INFO] [dataiku.doctor.prediction.common]   train_y shape: (416,)
[2020-07-03 23:43:49,449] [11811/MainThread] [INFO] [dataiku.doctor.prediction.classification_fit] LR Params are {'warm_start': False, 'C': 10.0, 'n_jobs': None, 'verbose': 0, 'intercept_scaling': 1, 'fit_intercept': True, 'max_iter': 100, 'penalty': u'l2', 'multi_class': u'ovr', 'random_state': 1337, 'dual': False, 'tol': 0.0001, 'solver': 'liblinear', 'class_weight': {0: 0.7298245614035088, 1: 1.5877862595419847}} 
[2020-07-03 23:43:49,449] [11811/MainThread] [INFO] [dataiku.doctor.prediction.classification_fit] Output params are {'resolved': {'logit': {'penalty': u'l2', 'multi_class': u'ovr', 'C': 10.0}, 'skipExpensiveReports': False, 'algorithm': u'LOGISTIC_REGRESSION'}, 'other': {}}
[2020-07-03 23:43:49,449] [11811/MainThread] [INFO] [dataiku.doctor.utils.listener] END -  Fitting model
[2020-07-03 23:43:49,449] [11811/MainThread] [INFO] [dataiku.doctor.utils.listener] START -  Saving model
[2020-07-03 23:43:49,451] [11811/MainThread] [INFO] [dataiku.doctor.prediction_entrypoints] PICKLING LogisticRegression(C=10.0,
          class_weight={0: 0.7298245614035088, 1: 1.5877862595419847},
          dual=False, fit_intercept=True, intercept_scaling=1,
          max_iter=100, multi_class=u'ovr', n_jobs=None, penalty=u'l2',
          random_state=1337, solver='liblinear', tol=0.0001, verbose=0,
          warm_start=False)
[2020-07-03 23:43:49,453] [11811/MainThread] [INFO] [dataiku.doctor.utils.listener] END -  Saving model
[2020-07-03 23:43:49,453] [11811/MainThread] [INFO] [dataiku.doctor.utils.listener] START -  Scoring model
[2020-07-03 23:43:49,455] [11811/MainThread] [INFO] [dataiku.doctor.prediction.classification_scoring] Intrinsic scoring
[2020-07-03 23:43:49,455] [11811/MainThread] [INFO] [dataiku.doctor.prediction.classification_scoring] Computing regression coeffs
[2020-07-03 23:43:49,455] [11811/MainThread] [INFO] [dataiku.doctor.prediction.classification_scoring] FEATURES 8 CLF COEF 8
[2020-07-03 23:43:49,456] [11811/MainThread] [INFO] [dataiku.doctor.prediction.classification_scoring] CLF Intercept: [-0.0340802]
[2020-07-03 23:43:49,457] [11811/MainThread] [INFO] [dataiku.doctor.prediction.scoring_base] Coefs: [-0.0340802   0.23535933  0.11584128  0.54199031 -1.15447137 -1.41555697
  0.19234282  0.14348825  0.96677679]
[2020-07-03 23:43:49,457] [11811/MainThread] [INFO] [dataiku.doctor.prediction.scoring_base] Sample variance: 0.46742891333493747
[2020-07-03 23:43:49,461] [11811/MainThread] [INFO] [dataiku.doctor.prediction.scoring_base] Diagonal in information_matrix computation:   (0, 0)	0.22011427459698446
  (1, 1)	0.2138753476905468
  (2, 2)	0.23901541424424136
  (3, 3)	0.0321111372530143
  (4, 4)	0.23766647434992885
  (5, 5)	0.20528683525401772
  (6, 6)	0.2261545420045041
  (7, 7)	0.23163773461797177
  (8, 8)	0.22559736725792623
  (9, 9)	0.13869026583223668
  (10, 10)	0.04228846440083811
  (11, 11)	0.23030971170875741
  (12, 12)	0.04582107383073372
  (13, 13)	0.24102803701206346
  (14, 14)	0.04003147125887465
  (15, 15)	0.2253388146325192
  (16, 16)	0.21742298516138267
  (17, 17)	0.21699800666640692
  (18, 18)	0.21895565542842826
  (19, 19)	0.21945694336451657
  (20, 20)	0.2205103930816577
  (21, 21)	0.2397714935398954
  (22, 22)	0.23325158285513856
  (23, 23)	0.22941155240685543
  (24, 24)	0.2168919015772565
  :	:
  (391, 391)	0.22488265271801977
  (392, 392)	0.2147310257044154
  (393, 393)	0.22938050604846638
  (394, 394)	0.23221312292063523
  (395, 395)	0.19537332510850466
  (396, 396)	0.030355872775380557
  (397, 397)	0.23800781948939126
  (398, 398)	0.21242122982842293
  (399, 399)	0.024321541173572908
  (400, 400)	0.13958778043420944
  (401, 401)	0.24067958962119804
  (402, 402)	0.14127494391640796
  (403, 403)	0.2367123047096335
  (404, 404)	0.23213052257852396
  (405, 405)	0.23315463856294996
  (406, 406)	0.22131393650116737
  (407, 407)	0.22753962095735625
  (408, 408)	0.2367907222513179
  (409, 409)	0.23532948118071464
  (410, 410)	0.217830764979673
  (411, 411)	0.22058324922487996
  (412, 412)	0.14517258995436233
  (413, 413)	0.23916909762848057
  (414, 414)	0.2294580945956258
  (415, 415)	0.032905325328918086
[2020-07-03 23:43:49,472] [11811/MainThread] [INFO] [dataiku.doctor.prediction.scoring_base] information matrix (X^T*X or X^T*Diag*X) shape: (9, 9)
//Applications/DataScienceStudio.app/Contents/Resources/kit/python/dataiku/doctor/prediction/scoring_base.py:128: RuntimeWarning: invalid value encountered in sqrt
  logger.info("Coefficient standard errors: %s" % np.sqrt(cvm.diagonal()))
[2020-07-03 23:43:49,478] [11811/MainThread] [INFO] [dataiku.doctor.prediction.scoring_base] Coefficient standard errors: [[0.13733974        nan        nan 0.29998901 0.48369056 0.2349717
         nan 0.18922008 0.31586543]]
//Applications/DataScienceStudio.app/Contents/Resources/kit/python/dataiku/doctor/prediction/scoring_base.py:130: RuntimeWarning: invalid value encountered in sqrt
  se = np.sqrt(cvm.diagonal().A[0,1:]) # Remove the constant
//Applications/DataScienceStudio.app/Contents/Resources/kit/python.packages/scipy/stats/_distn_infrastructure.py:879: RuntimeWarning: invalid value encountered in greater
  return (self.a < x) & (x < self.b)
//Applications/DataScienceStudio.app/Contents/Resources/kit/python.packages/scipy/stats/_distn_infrastructure.py:879: RuntimeWarning: invalid value encountered in less
  return (self.a < x) & (x < self.b)
//Applications/DataScienceStudio.app/Contents/Resources/kit/python.packages/scipy/stats/_distn_infrastructure.py:1738: RuntimeWarning: invalid value encountered in greater_equal
  cond2 = (x >= self.b) & cond0
[2020-07-03 23:43:49,487] [11811/MainThread] [INFO] [dataiku.doctor.prediction.scoring_base] NaN found in pvalues
[2020-07-03 23:43:49,487] [11811/MainThread] [INFO] [dataiku.doctor.prediction.classification_scoring] V=TotalIncome i=0.23535932939429804
[2020-07-03 23:43:49,488] [11811/MainThread] [INFO] [dataiku.doctor.prediction.classification_scoring] V=CoapplicantIncome i=0.11584127705971771
[2020-07-03 23:43:49,488] [11811/MainThread] [INFO] [dataiku.doctor.prediction.classification_scoring] V=LoanAmount i=0.5419903149296664
[2020-07-03 23:43:49,488] [11811/MainThread] [INFO] [dataiku.doctor.prediction.classification_scoring] V=MonthlyLoan i=-1.1544713729152816
[2020-07-03 23:43:49,488] [11811/MainThread] [INFO] [dataiku.doctor.prediction.classification_scoring] V=MonthlyLoan_MonthTerm_Ratio i=-1.4155569683944407
[2020-07-03 23:43:49,488] [11811/MainThread] [INFO] [dataiku.doctor.prediction.classification_scoring] V=ApplicantIncome i=0.19234281568498027
[2020-07-03 23:43:49,488] [11811/MainThread] [INFO] [dataiku.doctor.prediction.classification_scoring] V=Loan_Amount_Term i=0.14348825366897933
[2020-07-03 23:43:49,488] [11811/MainThread] [INFO] [dataiku.doctor.prediction.classification_scoring] V=MonthlyLoan_Percentage i=0.9667767870189785
[2020-07-03 23:43:49,488] [11811/MainThread] [INFO] [dataiku.doctor.prediction.classification_scoring] Extracting rescalers
[2020-07-03 23:43:49,489] [11811/MainThread] [INFO] [dataiku.doctor.prediction.common] prepare multiframe shape=(113,8) tn=904 nnz=904 fill_ratio=1.00
[2020-07-03 23:43:49,489] [11811/MainThread] [INFO] [dataiku.doctor.prediction.common] too small, using array
[2020-07-03 23:43:49,490] [11811/MainThread] [INFO] [dataiku.doctor.prediction.classification_scoring] Probas raw shape 113/2 target_map=2
//Applications/DataScienceStudio.app/Contents/Resources/kit/python.packages/sklearn/metrics/classification.py:543: RuntimeWarning: invalid value encountered in double_scalars
  mcc = cov_ytyp / np.sqrt(cov_ytyt * cov_ypyp)
//Applications/DataScienceStudio.app/Contents/Resources/kit/python.packages/sklearn/metrics/classification.py:1143: UndefinedMetricWarning: F-score is ill-defined and being set to 0.0 due to no predicted samples.
  'precision', 'predicted', average, warn_for)
[2020-07-03 23:43:49,803] [11811/MainThread] [INFO] [dataiku.doctor.prediction.classification_scoring] Starting threshold optim
[2020-07-03 23:43:49,808] [11811/MainThread] [INFO] [dataiku.doctor.prediction.classification_scoring] AT CUT 0.000000 score 0.441379 (pred_true=113)
[2020-07-03 23:43:49,811] [11811/MainThread] [INFO] [dataiku.doctor.prediction.classification_scoring] AT CUT 0.025000 score 0.441379 (pred_true=113)
[2020-07-03 23:43:49,813] [11811/MainThread] [INFO] [dataiku.doctor.prediction.classification_scoring] AT CUT 0.050000 score 0.430556 (pred_true=112)
[2020-07-03 23:43:49,815] [11811/MainThread] [INFO] [dataiku.doctor.prediction.classification_scoring] AT CUT 0.075000 score 0.430556 (pred_true=112)
[2020-07-03 23:43:49,818] [11811/MainThread] [INFO] [dataiku.doctor.prediction.classification_scoring] AT CUT 0.100000 score 0.433566 (pred_true=111)
[2020-07-03 23:43:49,821] [11811/MainThread] [INFO] [dataiku.doctor.prediction.classification_scoring] AT CUT 0.125000 score 0.436620 (pred_true=110)
[2020-07-03 23:43:49,825] [11811/MainThread] [INFO] [dataiku.doctor.prediction.classification_scoring] AT CUT 0.150000 score 0.439716 (pred_true=109)
[2020-07-03 23:43:49,830] [11811/MainThread] [INFO] [dataiku.doctor.prediction.classification_scoring] AT CUT 0.175000 score 0.442857 (pred_true=108)
[2020-07-03 23:43:49,836] [11811/MainThread] [INFO] [dataiku.doctor.prediction.classification_scoring] AT CUT 0.200000 score 0.442857 (pred_true=108)
[2020-07-03 23:43:49,842] [11811/MainThread] [INFO] [dataiku.doctor.prediction.classification_scoring] AT CUT 0.225000 score 0.446043 (pred_true=107)
[2020-07-03 23:43:49,845] [11811/MainThread] [INFO] [dataiku.doctor.prediction.classification_scoring] AT CUT 0.250000 score 0.462687 (pred_true=102)
[2020-07-03 23:43:49,849] [11811/MainThread] [INFO] [dataiku.doctor.prediction.classification_scoring] AT CUT 0.275000 score 0.469697 (pred_true=100)
[2020-07-03 23:43:49,856] [11811/MainThread] [INFO] [dataiku.doctor.prediction.classification_scoring] AT CUT 0.300000 score 0.433333 (pred_true=88)
[2020-07-03 23:43:49,860] [11811/MainThread] [INFO] [dataiku.doctor.prediction.classification_scoring] AT CUT 0.325000 score 0.403509 (pred_true=82)
[2020-07-03 23:43:49,864] [11811/MainThread] [INFO] [dataiku.doctor.prediction.classification_scoring] AT CUT 0.350000 score 0.482759 (pred_true=55)
[2020-07-03 23:43:49,872] [11811/MainThread] [INFO] [dataiku.doctor.prediction.classification_scoring] AT CUT 0.375000 score 0.550725 (pred_true=37)
[2020-07-03 23:43:49,876] [11811/MainThread] [INFO] [dataiku.doctor.prediction.classification_scoring] AT CUT 0.400000 score 0.612903 (pred_true=30)
[2020-07-03 23:43:49,971] [11811/MainThread] [INFO] [dataiku.doctor.prediction.classification_scoring] AT CUT 0.425000 score 0.678571 (pred_true=24)
[2020-07-03 23:43:49,979] [11811/MainThread] [INFO] [dataiku.doctor.prediction.classification_scoring] AT CUT 0.450000 score 0.641509 (pred_true=21)
[2020-07-03 23:43:49,988] [11811/MainThread] [INFO] [dataiku.doctor.prediction.classification_scoring] AT CUT 0.475000 score 0.612245 (pred_true=17)
[2020-07-03 23:43:49,990] [11811/MainThread] [INFO] [dataiku.doctor.prediction.classification_scoring] AT CUT 0.500000 score 0.553191 (pred_true=15)
[2020-07-03 23:43:49,994] [11811/MainThread] [INFO] [dataiku.doctor.prediction.classification_scoring] AT CUT 0.525000 score 0.553191 (pred_true=15)
[2020-07-03 23:43:49,999] [11811/MainThread] [INFO] [dataiku.doctor.prediction.classification_scoring] AT CUT 0.550000 score 0.553191 (pred_true=15)
[2020-07-03 23:43:50,005] [11811/MainThread] [INFO] [dataiku.doctor.prediction.classification_scoring] AT CUT 0.575000 score 0.553191 (pred_true=15)
[2020-07-03 23:43:50,008] [11811/MainThread] [INFO] [dataiku.doctor.prediction.classification_scoring] AT CUT 0.600000 score 0.553191 (pred_true=15)
[2020-07-03 23:43:50,012] [11811/MainThread] [INFO] [dataiku.doctor.prediction.classification_scoring] AT CUT 0.625000 score 0.553191 (pred_true=15)
[2020-07-03 23:43:50,021] [11811/MainThread] [INFO] [dataiku.doctor.prediction.classification_scoring] AT CUT 0.650000 score 0.553191 (pred_true=15)
[2020-07-03 23:43:50,024] [11811/MainThread] [INFO] [dataiku.doctor.prediction.classification_scoring] AT CUT 0.675000 score 0.521739 (pred_true=14)
[2020-07-03 23:43:50,026] [11811/MainThread] [INFO] [dataiku.doctor.prediction.classification_scoring] AT CUT 0.700000 score 0.521739 (pred_true=14)
[2020-07-03 23:43:50,029] [11811/MainThread] [INFO] [dataiku.doctor.prediction.classification_scoring] AT CUT 0.725000 score 0.521739 (pred_true=14)
[2020-07-03 23:43:50,035] [11811/MainThread] [INFO] [dataiku.doctor.prediction.classification_scoring] AT CUT 0.750000 score 0.521739 (pred_true=14)
[2020-07-03 23:43:50,038] [11811/MainThread] [INFO] [dataiku.doctor.prediction.classification_scoring] AT CUT 0.775000 score 0.521739 (pred_true=14)
[2020-07-03 23:43:50,042] [11811/MainThread] [INFO] [dataiku.doctor.prediction.classification_scoring] AT CUT 0.800000 score 0.533333 (pred_true=13)
[2020-07-03 23:43:50,044] [11811/MainThread] [INFO] [dataiku.doctor.prediction.classification_scoring] AT CUT 0.825000 score 0.533333 (pred_true=13)
[2020-07-03 23:43:50,047] [11811/MainThread] [INFO] [dataiku.doctor.prediction.classification_scoring] AT CUT 0.850000 score 0.533333 (pred_true=13)
[2020-07-03 23:43:50,052] [11811/MainThread] [INFO] [dataiku.doctor.prediction.classification_scoring] AT CUT 0.875000 score 0.533333 (pred_true=13)
[2020-07-03 23:43:50,054] [11811/MainThread] [INFO] [dataiku.doctor.prediction.classification_scoring] AT CUT 0.900000 score 0.533333 (pred_true=13)
[2020-07-03 23:43:50,056] [11811/MainThread] [INFO] [dataiku.doctor.prediction.classification_scoring] AT CUT 0.925000 score 0.533333 (pred_true=13)
[2020-07-03 23:43:50,057] [11811/MainThread] [INFO] [dataiku.doctor.prediction.classification_scoring] AT CUT 0.950000 score 0.465116 (pred_true=11)
[2020-07-03 23:43:50,061] [11811/MainThread] [INFO] [dataiku.doctor.prediction.classification_scoring] AT CUT 0.975000 score 0.000000 (pred_true=0)
[2020-07-03 23:43:50,061] [11811/MainThread] [INFO] [dataiku.doctor.prediction.classification_scoring] Selected threshold 0.42500000000000004 
[2020-07-03 23:43:50,068] [11811/MainThread] [INFO] [dataiku.doctor.prediction.classification_scoring] preds 0      0
1      0
2      0
3      1
4      0
5      1
6      0
7      0
8      0
9      0
10     1
11     1
12     0
13     0
14     1
15     0
16     0
17     0
18     0
19     0
20     0
21     0
22     0
23     0
24     0
25     1
26     0
27     0
28     0
29     0
      ..
83     0
84     0
85     0
86     1
87     0
88     0
89     0
90     1
91     0
92     0
93     0
94     1
95     0
96     0
97     0
98     1
99     0
100    1
101    0
102    1
103    0
104    0
105    0
106    0
107    0
108    0
109    1
110    0
111    0
112    1
Name: predicted, Length: 113, dtype: int64
[2020-07-03 23:43:50,068] [11811/MainThread] [INFO] [dataiku.doctor.prediction.classification_scoring] MAPPED SHAPE 113
[2020-07-03 23:43:50,068] [11811/MainThread] [INFO] [dataiku.doctor.prediction.classification_scoring] k=Y v=0
[2020-07-03 23:43:50,070] [11811/MainThread] [INFO] [dataiku.doctor.prediction.classification_scoring] Mask data [ True  True  True False  True False  True  True  True  True False False
  True  True False  True  True  True  True  True  True  True  True  True
  True False  True  True  True  True  True  True  True  True  True False
  True  True  True  True  True False  True False False  True  True  True
  True  True  True  True  True  True  True  True  True  True  True  True
  True  True  True False  True False  True  True  True False  True False
  True  True  True  True False  True False  True  True  True  True  True
  True  True False  True  True  True False  True  True  True False  True
  True  True False  True False  True False  True  True  True  True  True
  True False  True  True False]
[2020-07-03 23:43:50,073] [11811/MainThread] [INFO] [dataiku.doctor.prediction.classification_scoring] mapped pred <type 'numpy.ndarray'>
[2020-07-03 23:43:50,075] [11811/MainThread] [INFO] [dataiku.doctor.prediction.classification_scoring] k=N v=1
[2020-07-03 23:43:50,076] [11811/MainThread] [INFO] [dataiku.doctor.prediction.classification_scoring] Mask data [False False False  True False  True False False False False  True  True
 False False  True False False False False False False False False False
 False  True False False False False False False False False False  True
 False False False False False  True False  True  True False False False
 False False False False False False False False False False False False
 False False False  True False  True False False False  True False  True
 False False False False  True False  True False False False False False
 False False  True False False False  True False False False  True False
 False False  True False  True False  True False False False False False
 False  True False False  True]
[2020-07-03 23:43:50,077] [11811/MainThread] [INFO] [dataiku.doctor.prediction.classification_scoring] mapped pred <type 'numpy.ndarray'>
[2020-07-03 23:43:50,077] [11811/MainThread] [INFO] [dataiku.doctor.prediction.classification_scoring] MAPPED PREDS [u'Y' u'Y' u'Y' u'N' u'Y' u'N' u'Y' u'Y' u'Y' u'Y' u'N' u'N' u'Y' u'Y'
 u'N' u'Y' u'Y' u'Y' u'Y' u'Y' u'Y' u'Y' u'Y' u'Y' u'Y' u'N' u'Y' u'Y'
 u'Y' u'Y' u'Y' u'Y' u'Y' u'Y' u'Y' u'N' u'Y' u'Y' u'Y' u'Y' u'Y' u'N'
 u'Y' u'N' u'N' u'Y' u'Y' u'Y' u'Y' u'Y' u'Y' u'Y' u'Y' u'Y' u'Y' u'Y'
 u'Y' u'Y' u'Y' u'Y' u'Y' u'Y' u'Y' u'N' u'Y' u'N' u'Y' u'Y' u'Y' u'N'
 u'Y' u'N' u'Y' u'Y' u'Y' u'Y' u'N' u'Y' u'N' u'Y' u'Y' u'Y' u'Y' u'Y'
 u'Y' u'Y' u'N' u'Y' u'Y' u'Y' u'N' u'Y' u'Y' u'Y' u'N' u'Y' u'Y' u'Y'
 u'N' u'Y' u'N' u'Y' u'N' u'Y' u'Y' u'Y' u'Y' u'Y' u'Y' u'N' u'Y' u'Y'
 u'N']
[2020-07-03 23:43:50,089] [11811/MainThread] [INFO] [dataiku.doctor.prediction.common] Total true rate = 32 / 113
[2020-07-03 23:43:50,089] [11811/MainThread] [INFO] [dataiku.doctor.prediction.common] Computing lift on first 45 rows
[2020-07-03 23:43:50,095] [11811/MainThread] [INFO] [dataiku.doctor.prediction.common] True rate on considered : 45 / 21
[2020-07-03 23:43:50,098] [11811/MainThread] [INFO] [dataiku.doctor.prediction.common] Lift = 1.647917
[2020-07-03 23:43:50,340] [11811/MainThread] [INFO] [dataiku.doctor.prediction.classification_scoring] Density for Y (id 0)
[2020-07-03 23:43:50,340] [11811/MainThread] [INFO] [dataiku.doctor.prediction.classification_scoring] valid_y shape = (113,)
[2020-07-03 23:43:50,340] [11811/MainThread] [INFO] [dataiku.doctor.prediction.classification_scoring] CP: <type 'numpy.ndarray'> ((113,))
[2020-07-03 23:43:50,340] [11811/MainThread] [INFO] [dataiku.doctor.prediction.classification_scoring] Actual shape = (113,)
[2020-07-03 23:43:50,340] [11811/MainThread] [INFO] [dataiku.doctor.prediction.classification_scoring] MASK is <type 'numpy.ndarray'> 
[2020-07-03 23:43:50,342] [11811/MainThread] [INFO] [dataiku.doctor.prediction.classification_scoring] Class proba [0.65586638 0.66041314 0.66113437 0.65426489 0.65646933 0.66742897
 0.65713863 0.62526132 0.67105742 0.65645651 0.88664525 0.71309574
 0.57998446 0.63949808 0.63888779 0.76992891 0.6462479  0.84488405
 0.54051676 0.6395163  0.79693122 0.87434117 0.75603759 0.70094745
 0.63278519 0.62233486 0.66817084 0.74272414 0.67853975 0.66906998
 0.62845536 0.70206302 0.66288759 0.67452974 0.20757415 0.65651204
 0.66492725 0.7031929  0.72943688 0.71051723 0.67053532 0.651941
 0.64044554 0.91955624 0.63556594 0.64775392 0.61370662 0.6304471
 0.666279   0.5948661  0.64337992 0.65618339 0.70454572 0.63439508
 0.65725692 0.66795002 0.64990368 0.72283156 0.61198295 0.60799128
 0.61458177 0.59905463 0.65118805 0.61087755 0.65669461 0.75201657
 0.03724697 0.68271481 0.59370282 0.66734852 0.76920457 0.64158587
 0.56507753 0.69530404 0.58728512 0.60434786 0.76268794 0.64169303
 0.66344872 0.59314491 0.54183449]
[2020-07-03 23:43:50,342] [11811/MainThread] [INFO] [dataiku.doctor.prediction.classification_scoring] Class proba shape (81,)
[2020-07-03 23:43:50,351] [11811/MainThread] [INFO] [dataiku.doctor.prediction.classification_scoring] Density for N (id 1)
[2020-07-03 23:43:50,351] [11811/MainThread] [INFO] [dataiku.doctor.prediction.classification_scoring] valid_y shape = (113,)
[2020-07-03 23:43:50,351] [11811/MainThread] [INFO] [dataiku.doctor.prediction.classification_scoring] CP: <type 'numpy.ndarray'> ((113,))
[2020-07-03 23:43:50,351] [11811/MainThread] [INFO] [dataiku.doctor.prediction.classification_scoring] Actual shape = (113,)
[2020-07-03 23:43:50,351] [11811/MainThread] [INFO] [dataiku.doctor.prediction.classification_scoring] MASK is <type 'numpy.ndarray'> 
[2020-07-03 23:43:50,353] [11811/MainThread] [INFO] [dataiku.doctor.prediction.classification_scoring] Class proba [0.49033617 0.96285885 0.32161509 0.92840449 0.93064715 0.36368399
 0.95544836 0.43466313 0.4611258  0.95576534 0.33534484 0.30453017
 0.28599287 0.28241536 0.28821888 0.327299   0.46839415 0.47799466
 0.95631227 0.97261602 0.95282612 0.96429388 0.30453017 0.42512608
 0.29301102 0.67084192 0.95653177 0.96356454 0.03966707 0.29979811
 0.36202409 0.96552122]
[2020-07-03 23:43:50,353] [11811/MainThread] [INFO] [dataiku.doctor.prediction.classification_scoring] Class proba shape (32,)
//Applications/DataScienceStudio.app/Contents/Resources/kit/python/dataiku/doctor/utils/calibration.py:34: RuntimeWarning: invalid value encountered in divide
  freq_pos = y_true[i_start:i_end].sum() / weight
//Applications/DataScienceStudio.app/Contents/Resources/kit/python/dataiku/doctor/utils/calibration.py:35: RuntimeWarning: invalid value encountered in double_scalars
  avg_pred = y_prob[i_start:i_end].sum() / weight
[2020-07-03 23:43:50,395] [11811/MainThread] [INFO] [dataiku.doctor.utils.listener] END -  Scoring model
[2020/07/03-23:43:50.396] [MRT-3238] [INFO] [dku.block.link.interaction]  - Check result for nullity exceptionIfNull=true result=not null
[2020/07/03-23:43:50.397] [MRT-3238] [INFO] [dku.analysis.prediction]  - Training returned ok
[2020/07/03-23:43:50.399] [MRT-3238] [INFO] [dku.ml.versioning]  - Dumping version info {"trainedWithDSSVersion":"7.0.1","trainedWithDSSConfVersion":"7000","trainedWithDSSBackend":"PY_MEMORY","backendCompatibilityVersion":18} in /Volumes/DATA/dss_home/analysis-data/LOADPREDICTION/LiAcHx5j/JwC1oBHL/sessions/s4/pp2/m1
[2020/07/03-23:43:50.422] [KNL-python-single-command-kernel-out-3249] [DEBUG] [process]  - StreamToLine: EOF (stream closed)
[2020/07/03-23:43:50.422] [KNL-python-single-command-kernel-err-3250] [DEBUG] [process]  - StreamToLine: EOF (stream closed)
[2020/07/03-23:43:50.437] [KNL-python-single-command-kernel-monitor-3245] [INFO] [dku.kernels]  - Process done with code 143
[2020/07/03-23:43:50.441] [KNL-python-single-command-kernel-monitor-3245] [INFO] [dip.tickets]  - Destroying API ticket for analysis-ml-LOADPREDICTION-5ZJsW4A on behalf of admin
[2020/07/03-23:43:55.316] [FT-TrainWorkThread-BQk0sZuw-3236] [INFO] [dku.analysis.ml.python] T-JwC1oBHL - Processing thread joined ...
[2020/07/03-23:43:55.317] [FT-TrainWorkThread-BQk0sZuw-3236] [INFO] [dku.analysis.ml.python] T-JwC1oBHL - Joining processing thread ...
[2020/07/03-23:43:55.319] [FT-TrainWorkThread-BQk0sZuw-3236] [INFO] [dku.analysis.ml.python] T-JwC1oBHL - Processing thread joined ...
[2020/07/03-23:43:55.321] [FT-TrainWorkThread-BQk0sZuw-3236] [INFO] [dku.analysis.prediction] T-JwC1oBHL - Train done
[2020/07/03-23:43:55.322] [FT-TrainWorkThread-BQk0sZuw-3236] [INFO] [dku.analysis.prediction] T-JwC1oBHL - Train done
[2020/07/03-23:43:55.396] [FT-TrainWorkThread-BQk0sZuw-3236] [INFO] [dku.analysis.prediction] T-JwC1oBHL - Publishing mltask-train-done reflected event
